2018.07.02 11:00 B C:\Users\redkey\Documents\Google Drive L\Internacionalizacion\css\materialize.css --> www.bluewolf.com.mx /public_html/Internacionalizacion/css materialize.css
2018.07.02 11:00 B C:\Users\redkey\Documents\Google Drive L\Internacionalizacion\css\materialize.min.css --> www.bluewolf.com.mx /public_html/Internacionalizacion/css materialize.min.css
2018.07.04 10:42 B C:\Users\redkey\Documents\Google Drive L\Internacionalizacion\css\materialize.css --> www.bluewolf.com.mx /public_html/Internacionalizacion/css materialize.css
2018.07.04 13:56 B C:\Users\redkey\Documents\Google Drive L\Internacionalizacion\css\materialize.css --> www.bluewolf.com.mx /public_html/Internacionalizacion/css materialize.css
2018.07.04 13:58 B C:\Users\redkey\Documents\Google Drive L\Internacionalizacion\css\materialize.css --> www.bluewolf.com.mx /public_html/Internacionalizacion/css materialize.css
2018.07.04 13:59 B C:\Users\redkey\Documents\Google Drive L\Internacionalizacion\css\materialize.css --> www.bluewolf.com.mx /public_html/Internacionalizacion/css materialize.css
2018.07.05 14:09 B C:\Users\redkey\Documents\Google Drive L\Internacionalizacion\css\materialize.css --> www.bluewolf.com.mx /public_html/Internacionalizacion/css materialize.css
2018.07.05 14:10 B C:\Users\redkey\Documents\Google Drive L\Internacionalizacion\css\materialize.css --> www.bluewolf.com.mx /public_html/Internacionalizacion/css materialize.css
2018.07.05 14:10 B C:\Users\redkey\Documents\Google Drive L\Internacionalizacion\css\materialize.css --> www.bluewolf.com.mx /public_html/Internacionalizacion/css materialize.css
2018.07.05 14:11 B C:\Users\redkey\Documents\Google Drive L\Internacionalizacion\css\materialize.css --> www.bluewolf.com.mx /public_html/Internacionalizacion/css materialize.css
2018.07.05 14:11 B C:\Users\redkey\Documents\Google Drive L\Internacionalizacion\css\materialize.css --> www.bluewolf.com.mx /public_html/Internacionalizacion/css materialize.css
2018.07.05 14:12 B C:\Users\redkey\Documents\Google Drive L\Internacionalizacion\css\materialize.css --> www.bluewolf.com.mx /public_html/Internacionalizacion/css materialize.css
2018.07.05 14:14 B C:\Users\redkey\Documents\Google Drive L\Internacionalizacion\css\materialize.css --> www.bluewolf.com.mx /public_html/Internacionalizacion/css materialize.css
2018.07.05 14:18 B C:\Users\redkey\Documents\Google Drive L\Internacionalizacion\css\materialize.css --> www.bluewolf.com.mx /public_html/Internacionalizacion/css materialize.css
2018.07.05 14:19 B C:\Users\redkey\Documents\Google Drive L\Internacionalizacion\css\materialize.css --> www.bluewolf.com.mx /public_html/Internacionalizacion/css materialize.css
2018.07.05 14:21 B C:\Users\redkey\Documents\Google Drive L\Internacionalizacion\css\materialize.css --> www.bluewolf.com.mx /public_html/Internacionalizacion/css materialize.css
2018.07.05 14:22 B C:\Users\redkey\Documents\Google Drive L\Internacionalizacion\css\materialize.css --> www.bluewolf.com.mx /public_html/Internacionalizacion/css materialize.css
2018.07.05 14:23 B C:\Users\redkey\Documents\Google Drive L\Internacionalizacion\css\materialize.css --> www.bluewolf.com.mx /public_html/Internacionalizacion/css materialize.css
2018.07.05 14:26 B C:\Users\redkey\Documents\Google Drive L\Internacionalizacion\css\materialize.css --> www.bluewolf.com.mx /public_html/Internacionalizacion/css materialize.css
2018.07.05 14:27 B C:\Users\redkey\Documents\Google Drive L\Internacionalizacion\css\materialize.css --> www.bluewolf.com.mx /public_html/Internacionalizacion/css materialize.css
2018.07.05 14:27 B C:\Users\redkey\Documents\Google Drive L\Internacionalizacion\css\materialize.css --> www.bluewolf.com.mx /public_html/Internacionalizacion/css materialize.css
2018.07.05 14:28 B C:\Users\redkey\Documents\Google Drive L\Internacionalizacion\css\materialize.css --> www.bluewolf.com.mx /public_html/Internacionalizacion/css materialize.css
2018.07.05 14:36 B C:\Users\redkey\Documents\Google Drive L\Internacionalizacion\css\materialize.css --> www.bluewolf.com.mx /public_html/Internacionalizacion/css materialize.css
2018.07.16 11:21 B C:\Users\redkey\Documents\Google Drive L\Internacionalizacion\css\materialize.css --> www.bluewolf.com.mx /public_html/testinter/css materialize.css
2018.07.16 11:21 B C:\Users\redkey\Documents\Google Drive L\Internacionalizacion\css\materialize.min.css --> www.bluewolf.com.mx /public_html/testinter/css materialize.min.css
2018.07.16 11:21 B C:\Users\redkey\Documents\Google Drive L\Internacionalizacion\css\WS_FTP.LOG --> www.bluewolf.com.mx /public_html/testinter/css WS_FTP.LOG
2018.08.02 12:03 B C:\Users\redkey\Documents\Google Drive L\Internacionalizacion\css\WS_FTP.LOG --> www.bluewolf.com.mx /public_html/Internacionalizacion/css WS_FTP.LOG
2018.08.02 12:03 B C:\Users\redkey\Documents\Google Drive L\Internacionalizacion\css\materialize.css --> www.bluewolf.com.mx /public_html/Internacionalizacion/css materialize.css
2018.08.02 12:04 B C:\Users\redkey\Documents\Google Drive L\Internacionalizacion\css\WS_FTP.LOG --> www.bluewolf.com.mx /public_html/Internacionalizacion/css WS_FTP.LOG
2018.09.04 10:53 B C:\Users\redkey\Documents\Repositorios\Relacion-Empresas\css\materialize.css --> www.bluewolf.com.mx /public_html/Relaciones/css materialize.css
2018.09.04 10:53 B C:\Users\redkey\Documents\Repositorios\Relacion-Empresas\css\materialize.min.css --> www.bluewolf.com.mx /public_html/Relaciones/css materialize.min.css
2018.09.04 10:53 B C:\Users\redkey\Documents\Repositorios\Relacion-Empresas\css\WS_FTP.LOG --> www.bluewolf.com.mx /public_html/Relaciones/css WS_FTP.LOG
