2018.07.11 11:22 B C:\Users\redkey\Documents\Google Drive L\admon\new\PHPExcel\Classes\PHPExcel\Shared\CodePage.php --> www.bluewolf.com.mx /public_html/admon/new/PHPExcel/Classes/PHPExcel/Shared CodePage.php
2018.07.11 11:22 B C:\Users\redkey\Documents\Google Drive L\admon\new\PHPExcel\Classes\PHPExcel\Shared\Date.php --> www.bluewolf.com.mx /public_html/admon/new/PHPExcel/Classes/PHPExcel/Shared Date.php
2018.07.11 11:22 B C:\Users\redkey\Documents\Google Drive L\admon\new\PHPExcel\Classes\PHPExcel\Shared\Drawing.php --> www.bluewolf.com.mx /public_html/admon/new/PHPExcel/Classes/PHPExcel/Shared Drawing.php
2018.07.11 11:22 B C:\Users\redkey\Documents\Google Drive L\admon\new\PHPExcel\Classes\PHPExcel\Shared\Escher.php --> www.bluewolf.com.mx /public_html/admon/new/PHPExcel/Classes/PHPExcel/Shared Escher.php
2018.07.11 11:22 B C:\Users\redkey\Documents\Google Drive L\admon\new\PHPExcel\Classes\PHPExcel\Shared\Excel5.php --> www.bluewolf.com.mx /public_html/admon/new/PHPExcel/Classes/PHPExcel/Shared Excel5.php
2018.07.11 11:22 B C:\Users\redkey\Documents\Google Drive L\admon\new\PHPExcel\Classes\PHPExcel\Shared\File.php --> www.bluewolf.com.mx /public_html/admon/new/PHPExcel/Classes/PHPExcel/Shared File.php
2018.07.11 11:22 B C:\Users\redkey\Documents\Google Drive L\admon\new\PHPExcel\Classes\PHPExcel\Shared\Font.php --> www.bluewolf.com.mx /public_html/admon/new/PHPExcel/Classes/PHPExcel/Shared Font.php
2018.07.11 11:22 B C:\Users\redkey\Documents\Google Drive L\admon\new\PHPExcel\Classes\PHPExcel\Shared\OLE.php --> www.bluewolf.com.mx /public_html/admon/new/PHPExcel/Classes/PHPExcel/Shared OLE.php
2018.07.11 11:22 B C:\Users\redkey\Documents\Google Drive L\admon\new\PHPExcel\Classes\PHPExcel\Shared\OLERead.php --> www.bluewolf.com.mx /public_html/admon/new/PHPExcel/Classes/PHPExcel/Shared OLERead.php
2018.07.11 11:22 B C:\Users\redkey\Documents\Google Drive L\admon\new\PHPExcel\Classes\PHPExcel\Shared\PasswordHasher.php --> www.bluewolf.com.mx /public_html/admon/new/PHPExcel/Classes/PHPExcel/Shared PasswordHasher.php
2018.07.11 11:22 B C:\Users\redkey\Documents\Google Drive L\admon\new\PHPExcel\Classes\PHPExcel\Shared\String.php --> www.bluewolf.com.mx /public_html/admon/new/PHPExcel/Classes/PHPExcel/Shared String.php
2018.07.11 11:22 B C:\Users\redkey\Documents\Google Drive L\admon\new\PHPExcel\Classes\PHPExcel\Shared\TimeZone.php --> www.bluewolf.com.mx /public_html/admon/new/PHPExcel/Classes/PHPExcel/Shared TimeZone.php
2018.07.11 11:22 B C:\Users\redkey\Documents\Google Drive L\admon\new\PHPExcel\Classes\PHPExcel\Shared\XMLWriter.php --> www.bluewolf.com.mx /public_html/admon/new/PHPExcel/Classes/PHPExcel/Shared XMLWriter.php
2018.07.11 11:22 B C:\Users\redkey\Documents\Google Drive L\admon\new\PHPExcel\Classes\PHPExcel\Shared\ZipArchive.php --> www.bluewolf.com.mx /public_html/admon/new/PHPExcel/Classes/PHPExcel/Shared ZipArchive.php
2018.07.11 11:22 B C:\Users\redkey\Documents\Google Drive L\admon\new\PHPExcel\Classes\PHPExcel\Shared\ZipStreamWrapper.php --> www.bluewolf.com.mx /public_html/admon/new/PHPExcel/Classes/PHPExcel/Shared ZipStreamWrapper.php
2018.09.13 15:55 B C:\Users\redkey\Documents\Repositorios\Relacion-Empresas\PHPExcel\Classes\PHPExcel\Shared\WS_FTP.LOG --> www.bluewolf.com.mx /public_html/Relaciones/PHPExcel/Classes/PHPExcel/Shared WS_FTP.LOG
2018.09.13 15:55 B C:\Users\redkey\Documents\Repositorios\Relacion-Empresas\PHPExcel\Classes\PHPExcel\Shared\ZipStreamWrapper.php --> www.bluewolf.com.mx /public_html/Relaciones/PHPExcel/Classes/PHPExcel/Shared ZipStreamWrapper.php
2018.09.13 15:55 B C:\Users\redkey\Documents\Repositorios\Relacion-Empresas\PHPExcel\Classes\PHPExcel\Shared\ZipArchive.php --> www.bluewolf.com.mx /public_html/Relaciones/PHPExcel/Classes/PHPExcel/Shared ZipArchive.php
2018.09.13 15:55 B C:\Users\redkey\Documents\Repositorios\Relacion-Empresas\PHPExcel\Classes\PHPExcel\Shared\XMLWriter.php --> www.bluewolf.com.mx /public_html/Relaciones/PHPExcel/Classes/PHPExcel/Shared XMLWriter.php
2018.09.13 15:55 B C:\Users\redkey\Documents\Repositorios\Relacion-Empresas\PHPExcel\Classes\PHPExcel\Shared\TimeZone.php --> www.bluewolf.com.mx /public_html/Relaciones/PHPExcel/Classes/PHPExcel/Shared TimeZone.php
2018.09.13 15:55 B C:\Users\redkey\Documents\Repositorios\Relacion-Empresas\PHPExcel\Classes\PHPExcel\Shared\String.php --> www.bluewolf.com.mx /public_html/Relaciones/PHPExcel/Classes/PHPExcel/Shared String.php
2018.09.13 15:55 B C:\Users\redkey\Documents\Repositorios\Relacion-Empresas\PHPExcel\Classes\PHPExcel\Shared\PasswordHasher.php --> www.bluewolf.com.mx /public_html/Relaciones/PHPExcel/Classes/PHPExcel/Shared PasswordHasher.php
2018.09.13 15:55 B C:\Users\redkey\Documents\Repositorios\Relacion-Empresas\PHPExcel\Classes\PHPExcel\Shared\OLERead.php --> www.bluewolf.com.mx /public_html/Relaciones/PHPExcel/Classes/PHPExcel/Shared OLERead.php
2018.09.13 15:55 B C:\Users\redkey\Documents\Repositorios\Relacion-Empresas\PHPExcel\Classes\PHPExcel\Shared\OLE.php --> www.bluewolf.com.mx /public_html/Relaciones/PHPExcel/Classes/PHPExcel/Shared OLE.php
2018.09.13 15:55 B C:\Users\redkey\Documents\Repositorios\Relacion-Empresas\PHPExcel\Classes\PHPExcel\Shared\Font.php --> www.bluewolf.com.mx /public_html/Relaciones/PHPExcel/Classes/PHPExcel/Shared Font.php
2018.09.13 15:55 B C:\Users\redkey\Documents\Repositorios\Relacion-Empresas\PHPExcel\Classes\PHPExcel\Shared\File.php --> www.bluewolf.com.mx /public_html/Relaciones/PHPExcel/Classes/PHPExcel/Shared File.php
2018.09.13 15:55 B C:\Users\redkey\Documents\Repositorios\Relacion-Empresas\PHPExcel\Classes\PHPExcel\Shared\Excel5.php --> www.bluewolf.com.mx /public_html/Relaciones/PHPExcel/Classes/PHPExcel/Shared Excel5.php
2018.09.13 15:55 B C:\Users\redkey\Documents\Repositorios\Relacion-Empresas\PHPExcel\Classes\PHPExcel\Shared\Escher.php --> www.bluewolf.com.mx /public_html/Relaciones/PHPExcel/Classes/PHPExcel/Shared Escher.php
2018.09.13 15:55 B C:\Users\redkey\Documents\Repositorios\Relacion-Empresas\PHPExcel\Classes\PHPExcel\Shared\Drawing.php --> www.bluewolf.com.mx /public_html/Relaciones/PHPExcel/Classes/PHPExcel/Shared Drawing.php
2018.09.13 15:55 B C:\Users\redkey\Documents\Repositorios\Relacion-Empresas\PHPExcel\Classes\PHPExcel\Shared\Date.php --> www.bluewolf.com.mx /public_html/Relaciones/PHPExcel/Classes/PHPExcel/Shared Date.php
2018.09.13 15:55 B C:\Users\redkey\Documents\Repositorios\Relacion-Empresas\PHPExcel\Classes\PHPExcel\Shared\CodePage.php --> www.bluewolf.com.mx /public_html/Relaciones/PHPExcel/Classes/PHPExcel/Shared CodePage.php
