2018.07.02 11:01 B C:\Users\redkey\Documents\Google Drive L\Internacionalizacion\js\controllers.js --> www.bluewolf.com.mx /public_html/Internacionalizacion/js controllers.js
2018.07.02 11:01 B C:\Users\redkey\Documents\Google Drive L\Internacionalizacion\js\initialize.js --> www.bluewolf.com.mx /public_html/Internacionalizacion/js initialize.js
2018.07.02 11:01 B C:\Users\redkey\Documents\Google Drive L\Internacionalizacion\js\materialize.js --> www.bluewolf.com.mx /public_html/Internacionalizacion/js materialize.js
2018.07.02 11:01 B C:\Users\redkey\Documents\Google Drive L\Internacionalizacion\js\materialize.min.js --> www.bluewolf.com.mx /public_html/Internacionalizacion/js materialize.min.js
2018.07.02 11:16 B C:\Users\redkey\Documents\Google Drive L\Internacionalizacion\js\initialize.js --> www.bluewolf.com.mx /public_html/Internacionalizacion/js initialize.js
2018.07.02 14:07 B C:\Users\redkey\Documents\Google Drive L\Internacionalizacion\js\guardar.js --> www.bluewolf.com.mx /public_html/Internacionalizacion/js guardar.js
2018.07.02 14:09 B C:\Users\redkey\Documents\Google Drive L\Internacionalizacion\js\guardar.js --> www.bluewolf.com.mx /public_html/Internacionalizacion/js guardar.js
2018.07.02 14:16 B C:\Users\redkey\Documents\Google Drive L\Internacionalizacion\js\guardar.js --> www.bluewolf.com.mx /public_html/Internacionalizacion/js guardar.js
2018.07.02 14:18 B C:\Users\redkey\Documents\Google Drive L\Internacionalizacion\js\guardar.js --> www.bluewolf.com.mx /public_html/Internacionalizacion/js guardar.js
2018.07.02 14:20 B C:\Users\redkey\Documents\Google Drive L\Internacionalizacion\js\guardar.js --> www.bluewolf.com.mx /public_html/Internacionalizacion/js guardar.js
2018.07.02 14:21 B C:\Users\redkey\Documents\Google Drive L\Internacionalizacion\js\guardar.js --> www.bluewolf.com.mx /public_html/Internacionalizacion/js guardar.js
2018.07.02 14:23 B C:\Users\redkey\Documents\Google Drive L\Internacionalizacion\js\guardar.js --> www.bluewolf.com.mx /public_html/Internacionalizacion/js guardar.js
2018.07.02 14:24 B C:\Users\redkey\Documents\Google Drive L\Internacionalizacion\js\guardar.js --> www.bluewolf.com.mx /public_html/Internacionalizacion/js guardar.js
2018.07.02 14:25 B C:\Users\redkey\Documents\Google Drive L\Internacionalizacion\js\guardar.js --> www.bluewolf.com.mx /public_html/Internacionalizacion/js guardar.js
2018.07.02 14:41 B C:\Users\redkey\Documents\Google Drive L\Internacionalizacion\js\guardar.js --> www.bluewolf.com.mx /public_html/Internacionalizacion/js guardar.js
2018.07.02 14:47 B C:\Users\redkey\Documents\Google Drive L\Internacionalizacion\js\guardar.js --> www.bluewolf.com.mx /public_html/Internacionalizacion/js guardar.js
2018.07.02 14:55 B C:\Users\redkey\Documents\Google Drive L\Internacionalizacion\js\guardar.js --> www.bluewolf.com.mx /public_html/Internacionalizacion/js guardar.js
2018.07.02 14:57 B C:\Users\redkey\Documents\Google Drive L\Internacionalizacion\js\guardar.js --> www.bluewolf.com.mx /public_html/Internacionalizacion/js guardar.js
2018.07.02 14:58 B C:\Users\redkey\Documents\Google Drive L\Internacionalizacion\js\guardar.js --> www.bluewolf.com.mx /public_html/Internacionalizacion/js guardar.js
2018.07.02 15:01 B C:\Users\redkey\Documents\Google Drive L\Internacionalizacion\js\guardar.js --> www.bluewolf.com.mx /public_html/Internacionalizacion/js guardar.js
2018.07.02 15:02 B C:\Users\redkey\Documents\Google Drive L\Internacionalizacion\js\guardar.js --> www.bluewolf.com.mx /public_html/Internacionalizacion/js guardar.js
2018.07.02 15:03 B C:\Users\redkey\Documents\Google Drive L\Internacionalizacion\js\guardar.js --> www.bluewolf.com.mx /public_html/Internacionalizacion/js guardar.js
2018.07.02 15:06 B C:\Users\redkey\Documents\Google Drive L\Internacionalizacion\js\guardar.js --> www.bluewolf.com.mx /public_html/Internacionalizacion/js guardar.js
2018.07.02 15:07 B C:\Users\redkey\Documents\Google Drive L\Internacionalizacion\js\guardar.js --> www.bluewolf.com.mx /public_html/Internacionalizacion/js guardar.js
2018.07.02 15:12 B C:\Users\redkey\Documents\Google Drive L\Internacionalizacion\js\guardar.js --> www.bluewolf.com.mx /public_html/Internacionalizacion/js guardar.js
2018.07.02 15:13 B C:\Users\redkey\Documents\Google Drive L\Internacionalizacion\js\guardar.js --> www.bluewolf.com.mx /public_html/Internacionalizacion/js guardar.js
2018.07.02 15:16 B C:\Users\redkey\Documents\Google Drive L\Internacionalizacion\js\guardar.js --> www.bluewolf.com.mx /public_html/Internacionalizacion/js guardar.js
2018.07.02 15:17 B C:\Users\redkey\Documents\Google Drive L\Internacionalizacion\js\guardar.js --> www.bluewolf.com.mx /public_html/Internacionalizacion/js guardar.js
2018.07.02 15:19 B C:\Users\redkey\Documents\Google Drive L\Internacionalizacion\js\guardar.js --> www.bluewolf.com.mx /public_html/Internacionalizacion/js guardar.js
2018.07.02 15:21 B C:\Users\redkey\Documents\Google Drive L\Internacionalizacion\js\guardar.js --> www.bluewolf.com.mx /public_html/Internacionalizacion/js guardar.js
2018.07.02 15:22 B C:\Users\redkey\Documents\Google Drive L\Internacionalizacion\js\guardar.js --> www.bluewolf.com.mx /public_html/Internacionalizacion/js guardar.js
2018.07.02 15:41 B C:\Users\redkey\Documents\Google Drive L\Internacionalizacion\js\guardar.js --> www.bluewolf.com.mx /public_html/Internacionalizacion/js guardar.js
2018.07.02 15:47 B C:\Users\redkey\Documents\Google Drive L\Internacionalizacion\js\guardar.js --> www.bluewolf.com.mx /public_html/Internacionalizacion/js guardar.js
2018.07.02 15:50 B C:\Users\redkey\Documents\Google Drive L\Internacionalizacion\js\guardar.js --> www.bluewolf.com.mx /public_html/Internacionalizacion/js guardar.js
2018.07.02 15:57 B C:\Users\redkey\Documents\Google Drive L\Internacionalizacion\js\guardar.js --> www.bluewolf.com.mx /public_html/Internacionalizacion/js guardar.js
2018.07.02 15:57 B C:\Users\redkey\Documents\Google Drive L\Internacionalizacion\js\guardar.js --> www.bluewolf.com.mx /public_html/Internacionalizacion/js guardar.js
2018.07.02 16:00 B C:\Users\redkey\Documents\Google Drive L\Internacionalizacion\js\guardar.js --> www.bluewolf.com.mx /public_html/Internacionalizacion/js guardar.js
2018.07.02 16:03 B C:\Users\redkey\Documents\Google Drive L\Internacionalizacion\js\guardar.js --> www.bluewolf.com.mx /public_html/Internacionalizacion/js guardar.js
2018.07.02 16:12 B C:\Users\redkey\Documents\Google Drive L\Internacionalizacion\js\guardar.js --> www.bluewolf.com.mx /public_html/Internacionalizacion/js guardar.js
2018.07.02 16:15 B C:\Users\redkey\Documents\Google Drive L\Internacionalizacion\js\guardar.js --> www.bluewolf.com.mx /public_html/Internacionalizacion/js guardar.js
2018.07.02 16:16 B C:\Users\redkey\Documents\Google Drive L\Internacionalizacion\js\guardar.js --> www.bluewolf.com.mx /public_html/Internacionalizacion/js guardar.js
2018.07.02 16:17 B C:\Users\redkey\Documents\Google Drive L\Internacionalizacion\js\guardar.js --> www.bluewolf.com.mx /public_html/Internacionalizacion/js guardar.js
2018.07.02 16:20 B C:\Users\redkey\Documents\Google Drive L\Internacionalizacion\js\guardar.js --> www.bluewolf.com.mx /public_html/Internacionalizacion/js guardar.js
2018.07.02 16:28 B C:\Users\redkey\Documents\Google Drive L\Internacionalizacion\js\initialize.js --> www.bluewolf.com.mx /public_html/Internacionalizacion/js initialize.js
2018.07.02 16:30 B C:\Users\redkey\Documents\Google Drive L\Internacionalizacion\js\initialize.js --> www.bluewolf.com.mx /public_html/Internacionalizacion/js initialize.js
2018.07.02 16:30 B C:\Users\redkey\Documents\Google Drive L\Internacionalizacion\js\initialize.js --> www.bluewolf.com.mx /public_html/Internacionalizacion/js initialize.js
2018.07.02 16:31 B C:\Users\redkey\Documents\Google Drive L\Internacionalizacion\js\initialize.js --> www.bluewolf.com.mx /public_html/Internacionalizacion/js initialize.js
2018.07.02 16:32 B C:\Users\redkey\Documents\Google Drive L\Internacionalizacion\js\initialize.js --> www.bluewolf.com.mx /public_html/Internacionalizacion/js initialize.js
2018.07.02 16:34 B C:\Users\redkey\Documents\Google Drive L\Internacionalizacion\js\initialize.js --> www.bluewolf.com.mx /public_html/Internacionalizacion/js initialize.js
2018.07.02 17:03 B C:\Users\redkey\Documents\Google Drive L\Internacionalizacion\js\guardar.js --> www.bluewolf.com.mx /public_html/Internacionalizacion/js guardar.js
2018.07.02 17:04 B C:\Users\redkey\Documents\Google Drive L\Internacionalizacion\js\guardar.js --> www.bluewolf.com.mx /public_html/Internacionalizacion/js guardar.js
2018.07.02 17:05 B C:\Users\redkey\Documents\Google Drive L\Internacionalizacion\js\guardar.js --> www.bluewolf.com.mx /public_html/Internacionalizacion/js guardar.js
2018.07.02 17:06 B C:\Users\redkey\Documents\Google Drive L\Internacionalizacion\js\guardar.js --> www.bluewolf.com.mx /public_html/Internacionalizacion/js guardar.js
2018.07.02 17:06 B C:\Users\redkey\Documents\Google Drive L\Internacionalizacion\js\guardar.js --> www.bluewolf.com.mx /public_html/Internacionalizacion/js guardar.js
2018.07.02 17:12 B C:\Users\redkey\Documents\Google Drive L\Internacionalizacion\js\guardar.js --> www.bluewolf.com.mx /public_html/Internacionalizacion/js guardar.js
2018.07.02 17:13 B C:\Users\redkey\Documents\Google Drive L\Internacionalizacion\js\guardar.js --> www.bluewolf.com.mx /public_html/Internacionalizacion/js guardar.js
2018.07.02 17:15 B C:\Users\redkey\Documents\Google Drive L\Internacionalizacion\js\guardar.js --> www.bluewolf.com.mx /public_html/Internacionalizacion/js guardar.js
2018.07.02 17:15 B C:\Users\redkey\Documents\Google Drive L\Internacionalizacion\js\guardar.js --> www.bluewolf.com.mx /public_html/Internacionalizacion/js guardar.js
2018.07.02 17:23 B C:\Users\redkey\Documents\Google Drive L\Internacionalizacion\js\guardar.js --> www.bluewolf.com.mx /public_html/Internacionalizacion/js guardar.js
2018.07.02 17:27 B C:\Users\redkey\Documents\Google Drive L\Internacionalizacion\js\initialize.js --> www.bluewolf.com.mx /public_html/Internacionalizacion/js initialize.js
2018.07.02 17:30 B C:\Users\redkey\Documents\Google Drive L\Internacionalizacion\js\guardar.js --> www.bluewolf.com.mx /public_html/Internacionalizacion/js guardar.js
2018.07.02 17:52 B C:\Users\redkey\Documents\Google Drive L\Internacionalizacion\js\guardar.js --> www.bluewolf.com.mx /public_html/Internacionalizacion/js guardar.js
2018.07.02 18:05 B C:\Users\redkey\Documents\Google Drive L\Internacionalizacion\js\guardar.js --> www.bluewolf.com.mx /public_html/Internacionalizacion/js guardar.js
2018.07.02 18:06 B C:\Users\redkey\Documents\Google Drive L\Internacionalizacion\js\guardar.js --> www.bluewolf.com.mx /public_html/Internacionalizacion/js guardar.js
2018.07.02 18:08 B C:\Users\redkey\Documents\Google Drive L\Internacionalizacion\js\guardar.js --> www.bluewolf.com.mx /public_html/Internacionalizacion/js guardar.js
2018.07.02 21:19 B C:\Users\redkey\Documents\Google Drive L\Internacionalizacion\js\guardar.js --> www.bluewolf.com.mx /public_html/Internacionalizacion/js guardar.js
2018.07.02 21:27 B C:\Users\redkey\Documents\Google Drive L\Internacionalizacion\js\guardar.js --> www.bluewolf.com.mx /public_html/Internacionalizacion/js guardar.js
2018.07.02 21:30 B C:\Users\redkey\Documents\Google Drive L\Internacionalizacion\js\guardar.js --> www.bluewolf.com.mx /public_html/Internacionalizacion/js guardar.js
2018.07.02 21:33 B C:\Users\redkey\Documents\Google Drive L\Internacionalizacion\js\guardar.js --> www.bluewolf.com.mx /public_html/Internacionalizacion/js guardar.js
2018.07.02 21:49 B C:\Users\redkey\Documents\Google Drive L\Internacionalizacion\js\guardar.js --> www.bluewolf.com.mx /public_html/Internacionalizacion/js guardar.js
2018.07.02 21:49 B C:\Users\redkey\Documents\Google Drive L\Internacionalizacion\js\guardar.js --> www.bluewolf.com.mx /public_html/Internacionalizacion/js guardar.js
2018.07.02 21:54 B C:\Users\redkey\Documents\Google Drive L\Internacionalizacion\js\guardar.js --> www.bluewolf.com.mx /public_html/Internacionalizacion/js guardar.js
2018.07.02 21:58 B C:\Users\redkey\Documents\Google Drive L\Internacionalizacion\js\guardar.js --> www.bluewolf.com.mx /public_html/Internacionalizacion/js guardar.js
2018.07.02 21:59 B C:\Users\redkey\Documents\Google Drive L\Internacionalizacion\js\guardar.js --> www.bluewolf.com.mx /public_html/Internacionalizacion/js guardar.js
2018.07.03 21:29 B C:\Users\redkey\Documents\Google Drive L\Internacionalizacion\js\guardar.js --> www.bluewolf.com.mx /public_html/Internacionalizacion/js guardar.js
2018.07.03 22:20 B C:\Users\redkey\Documents\Google Drive L\Internacionalizacion\js\guardar.js --> www.bluewolf.com.mx /public_html/Internacionalizacion/js guardar.js
2018.07.03 22:26 B C:\Users\redkey\Documents\Google Drive L\Internacionalizacion\js\guardar.js --> www.bluewolf.com.mx /public_html/Internacionalizacion/js guardar.js
2018.07.03 22:28 B C:\Users\redkey\Documents\Google Drive L\Internacionalizacion\js\guardar.js --> www.bluewolf.com.mx /public_html/Internacionalizacion/js guardar.js
2018.07.03 22:30 B C:\Users\redkey\Documents\Google Drive L\Internacionalizacion\js\guardar.js --> www.bluewolf.com.mx /public_html/Internacionalizacion/js guardar.js
2018.07.03 22:53 B C:\Users\redkey\Documents\Google Drive L\Internacionalizacion\js\guardar.js --> www.bluewolf.com.mx /public_html/Internacionalizacion/js guardar.js
2018.07.03 22:57 B C:\Users\redkey\Documents\Google Drive L\Internacionalizacion\js\guardar.js --> www.bluewolf.com.mx /public_html/Internacionalizacion/js guardar.js
2018.07.03 22:59 B C:\Users\redkey\Documents\Google Drive L\Internacionalizacion\js\guardar.js --> www.bluewolf.com.mx /public_html/Internacionalizacion/js guardar.js
2018.07.04 13:43 B C:\Users\redkey\Documents\Google Drive L\Internacionalizacion\js\guardar.js --> www.bluewolf.com.mx /public_html/Internacionalizacion/js guardar.js
2018.07.04 14:57 B C:\Users\redkey\Documents\Google Drive L\Internacionalizacion\js\guardar.js --> www.bluewolf.com.mx /public_html/Internacionalizacion/js guardar.js
2018.07.04 15:54 B C:\Users\redkey\Documents\Google Drive L\Internacionalizacion\js\guardar.js --> www.bluewolf.com.mx /public_html/Internacionalizacion/js guardar.js
2018.07.04 16:50 B C:\Users\redkey\Documents\Google Drive L\Internacionalizacion\js\guardar.js --> www.bluewolf.com.mx /public_html/Internacionalizacion/js guardar.js
2018.07.04 16:56 B C:\Users\redkey\Documents\Google Drive L\Internacionalizacion\js\guardar.js --> www.bluewolf.com.mx /public_html/Internacionalizacion/js guardar.js
2018.07.04 16:58 B C:\Users\redkey\Documents\Google Drive L\Internacionalizacion\js\guardar.js --> www.bluewolf.com.mx /public_html/Internacionalizacion/js guardar.js
2018.07.04 17:00 B C:\Users\redkey\Documents\Google Drive L\Internacionalizacion\js\guardar.js --> www.bluewolf.com.mx /public_html/Internacionalizacion/js guardar.js
2018.07.04 17:05 B C:\Users\redkey\Documents\Google Drive L\Internacionalizacion\js\guardar.js --> www.bluewolf.com.mx /public_html/Internacionalizacion/js guardar.js
2018.07.04 17:06 B C:\Users\redkey\Documents\Google Drive L\Internacionalizacion\js\guardar.js --> www.bluewolf.com.mx /public_html/Internacionalizacion/js guardar.js
2018.07.04 17:40 B C:\Users\redkey\Documents\Google Drive L\Internacionalizacion\js\guardar.js --> www.bluewolf.com.mx /public_html/Internacionalizacion/js guardar.js
2018.07.04 17:55 B C:\Users\redkey\Documents\Google Drive L\Internacionalizacion\js\guardar.js --> www.bluewolf.com.mx /public_html/Internacionalizacion/js guardar.js
2018.07.05 12:24 B C:\Users\redkey\Documents\Google Drive L\Internacionalizacion\js\guardar.js --> www.bluewolf.com.mx /public_html/Internacionalizacion/js guardar.js
2018.07.05 12:29 B C:\Users\redkey\Documents\Google Drive L\Internacionalizacion\js\guardar.js --> www.bluewolf.com.mx /public_html/Internacionalizacion/js guardar.js
2018.07.05 12:37 B C:\Users\redkey\Documents\Google Drive L\Internacionalizacion\js\guardar.js --> www.bluewolf.com.mx /public_html/Internacionalizacion/js guardar.js
2018.07.09 14:30 B C:\Users\redkey\Documents\Google Drive L\Internacionalizacion\js\guardar.js --> www.bluewolf.com.mx /public_html/Internacionalizacion/js guardar.js
2018.07.09 14:37 B C:\Users\redkey\Documents\Google Drive L\Internacionalizacion\js\guardar.js --> www.bluewolf.com.mx /public_html/Internacionalizacion/js guardar.js
2018.07.10 12:24 B C:\Users\redkey\Documents\Google Drive L\Internacionalizacion\js\guardar.js --> www.bluewolf.com.mx /public_html/Internacionalizacion/js guardar.js
2018.07.10 12:26 B C:\Users\redkey\Documents\Google Drive L\Internacionalizacion\js\guardar.js --> www.bluewolf.com.mx /public_html/Internacionalizacion/js guardar.js
2018.07.10 12:28 B C:\Users\redkey\Documents\Google Drive L\Internacionalizacion\js\guardar.js --> www.bluewolf.com.mx /public_html/Internacionalizacion/js guardar.js
2018.07.10 12:28 B C:\Users\redkey\Documents\Google Drive L\Internacionalizacion\js\guardar.js --> www.bluewolf.com.mx /public_html/Internacionalizacion/js guardar.js
2018.07.10 12:40 B C:\Users\redkey\Documents\Google Drive L\Internacionalizacion\js\guardar.js --> www.bluewolf.com.mx /public_html/Internacionalizacion/js guardar.js
2018.07.10 12:45 B C:\Users\redkey\Documents\Google Drive L\Internacionalizacion\js\guardar.js --> www.bluewolf.com.mx /public_html/Internacionalizacion/js guardar.js
2018.07.16 11:22 B C:\Users\redkey\Documents\Google Drive L\Internacionalizacion\js\controllers.js --> www.bluewolf.com.mx /public_html/testinter/js controllers.js
2018.07.16 11:22 B C:\Users\redkey\Documents\Google Drive L\Internacionalizacion\js\guardar.js --> www.bluewolf.com.mx /public_html/testinter/js guardar.js
2018.07.16 11:22 B C:\Users\redkey\Documents\Google Drive L\Internacionalizacion\js\initialize.js --> www.bluewolf.com.mx /public_html/testinter/js initialize.js
2018.07.16 11:22 B C:\Users\redkey\Documents\Google Drive L\Internacionalizacion\js\materialize.js --> www.bluewolf.com.mx /public_html/testinter/js materialize.js
2018.07.16 11:22 B C:\Users\redkey\Documents\Google Drive L\Internacionalizacion\js\materialize.min.js --> www.bluewolf.com.mx /public_html/testinter/js materialize.min.js
2018.07.16 11:22 B C:\Users\redkey\Documents\Google Drive L\Internacionalizacion\js\WS_FTP.LOG --> www.bluewolf.com.mx /public_html/testinter/js WS_FTP.LOG
2018.07.18 15:44 B C:\Users\redkey\Documents\Google Drive L\Internacionalizacion\js\guardar.js --> www.bluewolf.com.mx /public_html/testinter/js guardar.js
2018.07.18 16:24 B C:\Users\redkey\Documents\Google Drive L\Internacionalizacion\js\guardar.js --> www.bluewolf.com.mx /public_html/testinter/js guardar.js
2018.07.31 10:21 B C:\Users\redkey\Documents\Google Drive L\Internacionalizacion\js\guardar2.js --> www.bluewolf.com.mx /public_html/testinter/js guardar2.js
2018.07.31 10:33 B C:\Users\redkey\Documents\Google Drive L\Internacionalizacion\js\guardar2.js --> www.bluewolf.com.mx /public_html/testinter/js guardar2.js
2018.07.31 12:51 B C:\Users\redkey\Documents\Google Drive L\Internacionalizacion\js\guardar.js --> www.bluewolf.com.mx /public_html/testinter/js guardar.js
2018.07.31 12:51 B C:\Users\redkey\Documents\Google Drive L\Internacionalizacion\js\guardar2.js --> www.bluewolf.com.mx /public_html/testinter/js guardar2.js
2018.07.31 13:09 B C:\Users\redkey\Documents\Google Drive L\Internacionalizacion\js\guardar.js --> www.bluewolf.com.mx /public_html/testinter/js guardar.js
2018.07.31 13:13 B C:\Users\redkey\Documents\Google Drive L\Internacionalizacion\js\guardar.js --> www.bluewolf.com.mx /public_html/testinter/js guardar.js
2018.07.31 13:15 B C:\Users\redkey\Documents\Google Drive L\Internacionalizacion\js\guardar2.js --> www.bluewolf.com.mx /public_html/testinter/js guardar2.js
2018.07.31 14:05 B C:\Users\redkey\Documents\Google Drive L\Internacionalizacion\js\guardar2.js --> www.bluewolf.com.mx /public_html/testinter/js guardar2.js
2018.08.02 12:03 B C:\Users\redkey\Documents\Google Drive L\Internacionalizacion\js\WS_FTP.LOG --> www.bluewolf.com.mx /public_html/Internacionalizacion/js WS_FTP.LOG
2018.08.02 12:03 B C:\Users\redkey\Documents\Google Drive L\Internacionalizacion\js\guardar2.js --> www.bluewolf.com.mx /public_html/Internacionalizacion/js guardar2.js
2018.08.02 12:03 B C:\Users\redkey\Documents\Google Drive L\Internacionalizacion\js\guardar.js --> www.bluewolf.com.mx /public_html/Internacionalizacion/js guardar.js
2018.08.02 12:03 B C:\Users\redkey\Documents\Google Drive L\Internacionalizacion\js\initialize.js --> www.bluewolf.com.mx /public_html/Internacionalizacion/js initialize.js
2018.08.02 12:04 B C:\Users\redkey\Documents\Google Drive L\Internacionalizacion\js\WS_FTP.LOG --> www.bluewolf.com.mx /public_html/Internacionalizacion/js WS_FTP.LOG
2018.08.02 12:24 B C:\Users\redkey\Documents\Google Drive L\Internacionalizacion\js\guardar2.js --> www.bluewolf.com.mx /public_html/testinter/js guardar2.js
2018.08.02 13:11 B C:\Users\redkey\Documents\Google Drive L\Internacionalizacion\js\guardar2.js --> www.bluewolf.com.mx /public_html/testinter/js guardar2.js
2018.08.02 13:22 B C:\Users\redkey\Documents\Google Drive L\Internacionalizacion\js\radios.js --> www.bluewolf.com.mx /public_html/testinter/js radios.js
2018.08.02 13:31 B C:\Users\redkey\Documents\Google Drive L\Internacionalizacion\js\radios.js --> www.bluewolf.com.mx /public_html/testinter/js radios.js
2018.08.02 13:32 B C:\Users\redkey\Documents\Google Drive L\Internacionalizacion\js\radios.js --> www.bluewolf.com.mx /public_html/testinter/js radios.js
2018.08.02 13:34 B C:\Users\redkey\Documents\Google Drive L\Internacionalizacion\js\radios.js --> www.bluewolf.com.mx /public_html/testinter/js radios.js
2018.08.02 13:41 B C:\Users\redkey\Documents\Google Drive L\Internacionalizacion\js\radios.js --> www.bluewolf.com.mx /public_html/testinter/js radios.js
2018.08.02 15:43 B C:\Users\redkey\Documents\Google Drive L\Internacionalizacion\js\radios.js --> www.bluewolf.com.mx /public_html/testinter/js radios.js
2018.08.02 15:56 B C:\Users\redkey\Documents\Google Drive L\Internacionalizacion\js\guardar2.js --> www.bluewolf.com.mx /public_html/testinter/js guardar2.js
2018.08.02 16:00 B C:\Users\redkey\Documents\Google Drive L\Internacionalizacion\js\guardar2.js --> www.bluewolf.com.mx /public_html/Internacionalizacion/js guardar2.js
2018.08.02 16:00 B C:\Users\redkey\Documents\Google Drive L\Internacionalizacion\js\radios.js --> www.bluewolf.com.mx /public_html/Internacionalizacion/js radios.js
2018.09.04 10:53 B C:\Users\redkey\Documents\Repositorios\Relacion-Empresas\js\controllers.js --> www.bluewolf.com.mx /public_html/Relaciones/js controllers.js
2018.09.04 10:53 B C:\Users\redkey\Documents\Repositorios\Relacion-Empresas\js\guardar.js --> www.bluewolf.com.mx /public_html/Relaciones/js guardar.js
2018.09.04 10:53 B C:\Users\redkey\Documents\Repositorios\Relacion-Empresas\js\guardar2.js --> www.bluewolf.com.mx /public_html/Relaciones/js guardar2.js
2018.09.04 10:53 B C:\Users\redkey\Documents\Repositorios\Relacion-Empresas\js\initialize.js --> www.bluewolf.com.mx /public_html/Relaciones/js initialize.js
2018.09.04 10:53 B C:\Users\redkey\Documents\Repositorios\Relacion-Empresas\js\Intereses.php --> www.bluewolf.com.mx /public_html/Relaciones/js Intereses.php
2018.09.04 10:53 B C:\Users\redkey\Documents\Repositorios\Relacion-Empresas\js\materialize.js --> www.bluewolf.com.mx /public_html/Relaciones/js materialize.js
2018.09.04 10:53 B C:\Users\redkey\Documents\Repositorios\Relacion-Empresas\js\materialize.min.js --> www.bluewolf.com.mx /public_html/Relaciones/js materialize.min.js
2018.09.04 10:53 B C:\Users\redkey\Documents\Repositorios\Relacion-Empresas\js\radios.js --> www.bluewolf.com.mx /public_html/Relaciones/js radios.js
2018.09.04 10:53 B C:\Users\redkey\Documents\Repositorios\Relacion-Empresas\js\WS_FTP.LOG --> www.bluewolf.com.mx /public_html/Relaciones/js WS_FTP.LOG
2018.09.05 09:11 B C:\Users\redkey\Documents\Repositorios\Relacion-Empresas\js\initialize.js --> www.bluewolf.com.mx /public_html/Relaciones/js initialize.js
2018.09.05 09:13 B C:\Users\redkey\Documents\Repositorios\Relacion-Empresas\js\initialize.js --> www.bluewolf.com.mx /public_html/Relaciones/js initialize.js
2018.09.05 11:37 B C:\Users\redkey\Documents\Repositorios\Relacion-Empresas\js\initialize.js --> www.bluewolf.com.mx /public_html/Relaciones/js initialize.js
2018.09.11 12:59 B C:\Users\redkey\Documents\Repositorios\Relacion-Empresas\js\controllers.js --> www.bluewolf.com.mx /public_html/admon/Test/js controllers.js
2018.09.11 12:59 B C:\Users\redkey\Documents\Repositorios\Relacion-Empresas\js\guardar.js --> www.bluewolf.com.mx /public_html/admon/Test/js guardar.js
2018.09.11 12:59 B C:\Users\redkey\Documents\Repositorios\Relacion-Empresas\js\guardar2.js --> www.bluewolf.com.mx /public_html/admon/Test/js guardar2.js
2018.09.11 12:59 B C:\Users\redkey\Documents\Repositorios\Relacion-Empresas\js\initialize.js --> www.bluewolf.com.mx /public_html/admon/Test/js initialize.js
2018.09.11 12:59 B C:\Users\redkey\Documents\Repositorios\Relacion-Empresas\js\materialize.js --> www.bluewolf.com.mx /public_html/admon/Test/js materialize.js
2018.09.11 12:59 B C:\Users\redkey\Documents\Repositorios\Relacion-Empresas\js\materialize.min.js --> www.bluewolf.com.mx /public_html/admon/Test/js materialize.min.js
2018.09.11 12:59 B C:\Users\redkey\Documents\Repositorios\Relacion-Empresas\js\radios.js --> www.bluewolf.com.mx /public_html/admon/Test/js radios.js
2018.09.11 12:59 B C:\Users\redkey\Documents\Repositorios\Relacion-Empresas\js\WS_FTP.LOG --> www.bluewolf.com.mx /public_html/admon/Test/js WS_FTP.LOG
2018.09.13 14:57 B C:\Users\redkey\Documents\Repositorios\Relacion-Empresas\js\initialize.js --> www.bluewolf.com.mx /public_html/Relaciones/js initialize.js
