2014.11.25 11:30 B C:\Users\redkey\Google Drive 2\textron\timpmp_produccion\Highcharts\js\adapters\standalone-framework.src.js --> tim-pmp.com /public_html/js/adapters standalone-framework.src.js
2014.11.25 11:30 B C:\Users\redkey\Google Drive 2\textron\timpmp_produccion\Highcharts\js\adapters\standalone-framework.js --> tim-pmp.com /public_html/js/adapters standalone-framework.js
2015.01.12 13:14 B C:\Users\redkey\Google Drive 2\newblue\bluew_newmenu\js\adapters\desktop.ini --> bluewolfonline.com /jvm/apache-tomcat-6.0.14/domains/bluewolfonline.com/ROOT/new/js/adapters desktop.ini
2015.01.12 13:14 B C:\Users\redkey\Google Drive 2\newblue\bluew_newmenu\js\adapters\standalone-framework.js --> bluewolfonline.com /jvm/apache-tomcat-6.0.14/domains/bluewolfonline.com/ROOT/new/js/adapters standalone-framework.js
2015.01.12 13:14 B C:\Users\redkey\Google Drive 2\newblue\bluew_newmenu\js\adapters\standalone-framework.src.js --> bluewolfonline.com /jvm/apache-tomcat-6.0.14/domains/bluewolfonline.com/ROOT/new/js/adapters standalone-framework.src.js
2015.01.12 13:14 B C:\Users\redkey\Google Drive 2\newblue\bluew_newmenu\js\adapters\WS_FTP.LOG --> bluewolfonline.com /jvm/apache-tomcat-6.0.14/domains/bluewolfonline.com/ROOT/new/js/adapters WS_FTP.LOG
2015.09.14 09:42 B C:\Users\redkey\Google Drive 2\newblue\bluew_newmenu\js\adapters\WS_FTP.LOG --> bluewolfonline.com /jvm/apache-tomcat-6.0.14/domains/bluewolfonline.com/ROOT/new/js/adapters WS_FTP.LOG
2015.09.14 09:42 B C:\Users\redkey\Google Drive 2\newblue\bluew_newmenu\js\adapters\desktop.ini --> bluewolfonline.com /jvm/apache-tomcat-6.0.14/domains/bluewolfonline.com/ROOT/new/js/adapters desktop.ini
2015.09.14 09:42 B C:\Users\redkey\Google Drive 2\newblue\bluew_newmenu\js\adapters\WS_FTP.LOG --> bluewolfonline.com /jvm/apache-tomcat-6.0.14/domains/bluewolfonline.com/ROOT/new/sin/js/adapters WS_FTP.LOG
2015.09.14 09:42 B C:\Users\redkey\Google Drive 2\newblue\bluew_newmenu\js\adapters\desktop.ini --> bluewolfonline.com /jvm/apache-tomcat-6.0.14/domains/bluewolfonline.com/ROOT/new/sin/js/adapters desktop.ini
2015.09.14 09:42 B C:\Users\redkey\Google Drive 2\newblue\bluew_newmenu\js\adapters\standalone-framework.src.js --> bluewolfonline.com /jvm/apache-tomcat-6.0.14/domains/bluewolfonline.com/ROOT/new/sin/js/adapters standalone-framework.src.js
2015.09.14 09:42 B C:\Users\redkey\Google Drive 2\newblue\bluew_newmenu\js\adapters\standalone-framework.js --> bluewolfonline.com /jvm/apache-tomcat-6.0.14/domains/bluewolfonline.com/ROOT/new/sin/js/adapters standalone-framework.js
2016.05.13 12:01 B C:\Users\redkey\Google Drive 2\et_firmas\cuestionario2\js\adapters\desktop.ini --> etestrategia.co /encuesta2/js/adapters desktop.ini
2016.05.13 12:01 B C:\Users\redkey\Google Drive 2\et_firmas\cuestionario2\js\adapters\WS_FTP.LOG --> etestrategia.co /encuesta2/js/adapters WS_FTP.LOG
2016.05.13 12:01 B C:\Users\redkey\Google Drive 2\et_firmas\cuestionario2\js\adapters\standalone-framework.src.js --> etestrategia.co /encuesta2/js/adapters standalone-framework.src.js
2016.05.13 12:01 B C:\Users\redkey\Google Drive 2\et_firmas\cuestionario2\js\adapters\standalone-framework.js --> etestrategia.co /encuesta2/js/adapters standalone-framework.js
2016.05.26 11:59 B C:\Users\redkey\Google Drive 2\et_firmas\cuestionario4\js\adapters\desktop.ini --> etestrategia.co /survey/js/adapters desktop.ini
2016.05.26 11:59 B C:\Users\redkey\Google Drive 2\et_firmas\cuestionario4\js\adapters\standalone-framework.js --> etestrategia.co /survey/js/adapters standalone-framework.js
2016.05.26 11:59 B C:\Users\redkey\Google Drive 2\et_firmas\cuestionario4\js\adapters\standalone-framework.src.js --> etestrategia.co /survey/js/adapters standalone-framework.src.js
2016.05.26 11:59 B C:\Users\redkey\Google Drive 2\et_firmas\cuestionario4\js\adapters\WS_FTP.LOG --> etestrategia.co /survey/js/adapters WS_FTP.LOG
2016.06.13 17:04 B C:\Users\redkey\Google Drive 2\encuesta_elsa\cuestionario4\js\adapters\standalone-framework.js --> www.bluewolf.com.mx /public_html/encuesta/js/adapters standalone-framework.js
2016.06.13 17:04 B C:\Users\redkey\Google Drive 2\encuesta_elsa\cuestionario4\js\adapters\standalone-framework.src.js --> www.bluewolf.com.mx /public_html/encuesta/js/adapters standalone-framework.src.js
2016.06.13 17:04 B C:\Users\redkey\Google Drive 2\encuesta_elsa\cuestionario4\js\adapters\WS_FTP.LOG --> www.bluewolf.com.mx /public_html/encuesta/js/adapters WS_FTP.LOG
2016.07.25 14:05 B C:\Users\redkey\Google Drive 2\newblue\encuesta_alex\cuestionario\js\adapters\desktop.ini --> www.bluewolf.com.mx /public_html/encuesta2/js/adapters desktop.ini
2016.07.25 14:05 B C:\Users\redkey\Google Drive 2\newblue\encuesta_alex\cuestionario\js\adapters\standalone-framework.js --> www.bluewolf.com.mx /public_html/encuesta2/js/adapters standalone-framework.js
2016.07.25 14:05 B C:\Users\redkey\Google Drive 2\newblue\encuesta_alex\cuestionario\js\adapters\standalone-framework.src.js --> www.bluewolf.com.mx /public_html/encuesta2/js/adapters standalone-framework.src.js
2016.07.25 14:05 B C:\Users\redkey\Google Drive 2\newblue\encuesta_alex\cuestionario\js\adapters\WS_FTP.LOG --> www.bluewolf.com.mx /public_html/encuesta2/js/adapters WS_FTP.LOG
2018.07.02 10:46 B C:\Users\redkey\Documents\Google Drive L\newblue\encuesta_alex\cuestionario\js\adapters\desktop.ini --> www.bluewolf.com.mx /public_html/Internacionalizacion/cuestionario/js/adapters desktop.ini
2018.07.02 10:46 B C:\Users\redkey\Documents\Google Drive L\newblue\encuesta_alex\cuestionario\js\adapters\standalone-framework.js --> www.bluewolf.com.mx /public_html/Internacionalizacion/cuestionario/js/adapters standalone-framework.js
2018.07.02 10:46 B C:\Users\redkey\Documents\Google Drive L\newblue\encuesta_alex\cuestionario\js\adapters\standalone-framework.src.js --> www.bluewolf.com.mx /public_html/Internacionalizacion/cuestionario/js/adapters standalone-framework.src.js
2018.07.02 10:46 B C:\Users\redkey\Documents\Google Drive L\newblue\encuesta_alex\cuestionario\js\adapters\WS_FTP.LOG --> www.bluewolf.com.mx /public_html/Internacionalizacion/cuestionario/js/adapters WS_FTP.LOG
2018.07.16 11:21 B C:\Users\redkey\Documents\Google Drive L\Internacionalizacion\cuestionario\js\adapters\standalone-framework.js --> www.bluewolf.com.mx /public_html/testinter/cuestionario/js/adapters standalone-framework.js
2018.07.16 11:21 B C:\Users\redkey\Documents\Google Drive L\Internacionalizacion\cuestionario\js\adapters\standalone-framework.src.js --> www.bluewolf.com.mx /public_html/testinter/cuestionario/js/adapters standalone-framework.src.js
2018.07.16 11:21 B C:\Users\redkey\Documents\Google Drive L\Internacionalizacion\cuestionario\js\adapters\WS_FTP.LOG --> www.bluewolf.com.mx /public_html/testinter/cuestionario/js/adapters WS_FTP.LOG
2018.08.02 12:03 B C:\Users\redkey\Documents\Google Drive L\Internacionalizacion\cuestionario\js\adapters\WS_FTP.LOG --> www.bluewolf.com.mx /public_html/Internacionalizacion/cuestionario/js/adapters WS_FTP.LOG
2018.08.02 12:04 B C:\Users\redkey\Documents\Google Drive L\Internacionalizacion\cuestionario\js\adapters\WS_FTP.LOG --> www.bluewolf.com.mx /public_html/Internacionalizacion/cuestionario/js/adapters WS_FTP.LOG
