2018.07.11 11:20 B C:\Users\redkey\Documents\Google Drive L\admon\new\PHPExcel\Classes\PHPExcel\Calculation\Database.php --> www.bluewolf.com.mx /public_html/admon/new/PHPExcel/Classes/PHPExcel/Calculation Database.php
2018.07.11 11:20 B C:\Users\redkey\Documents\Google Drive L\admon\new\PHPExcel\Classes\PHPExcel\Calculation\DateTime.php --> www.bluewolf.com.mx /public_html/admon/new/PHPExcel/Classes/PHPExcel/Calculation DateTime.php
2018.07.11 11:21 B C:\Users\redkey\Documents\Google Drive L\admon\new\PHPExcel\Classes\PHPExcel\Calculation\Engineering.php --> www.bluewolf.com.mx /public_html/admon/new/PHPExcel/Classes/PHPExcel/Calculation Engineering.php
2018.07.11 11:21 B C:\Users\redkey\Documents\Google Drive L\admon\new\PHPExcel\Classes\PHPExcel\Calculation\Exception.php --> www.bluewolf.com.mx /public_html/admon/new/PHPExcel/Classes/PHPExcel/Calculation Exception.php
2018.07.11 11:21 B C:\Users\redkey\Documents\Google Drive L\admon\new\PHPExcel\Classes\PHPExcel\Calculation\ExceptionHandler.php --> www.bluewolf.com.mx /public_html/admon/new/PHPExcel/Classes/PHPExcel/Calculation ExceptionHandler.php
2018.07.11 11:21 B C:\Users\redkey\Documents\Google Drive L\admon\new\PHPExcel\Classes\PHPExcel\Calculation\Financial.php --> www.bluewolf.com.mx /public_html/admon/new/PHPExcel/Classes/PHPExcel/Calculation Financial.php
2018.07.11 11:21 B C:\Users\redkey\Documents\Google Drive L\admon\new\PHPExcel\Classes\PHPExcel\Calculation\FormulaParser.php --> www.bluewolf.com.mx /public_html/admon/new/PHPExcel/Classes/PHPExcel/Calculation FormulaParser.php
2018.07.11 11:21 B C:\Users\redkey\Documents\Google Drive L\admon\new\PHPExcel\Classes\PHPExcel\Calculation\FormulaToken.php --> www.bluewolf.com.mx /public_html/admon/new/PHPExcel/Classes/PHPExcel/Calculation FormulaToken.php
2018.07.11 11:21 B C:\Users\redkey\Documents\Google Drive L\admon\new\PHPExcel\Classes\PHPExcel\Calculation\Function.php --> www.bluewolf.com.mx /public_html/admon/new/PHPExcel/Classes/PHPExcel/Calculation Function.php
2018.07.11 11:21 B C:\Users\redkey\Documents\Google Drive L\admon\new\PHPExcel\Classes\PHPExcel\Calculation\functionlist.txt --> www.bluewolf.com.mx /public_html/admon/new/PHPExcel/Classes/PHPExcel/Calculation functionlist.txt
2018.07.11 11:21 B C:\Users\redkey\Documents\Google Drive L\admon\new\PHPExcel\Classes\PHPExcel\Calculation\Functions.php --> www.bluewolf.com.mx /public_html/admon/new/PHPExcel/Classes/PHPExcel/Calculation Functions.php
2018.07.11 11:21 B C:\Users\redkey\Documents\Google Drive L\admon\new\PHPExcel\Classes\PHPExcel\Calculation\Logical.php --> www.bluewolf.com.mx /public_html/admon/new/PHPExcel/Classes/PHPExcel/Calculation Logical.php
2018.07.11 11:21 B C:\Users\redkey\Documents\Google Drive L\admon\new\PHPExcel\Classes\PHPExcel\Calculation\LookupRef.php --> www.bluewolf.com.mx /public_html/admon/new/PHPExcel/Classes/PHPExcel/Calculation LookupRef.php
2018.07.11 11:21 B C:\Users\redkey\Documents\Google Drive L\admon\new\PHPExcel\Classes\PHPExcel\Calculation\MathTrig.php --> www.bluewolf.com.mx /public_html/admon/new/PHPExcel/Classes/PHPExcel/Calculation MathTrig.php
2018.07.11 11:21 B C:\Users\redkey\Documents\Google Drive L\admon\new\PHPExcel\Classes\PHPExcel\Calculation\Statistical.php --> www.bluewolf.com.mx /public_html/admon/new/PHPExcel/Classes/PHPExcel/Calculation Statistical.php
2018.07.11 11:21 B C:\Users\redkey\Documents\Google Drive L\admon\new\PHPExcel\Classes\PHPExcel\Calculation\TextData.php --> www.bluewolf.com.mx /public_html/admon/new/PHPExcel/Classes/PHPExcel/Calculation TextData.php
2018.09.13 15:56 B C:\Users\redkey\Documents\Repositorios\Relacion-Empresas\PHPExcel\Classes\PHPExcel\Calculation\WS_FTP.LOG --> www.bluewolf.com.mx /public_html/Relaciones/PHPExcel/Classes/PHPExcel/Calculation WS_FTP.LOG
2018.09.13 15:56 B C:\Users\redkey\Documents\Repositorios\Relacion-Empresas\PHPExcel\Classes\PHPExcel\Calculation\TextData.php --> www.bluewolf.com.mx /public_html/Relaciones/PHPExcel/Classes/PHPExcel/Calculation TextData.php
2018.09.13 15:56 B C:\Users\redkey\Documents\Repositorios\Relacion-Empresas\PHPExcel\Classes\PHPExcel\Calculation\Statistical.php --> www.bluewolf.com.mx /public_html/Relaciones/PHPExcel/Classes/PHPExcel/Calculation Statistical.php
2018.09.13 15:56 B C:\Users\redkey\Documents\Repositorios\Relacion-Empresas\PHPExcel\Classes\PHPExcel\Calculation\MathTrig.php --> www.bluewolf.com.mx /public_html/Relaciones/PHPExcel/Classes/PHPExcel/Calculation MathTrig.php
2018.09.13 15:56 B C:\Users\redkey\Documents\Repositorios\Relacion-Empresas\PHPExcel\Classes\PHPExcel\Calculation\LookupRef.php --> www.bluewolf.com.mx /public_html/Relaciones/PHPExcel/Classes/PHPExcel/Calculation LookupRef.php
2018.09.13 15:56 B C:\Users\redkey\Documents\Repositorios\Relacion-Empresas\PHPExcel\Classes\PHPExcel\Calculation\Logical.php --> www.bluewolf.com.mx /public_html/Relaciones/PHPExcel/Classes/PHPExcel/Calculation Logical.php
2018.09.13 15:56 B C:\Users\redkey\Documents\Repositorios\Relacion-Empresas\PHPExcel\Classes\PHPExcel\Calculation\Functions.php --> www.bluewolf.com.mx /public_html/Relaciones/PHPExcel/Classes/PHPExcel/Calculation Functions.php
2018.09.13 15:56 B C:\Users\redkey\Documents\Repositorios\Relacion-Empresas\PHPExcel\Classes\PHPExcel\Calculation\functionlist.txt --> www.bluewolf.com.mx /public_html/Relaciones/PHPExcel/Classes/PHPExcel/Calculation functionlist.txt
2018.09.13 15:56 B C:\Users\redkey\Documents\Repositorios\Relacion-Empresas\PHPExcel\Classes\PHPExcel\Calculation\Function.php --> www.bluewolf.com.mx /public_html/Relaciones/PHPExcel/Classes/PHPExcel/Calculation Function.php
2018.09.13 15:56 B C:\Users\redkey\Documents\Repositorios\Relacion-Empresas\PHPExcel\Classes\PHPExcel\Calculation\FormulaToken.php --> www.bluewolf.com.mx /public_html/Relaciones/PHPExcel/Classes/PHPExcel/Calculation FormulaToken.php
2018.09.13 15:56 B C:\Users\redkey\Documents\Repositorios\Relacion-Empresas\PHPExcel\Classes\PHPExcel\Calculation\FormulaParser.php --> www.bluewolf.com.mx /public_html/Relaciones/PHPExcel/Classes/PHPExcel/Calculation FormulaParser.php
2018.09.13 15:56 B C:\Users\redkey\Documents\Repositorios\Relacion-Empresas\PHPExcel\Classes\PHPExcel\Calculation\Financial.php --> www.bluewolf.com.mx /public_html/Relaciones/PHPExcel/Classes/PHPExcel/Calculation Financial.php
2018.09.13 15:56 B C:\Users\redkey\Documents\Repositorios\Relacion-Empresas\PHPExcel\Classes\PHPExcel\Calculation\ExceptionHandler.php --> www.bluewolf.com.mx /public_html/Relaciones/PHPExcel/Classes/PHPExcel/Calculation ExceptionHandler.php
2018.09.13 15:56 B C:\Users\redkey\Documents\Repositorios\Relacion-Empresas\PHPExcel\Classes\PHPExcel\Calculation\Exception.php --> www.bluewolf.com.mx /public_html/Relaciones/PHPExcel/Classes/PHPExcel/Calculation Exception.php
2018.09.13 15:56 B C:\Users\redkey\Documents\Repositorios\Relacion-Empresas\PHPExcel\Classes\PHPExcel\Calculation\Engineering.php --> www.bluewolf.com.mx /public_html/Relaciones/PHPExcel/Classes/PHPExcel/Calculation Engineering.php
2018.09.13 15:56 B C:\Users\redkey\Documents\Repositorios\Relacion-Empresas\PHPExcel\Classes\PHPExcel\Calculation\DateTime.php --> www.bluewolf.com.mx /public_html/Relaciones/PHPExcel/Classes/PHPExcel/Calculation DateTime.php
2018.09.13 15:56 B C:\Users\redkey\Documents\Repositorios\Relacion-Empresas\PHPExcel\Classes\PHPExcel\Calculation\Database.php --> www.bluewolf.com.mx /public_html/Relaciones/PHPExcel/Classes/PHPExcel/Calculation Database.php
