2018.07.11 11:21 B C:\Users\redkey\Documents\Google Drive L\admon\new\PHPExcel\Classes\PHPExcel\Reader\Abstract.php --> www.bluewolf.com.mx /public_html/admon/new/PHPExcel/Classes/PHPExcel/Reader Abstract.php
2018.07.11 11:21 B C:\Users\redkey\Documents\Google Drive L\admon\new\PHPExcel\Classes\PHPExcel\Reader\CSV.php --> www.bluewolf.com.mx /public_html/admon/new/PHPExcel/Classes/PHPExcel/Reader CSV.php
2018.07.11 11:22 B C:\Users\redkey\Documents\Google Drive L\admon\new\PHPExcel\Classes\PHPExcel\Reader\DefaultReadFilter.php --> www.bluewolf.com.mx /public_html/admon/new/PHPExcel/Classes/PHPExcel/Reader DefaultReadFilter.php
2018.07.11 11:22 B C:\Users\redkey\Documents\Google Drive L\admon\new\PHPExcel\Classes\PHPExcel\Reader\Excel2003XML.php --> www.bluewolf.com.mx /public_html/admon/new/PHPExcel/Classes/PHPExcel/Reader Excel2003XML.php
2018.07.11 11:22 B C:\Users\redkey\Documents\Google Drive L\admon\new\PHPExcel\Classes\PHPExcel\Reader\Excel2007.php --> www.bluewolf.com.mx /public_html/admon/new/PHPExcel/Classes/PHPExcel/Reader Excel2007.php
2018.07.11 11:22 B C:\Users\redkey\Documents\Google Drive L\admon\new\PHPExcel\Classes\PHPExcel\Reader\Excel5.php --> www.bluewolf.com.mx /public_html/admon/new/PHPExcel/Classes/PHPExcel/Reader Excel5.php
2018.07.11 11:22 B C:\Users\redkey\Documents\Google Drive L\admon\new\PHPExcel\Classes\PHPExcel\Reader\Exception.php --> www.bluewolf.com.mx /public_html/admon/new/PHPExcel/Classes/PHPExcel/Reader Exception.php
2018.07.11 11:22 B C:\Users\redkey\Documents\Google Drive L\admon\new\PHPExcel\Classes\PHPExcel\Reader\Gnumeric.php --> www.bluewolf.com.mx /public_html/admon/new/PHPExcel/Classes/PHPExcel/Reader Gnumeric.php
2018.07.11 11:22 B C:\Users\redkey\Documents\Google Drive L\admon\new\PHPExcel\Classes\PHPExcel\Reader\HTML.php --> www.bluewolf.com.mx /public_html/admon/new/PHPExcel/Classes/PHPExcel/Reader HTML.php
2018.07.11 11:22 B C:\Users\redkey\Documents\Google Drive L\admon\new\PHPExcel\Classes\PHPExcel\Reader\IReader.php --> www.bluewolf.com.mx /public_html/admon/new/PHPExcel/Classes/PHPExcel/Reader IReader.php
2018.07.11 11:22 B C:\Users\redkey\Documents\Google Drive L\admon\new\PHPExcel\Classes\PHPExcel\Reader\IReadFilter.php --> www.bluewolf.com.mx /public_html/admon/new/PHPExcel/Classes/PHPExcel/Reader IReadFilter.php
2018.07.11 11:22 B C:\Users\redkey\Documents\Google Drive L\admon\new\PHPExcel\Classes\PHPExcel\Reader\OOCalc.php --> www.bluewolf.com.mx /public_html/admon/new/PHPExcel/Classes/PHPExcel/Reader OOCalc.php
2018.07.11 11:22 B C:\Users\redkey\Documents\Google Drive L\admon\new\PHPExcel\Classes\PHPExcel\Reader\SYLK.php --> www.bluewolf.com.mx /public_html/admon/new/PHPExcel/Classes/PHPExcel/Reader SYLK.php
2018.09.13 15:55 B C:\Users\redkey\Documents\Repositorios\Relacion-Empresas\PHPExcel\Classes\PHPExcel\Reader\WS_FTP.LOG --> www.bluewolf.com.mx /public_html/Relaciones/PHPExcel/Classes/PHPExcel/Reader WS_FTP.LOG
2018.09.13 15:55 B C:\Users\redkey\Documents\Repositorios\Relacion-Empresas\PHPExcel\Classes\PHPExcel\Reader\SYLK.php --> www.bluewolf.com.mx /public_html/Relaciones/PHPExcel/Classes/PHPExcel/Reader SYLK.php
2018.09.13 15:55 B C:\Users\redkey\Documents\Repositorios\Relacion-Empresas\PHPExcel\Classes\PHPExcel\Reader\OOCalc.php --> www.bluewolf.com.mx /public_html/Relaciones/PHPExcel/Classes/PHPExcel/Reader OOCalc.php
2018.09.13 15:55 B C:\Users\redkey\Documents\Repositorios\Relacion-Empresas\PHPExcel\Classes\PHPExcel\Reader\IReadFilter.php --> www.bluewolf.com.mx /public_html/Relaciones/PHPExcel/Classes/PHPExcel/Reader IReadFilter.php
2018.09.13 15:55 B C:\Users\redkey\Documents\Repositorios\Relacion-Empresas\PHPExcel\Classes\PHPExcel\Reader\IReader.php --> www.bluewolf.com.mx /public_html/Relaciones/PHPExcel/Classes/PHPExcel/Reader IReader.php
2018.09.13 15:55 B C:\Users\redkey\Documents\Repositorios\Relacion-Empresas\PHPExcel\Classes\PHPExcel\Reader\HTML.php --> www.bluewolf.com.mx /public_html/Relaciones/PHPExcel/Classes/PHPExcel/Reader HTML.php
2018.09.13 15:55 B C:\Users\redkey\Documents\Repositorios\Relacion-Empresas\PHPExcel\Classes\PHPExcel\Reader\Gnumeric.php --> www.bluewolf.com.mx /public_html/Relaciones/PHPExcel/Classes/PHPExcel/Reader Gnumeric.php
2018.09.13 15:55 B C:\Users\redkey\Documents\Repositorios\Relacion-Empresas\PHPExcel\Classes\PHPExcel\Reader\Exception.php --> www.bluewolf.com.mx /public_html/Relaciones/PHPExcel/Classes/PHPExcel/Reader Exception.php
2018.09.13 15:55 B C:\Users\redkey\Documents\Repositorios\Relacion-Empresas\PHPExcel\Classes\PHPExcel\Reader\Excel5.php --> www.bluewolf.com.mx /public_html/Relaciones/PHPExcel/Classes/PHPExcel/Reader Excel5.php
2018.09.13 15:55 B C:\Users\redkey\Documents\Repositorios\Relacion-Empresas\PHPExcel\Classes\PHPExcel\Reader\Excel2007.php --> www.bluewolf.com.mx /public_html/Relaciones/PHPExcel/Classes/PHPExcel/Reader Excel2007.php
2018.09.13 15:55 B C:\Users\redkey\Documents\Repositorios\Relacion-Empresas\PHPExcel\Classes\PHPExcel\Reader\Excel2003XML.php --> www.bluewolf.com.mx /public_html/Relaciones/PHPExcel/Classes/PHPExcel/Reader Excel2003XML.php
2018.09.13 15:55 B C:\Users\redkey\Documents\Repositorios\Relacion-Empresas\PHPExcel\Classes\PHPExcel\Reader\DefaultReadFilter.php --> www.bluewolf.com.mx /public_html/Relaciones/PHPExcel/Classes/PHPExcel/Reader DefaultReadFilter.php
2018.09.13 15:55 B C:\Users\redkey\Documents\Repositorios\Relacion-Empresas\PHPExcel\Classes\PHPExcel\Reader\CSV.php --> www.bluewolf.com.mx /public_html/Relaciones/PHPExcel/Classes/PHPExcel/Reader CSV.php
2018.09.13 15:55 B C:\Users\redkey\Documents\Repositorios\Relacion-Empresas\PHPExcel\Classes\PHPExcel\Reader\Abstract.php --> www.bluewolf.com.mx /public_html/Relaciones/PHPExcel/Classes/PHPExcel/Reader Abstract.php
