2018.08.02 11:59 B C:\Users\redkey\Documents\Google Drive L\Internacionalizacion\inter_respaldo\images\bw.png <-- bluewolf BLUEHOST /public_html/Internacionalizacion/images bw.png
2018.08.02 11:59 B C:\Users\redkey\Documents\Google Drive L\Internacionalizacion\inter_respaldo\images\canacintra.png <-- bluewolf BLUEHOST /public_html/Internacionalizacion/images canacintra.png
2018.08.02 11:59 B C:\Users\redkey\Documents\Google Drive L\Internacionalizacion\inter_respaldo\images\canacintrap.png <-- bluewolf BLUEHOST /public_html/Internacionalizacion/images canacintrap.png
2018.08.02 11:59 B C:\Users\redkey\Documents\Google Drive L\Internacionalizacion\inter_respaldo\images\estado.jpg <-- bluewolf BLUEHOST /public_html/Internacionalizacion/images estado.jpg
2018.08.02 11:59 B C:\Users\redkey\Documents\Google Drive L\Internacionalizacion\inter_respaldo\images\imeanticipa.png <-- bluewolf BLUEHOST /public_html/Internacionalizacion/images imeanticipa.png
2018.08.02 11:59 B C:\Users\redkey\Documents\Google Drive L\Internacionalizacion\inter_respaldo\images\logodesarrolloeconomico.jpeg <-- bluewolf BLUEHOST /public_html/Internacionalizacion/images logodesarrolloeconomico.jpeg
2018.08.02 11:59 B C:\Users\redkey\Documents\Google Drive L\Internacionalizacion\inter_respaldo\images\logodesarrolloeconomico.png <-- bluewolf BLUEHOST /public_html/Internacionalizacion/images logodesarrolloeconomico.png
2018.08.02 11:59 B C:\Users\redkey\Documents\Google Drive L\Internacionalizacion\inter_respaldo\images\municipio.png <-- bluewolf BLUEHOST /public_html/Internacionalizacion/images municipio.png
2018.08.02 11:59 B C:\Users\redkey\Documents\Google Drive L\Internacionalizacion\inter_respaldo\images\piec.jpg <-- bluewolf BLUEHOST /public_html/Internacionalizacion/images piec.jpg
2018.08.02 11:59 B C:\Users\redkey\Documents\Google Drive L\Internacionalizacion\inter_respaldo\images\salle.png <-- bluewolf BLUEHOST /public_html/Internacionalizacion/images salle.png
2018.08.02 11:59 B C:\Users\redkey\Documents\Google Drive L\Internacionalizacion\inter_respaldo\images\side.jpg <-- bluewolf BLUEHOST /public_html/Internacionalizacion/images side.jpg
2018.08.02 11:59 B C:\Users\redkey\Documents\Google Drive L\Internacionalizacion\inter_respaldo\images\valor.jpeg <-- bluewolf BLUEHOST /public_html/Internacionalizacion/images valor.jpeg
2018.08.02 11:59 B C:\Users\redkey\Documents\Google Drive L\Internacionalizacion\inter_respaldo\images\valor.jpg <-- bluewolf BLUEHOST /public_html/Internacionalizacion/images valor.jpg
2018.09.11 12:58 B C:\Users\redkey\Documents\Repositorios\Relacion-Empresas\inter_respaldo\images\bw.png --> www.bluewolf.com.mx /public_html/admon/Test/inter_respaldo/images bw.png
2018.09.11 12:58 B C:\Users\redkey\Documents\Repositorios\Relacion-Empresas\inter_respaldo\images\canacintra.png --> www.bluewolf.com.mx /public_html/admon/Test/inter_respaldo/images canacintra.png
2018.09.11 12:58 B C:\Users\redkey\Documents\Repositorios\Relacion-Empresas\inter_respaldo\images\canacintrap.png --> www.bluewolf.com.mx /public_html/admon/Test/inter_respaldo/images canacintrap.png
2018.09.11 12:58 B C:\Users\redkey\Documents\Repositorios\Relacion-Empresas\inter_respaldo\images\estado.jpg --> www.bluewolf.com.mx /public_html/admon/Test/inter_respaldo/images estado.jpg
2018.09.11 12:58 B C:\Users\redkey\Documents\Repositorios\Relacion-Empresas\inter_respaldo\images\imeanticipa.png --> www.bluewolf.com.mx /public_html/admon/Test/inter_respaldo/images imeanticipa.png
2018.09.11 12:58 B C:\Users\redkey\Documents\Repositorios\Relacion-Empresas\inter_respaldo\images\logodesarrolloeconomico.jpeg --> www.bluewolf.com.mx /public_html/admon/Test/inter_respaldo/images logodesarrolloeconomico.jpeg
2018.09.11 12:58 B C:\Users\redkey\Documents\Repositorios\Relacion-Empresas\inter_respaldo\images\logodesarrolloeconomico.png --> www.bluewolf.com.mx /public_html/admon/Test/inter_respaldo/images logodesarrolloeconomico.png
2018.09.11 12:58 B C:\Users\redkey\Documents\Repositorios\Relacion-Empresas\inter_respaldo\images\municipio.png --> www.bluewolf.com.mx /public_html/admon/Test/inter_respaldo/images municipio.png
2018.09.11 12:58 B C:\Users\redkey\Documents\Repositorios\Relacion-Empresas\inter_respaldo\images\piec.jpg --> www.bluewolf.com.mx /public_html/admon/Test/inter_respaldo/images piec.jpg
2018.09.11 12:58 B C:\Users\redkey\Documents\Repositorios\Relacion-Empresas\inter_respaldo\images\salle.png --> www.bluewolf.com.mx /public_html/admon/Test/inter_respaldo/images salle.png
2018.09.11 12:58 B C:\Users\redkey\Documents\Repositorios\Relacion-Empresas\inter_respaldo\images\side.jpg --> www.bluewolf.com.mx /public_html/admon/Test/inter_respaldo/images side.jpg
2018.09.11 12:58 B C:\Users\redkey\Documents\Repositorios\Relacion-Empresas\inter_respaldo\images\valor.jpeg --> www.bluewolf.com.mx /public_html/admon/Test/inter_respaldo/images valor.jpeg
2018.09.11 12:58 B C:\Users\redkey\Documents\Repositorios\Relacion-Empresas\inter_respaldo\images\valor.jpg --> www.bluewolf.com.mx /public_html/admon/Test/inter_respaldo/images valor.jpg
2018.09.11 12:58 B C:\Users\redkey\Documents\Repositorios\Relacion-Empresas\inter_respaldo\images\WS_FTP.LOG --> www.bluewolf.com.mx /public_html/admon/Test/inter_respaldo/images WS_FTP.LOG
