2015.10.05 13:17 B C:\Users\redkey\Google Drive 2\newblue\bluew_newmenu\cuestionario\images\spacer.gif --> bluewolfonline.com /public_html/cuestionario/images spacer.gif
2015.11.10 09:33 B C:\Users\redkey\Google Drive 2\newblue\bluew_newmenu\cuestionario\images\textos.css --> bluewolfonline.com /public_html/cuestionario/images textos.css
2016.04.28 09:47 B C:\Users\redkey\Google Drive 2\et_firmas\cuestionario\images\desktop.ini --> etestrategia.co /encuesta/images desktop.ini
2016.04.28 09:47 B C:\Users\redkey\Google Drive 2\et_firmas\cuestionario\images\spacer.gif --> etestrategia.co /encuesta/images spacer.gif
2016.04.28 09:47 B C:\Users\redkey\Google Drive 2\et_firmas\cuestionario\images\textos.css --> etestrategia.co /encuesta/images textos.css
2016.04.28 09:47 B C:\Users\redkey\Google Drive 2\et_firmas\cuestionario\images\WS_FTP.LOG --> etestrategia.co /encuesta/images WS_FTP.LOG
2016.04.28 10:25 B C:\Users\redkey\Google Drive 2\et_firmas\cuestionario\images\textos.css --> etestrategia.co /encuesta/images textos.css
2016.04.28 14:24 B C:\Users\redkey\Google Drive 2\et_firmas\cuestionario\images\pan.png --> etestrategia.co /encuesta/images pan.png
2016.05.13 12:02 B C:\Users\redkey\Google Drive 2\et_firmas\cuestionario2\images\desktop.ini --> etestrategia.co /encuesta2/images desktop.ini
2016.05.13 12:02 B C:\Users\redkey\Google Drive 2\et_firmas\cuestionario2\images\WS_FTP.LOG --> etestrategia.co /encuesta2/images WS_FTP.LOG
2016.05.13 12:02 B C:\Users\redkey\Google Drive 2\et_firmas\cuestionario2\images\pan.png --> etestrategia.co /encuesta2/images pan.png
2016.05.13 12:02 B C:\Users\redkey\Google Drive 2\et_firmas\cuestionario2\images\textos.css --> etestrategia.co /encuesta2/images textos.css
2016.05.13 12:02 B C:\Users\redkey\Google Drive 2\et_firmas\cuestionario2\images\spacer.gif --> etestrategia.co /encuesta2/images spacer.gif
2016.05.19 11:54 B C:\Users\redkey\Google Drive 2\et_firmas\cuestionario3\images\textos.css --> etestrategia.co /cuestionario/images textos.css
2016.05.19 11:58 B C:\Users\redkey\Google Drive 2\et_firmas\cuestionario3\images\textos.css --> etestrategia.co /cuestionario/images textos.css
2016.05.19 12:02 B C:\Users\redkey\Google Drive 2\et_firmas\cuestionario3\images\boton_g9.jpg --> etestrategia.co /cuestionario/images boton_g9.jpg
2016.05.19 12:02 B C:\Users\redkey\Google Drive 2\et_firmas\cuestionario3\images\boton_g8.jpg --> etestrategia.co /cuestionario/images boton_g8.jpg
2016.05.19 12:03 B C:\Users\redkey\Google Drive 2\et_firmas\cuestionario3\images\boton_g7.jpg --> etestrategia.co /cuestionario/images boton_g7.jpg
2016.05.19 12:03 B C:\Users\redkey\Google Drive 2\et_firmas\cuestionario3\images\boton_g6.jpg --> etestrategia.co /cuestionario/images boton_g6.jpg
2016.05.19 12:03 B C:\Users\redkey\Google Drive 2\et_firmas\cuestionario3\images\boton_g5.jpg --> etestrategia.co /cuestionario/images boton_g5.jpg
2016.05.19 12:03 B C:\Users\redkey\Google Drive 2\et_firmas\cuestionario3\images\boton_g4.jpg --> etestrategia.co /cuestionario/images boton_g4.jpg
2016.05.19 12:03 B C:\Users\redkey\Google Drive 2\et_firmas\cuestionario3\images\boton_g3.jpg --> etestrategia.co /cuestionario/images boton_g3.jpg
2016.05.19 12:03 B C:\Users\redkey\Google Drive 2\et_firmas\cuestionario3\images\boton_g1.jpg --> etestrategia.co /cuestionario/images boton_g1.jpg
2016.05.19 12:03 B C:\Users\redkey\Google Drive 2\et_firmas\cuestionario3\images\boton_2.jpg --> etestrategia.co /cuestionario/images boton_2.jpg
2016.05.19 12:03 B C:\Users\redkey\Google Drive 2\et_firmas\cuestionario3\images\boton9.jpg --> etestrategia.co /cuestionario/images boton9.jpg
2016.05.19 12:03 B C:\Users\redkey\Google Drive 2\et_firmas\cuestionario3\images\boton10.jpg --> etestrategia.co /cuestionario/images boton10.jpg
2016.05.19 12:03 B C:\Users\redkey\Google Drive 2\et_firmas\cuestionario3\images\boton8.jpg --> etestrategia.co /cuestionario/images boton8.jpg
2016.05.19 12:03 B C:\Users\redkey\Google Drive 2\et_firmas\cuestionario3\images\boton7.jpg --> etestrategia.co /cuestionario/images boton7.jpg
2016.05.19 12:03 B C:\Users\redkey\Google Drive 2\et_firmas\cuestionario3\images\boton6.jpg --> etestrategia.co /cuestionario/images boton6.jpg
2016.05.19 12:03 B C:\Users\redkey\Google Drive 2\et_firmas\cuestionario3\images\boton2.jpg --> etestrategia.co /cuestionario/images boton2.jpg
2016.05.19 12:03 B C:\Users\redkey\Google Drive 2\et_firmas\cuestionario3\images\boton1.jpg --> etestrategia.co /cuestionario/images boton1.jpg
2016.05.19 12:05 B C:\Users\redkey\Google Drive 2\et_firmas\cuestionario3\images\textos.css --> etestrategia.co /cuestionario/images textos.css
2016.05.19 12:16 B C:\Users\redkey\Google Drive 2\et_firmas\cuestionario3\images\textos.css --> etestrategia.co /cuestionario/images textos.css
2016.05.19 15:30 B C:\Users\redkey\Google Drive 2\et_firmas\cuestionario3\images\textos.css --> etestrategia.co /cuestionario/images textos.css
2016.05.19 15:30 B C:\Users\redkey\Google Drive 2\et_firmas\cuestionario3\images\boton_g9.jpg --> etestrategia.co /cuestionario/images boton_g9.jpg
2016.05.19 15:30 B C:\Users\redkey\Google Drive 2\et_firmas\cuestionario3\images\boton_g8.jpg --> etestrategia.co /cuestionario/images boton_g8.jpg
2016.05.19 15:30 B C:\Users\redkey\Google Drive 2\et_firmas\cuestionario3\images\boton_g7.jpg --> etestrategia.co /cuestionario/images boton_g7.jpg
2016.05.19 15:30 B C:\Users\redkey\Google Drive 2\et_firmas\cuestionario3\images\boton_g6.jpg --> etestrategia.co /cuestionario/images boton_g6.jpg
2016.05.19 15:31 B C:\Users\redkey\Google Drive 2\et_firmas\cuestionario3\images\boton_g5.jpg --> etestrategia.co /cuestionario/images boton_g5.jpg
2016.05.19 15:31 B C:\Users\redkey\Google Drive 2\et_firmas\cuestionario3\images\boton_g4.jpg --> etestrategia.co /cuestionario/images boton_g4.jpg
2016.05.19 15:31 B C:\Users\redkey\Google Drive 2\et_firmas\cuestionario3\images\boton_g3.jpg --> etestrategia.co /cuestionario/images boton_g3.jpg
2016.05.19 15:31 B C:\Users\redkey\Google Drive 2\et_firmas\cuestionario3\images\boton_g2.jpg --> etestrategia.co /cuestionario/images boton_g2.jpg
2016.05.19 15:31 B C:\Users\redkey\Google Drive 2\et_firmas\cuestionario3\images\boton_g1.jpg --> etestrategia.co /cuestionario/images boton_g1.jpg
2016.05.19 15:31 B C:\Users\redkey\Google Drive 2\et_firmas\cuestionario3\images\boton9.jpg --> etestrategia.co /cuestionario/images boton9.jpg
2016.05.19 15:31 B C:\Users\redkey\Google Drive 2\et_firmas\cuestionario3\images\boton10.jpg --> etestrategia.co /cuestionario/images boton10.jpg
2016.05.19 15:31 B C:\Users\redkey\Google Drive 2\et_firmas\cuestionario3\images\boton8.jpg --> etestrategia.co /cuestionario/images boton8.jpg
2016.05.19 15:31 B C:\Users\redkey\Google Drive 2\et_firmas\cuestionario3\images\boton7.jpg --> etestrategia.co /cuestionario/images boton7.jpg
2016.05.19 15:31 B C:\Users\redkey\Google Drive 2\et_firmas\cuestionario3\images\boton6.jpg --> etestrategia.co /cuestionario/images boton6.jpg
2016.05.19 15:31 B C:\Users\redkey\Google Drive 2\et_firmas\cuestionario3\images\boton2.jpg --> etestrategia.co /cuestionario/images boton2.jpg
2016.05.19 15:31 B C:\Users\redkey\Google Drive 2\et_firmas\cuestionario3\images\boton1.jpg --> etestrategia.co /cuestionario/images boton1.jpg
2016.05.19 15:33 B C:\Users\redkey\Google Drive 2\et_firmas\cuestionario3\images\textos.css --> etestrategia.co /cuestionario/images textos.css
2016.05.19 15:35 B C:\Users\redkey\Google Drive 2\et_firmas\cuestionario3\images\textos.css --> etestrategia.co /cuestionario/images textos.css
2016.05.19 15:47 B c:\Users\marioalejandro\Google Drive\proyectos\et_firmas\cuestionario3\images\boton3.jpg --> www.etestrategia.co /cuestionario/images boton3.jpg
2016.05.19 15:47 B c:\Users\marioalejandro\Google Drive\proyectos\et_firmas\cuestionario3\images\boton4.jpg --> www.etestrategia.co /cuestionario/images boton4.jpg
2016.05.19 15:47 B c:\Users\marioalejandro\Google Drive\proyectos\et_firmas\cuestionario3\images\boton5.jpg --> www.etestrategia.co /cuestionario/images boton5.jpg
2016.05.23 12:10 B C:\Users\redkey\Google Drive 2\et_firmas\cuestionario3\images\textos.css --> etestrategia.co /cuestionario/images textos.css
2016.05.23 12:11 B C:\Users\redkey\Google Drive 2\et_firmas\cuestionario3\images\textos.css --> etestrategia.co /cuestionario/images textos.css
2016.05.23 12:12 B C:\Users\redkey\Google Drive 2\et_firmas\cuestionario3\images\textos.css --> etestrategia.co /cuestionario/images textos.css
2016.05.26 11:59 B C:\Users\redkey\Google Drive 2\et_firmas\cuestionario4\images\boton1.jpg --> etestrategia.co /survey/images boton1.jpg
2016.05.26 11:59 B C:\Users\redkey\Google Drive 2\et_firmas\cuestionario4\images\boton10.jpg --> etestrategia.co /survey/images boton10.jpg
2016.05.26 11:59 B C:\Users\redkey\Google Drive 2\et_firmas\cuestionario4\images\boton2.jpg --> etestrategia.co /survey/images boton2.jpg
2016.05.26 11:59 B C:\Users\redkey\Google Drive 2\et_firmas\cuestionario4\images\boton3.jpg --> etestrategia.co /survey/images boton3.jpg
2016.05.26 11:59 B C:\Users\redkey\Google Drive 2\et_firmas\cuestionario4\images\boton4.jpg --> etestrategia.co /survey/images boton4.jpg
2016.05.26 11:59 B C:\Users\redkey\Google Drive 2\et_firmas\cuestionario4\images\boton5.jpg --> etestrategia.co /survey/images boton5.jpg
2016.05.26 11:59 B C:\Users\redkey\Google Drive 2\et_firmas\cuestionario4\images\boton6.jpg --> etestrategia.co /survey/images boton6.jpg
2016.05.26 11:59 B C:\Users\redkey\Google Drive 2\et_firmas\cuestionario4\images\boton7.jpg --> etestrategia.co /survey/images boton7.jpg
2016.05.26 11:59 B C:\Users\redkey\Google Drive 2\et_firmas\cuestionario4\images\boton8.jpg --> etestrategia.co /survey/images boton8.jpg
2016.05.26 11:59 B C:\Users\redkey\Google Drive 2\et_firmas\cuestionario4\images\boton9.jpg --> etestrategia.co /survey/images boton9.jpg
2016.05.26 11:59 B C:\Users\redkey\Google Drive 2\et_firmas\cuestionario4\images\boton_g1.jpg --> etestrategia.co /survey/images boton_g1.jpg
2016.05.26 11:59 B C:\Users\redkey\Google Drive 2\et_firmas\cuestionario4\images\boton_g2.jpg --> etestrategia.co /survey/images boton_g2.jpg
2016.05.26 11:59 B C:\Users\redkey\Google Drive 2\et_firmas\cuestionario4\images\boton_g3.jpg --> etestrategia.co /survey/images boton_g3.jpg
2016.05.26 11:59 B C:\Users\redkey\Google Drive 2\et_firmas\cuestionario4\images\boton_g4.jpg --> etestrategia.co /survey/images boton_g4.jpg
2016.05.26 11:59 B C:\Users\redkey\Google Drive 2\et_firmas\cuestionario4\images\boton_g5.jpg --> etestrategia.co /survey/images boton_g5.jpg
2016.05.26 11:59 B C:\Users\redkey\Google Drive 2\et_firmas\cuestionario4\images\boton_g6.jpg --> etestrategia.co /survey/images boton_g6.jpg
2016.05.26 11:59 B C:\Users\redkey\Google Drive 2\et_firmas\cuestionario4\images\boton_g7.jpg --> etestrategia.co /survey/images boton_g7.jpg
2016.05.26 11:59 B C:\Users\redkey\Google Drive 2\et_firmas\cuestionario4\images\boton_g8.jpg --> etestrategia.co /survey/images boton_g8.jpg
2016.05.26 11:59 B C:\Users\redkey\Google Drive 2\et_firmas\cuestionario4\images\boton_g9.jpg --> etestrategia.co /survey/images boton_g9.jpg
2016.05.26 11:59 B C:\Users\redkey\Google Drive 2\et_firmas\cuestionario4\images\desktop.ini --> etestrategia.co /survey/images desktop.ini
2016.05.26 11:59 B C:\Users\redkey\Google Drive 2\et_firmas\cuestionario4\images\pan.png --> etestrategia.co /survey/images pan.png
2016.05.26 11:59 B C:\Users\redkey\Google Drive 2\et_firmas\cuestionario4\images\spacer.gif --> etestrategia.co /survey/images spacer.gif
2016.05.26 11:59 B C:\Users\redkey\Google Drive 2\et_firmas\cuestionario4\images\textos.css --> etestrategia.co /survey/images textos.css
2016.05.26 11:59 B C:\Users\redkey\Google Drive 2\et_firmas\cuestionario4\images\WS_FTP.LOG --> etestrategia.co /survey/images WS_FTP.LOG
2016.05.26 15:32 B C:\Users\redkey\Google Drive 2\et_firmas\cuestionario4\images\textos.css --> etestrategia.co /consulta/images textos.css
2016.05.26 15:33 B C:\Users\redkey\Google Drive 2\et_firmas\cuestionario4\images\boton12.jpg --> etestrategia.co /consulta/images boton12.jpg
2016.05.26 15:33 B C:\Users\redkey\Google Drive 2\et_firmas\cuestionario4\images\boton11.jpg --> etestrategia.co /consulta/images boton11.jpg
2016.05.27 14:38 B C:\Users\redkey\Google Drive 2\et_firmas\cuestionario4\images\boton12.jpg --> etestrategia.co /consulta/images boton12.jpg
2016.05.27 14:38 B C:\Users\redkey\Google Drive 2\et_firmas\cuestionario4\images\boton11.jpg --> etestrategia.co /consulta/images boton11.jpg
2016.06.13 17:03 B C:\Users\redkey\Google Drive 2\encuesta_elsa\cuestionario4\images\boton1.jpg --> www.bluewolf.com.mx /public_html/encuesta/images boton1.jpg
2016.06.13 17:03 B C:\Users\redkey\Google Drive 2\encuesta_elsa\cuestionario4\images\boton10.jpg --> www.bluewolf.com.mx /public_html/encuesta/images boton10.jpg
2016.06.13 17:03 B C:\Users\redkey\Google Drive 2\encuesta_elsa\cuestionario4\images\boton11 (cpy).jpg --> www.bluewolf.com.mx /public_html/encuesta/images boton11 (cpy).jpg
2016.06.13 17:04 B C:\Users\redkey\Google Drive 2\encuesta_elsa\cuestionario4\images\boton11.jpg --> www.bluewolf.com.mx /public_html/encuesta/images boton11.jpg
2016.06.13 17:04 B C:\Users\redkey\Google Drive 2\encuesta_elsa\cuestionario4\images\boton12 (cpy).jpg --> www.bluewolf.com.mx /public_html/encuesta/images boton12 (cpy).jpg
2016.06.13 17:04 B C:\Users\redkey\Google Drive 2\encuesta_elsa\cuestionario4\images\boton12.jpg --> www.bluewolf.com.mx /public_html/encuesta/images boton12.jpg
2016.06.13 17:04 B C:\Users\redkey\Google Drive 2\encuesta_elsa\cuestionario4\images\boton2.jpg --> www.bluewolf.com.mx /public_html/encuesta/images boton2.jpg
2016.06.13 17:04 B C:\Users\redkey\Google Drive 2\encuesta_elsa\cuestionario4\images\boton3.jpg --> www.bluewolf.com.mx /public_html/encuesta/images boton3.jpg
2016.06.13 17:04 B C:\Users\redkey\Google Drive 2\encuesta_elsa\cuestionario4\images\boton4.jpg --> www.bluewolf.com.mx /public_html/encuesta/images boton4.jpg
2016.06.13 17:04 B C:\Users\redkey\Google Drive 2\encuesta_elsa\cuestionario4\images\boton5.jpg --> www.bluewolf.com.mx /public_html/encuesta/images boton5.jpg
2016.06.13 17:04 B C:\Users\redkey\Google Drive 2\encuesta_elsa\cuestionario4\images\boton6.jpg --> www.bluewolf.com.mx /public_html/encuesta/images boton6.jpg
2016.06.13 17:04 B C:\Users\redkey\Google Drive 2\encuesta_elsa\cuestionario4\images\boton7.jpg --> www.bluewolf.com.mx /public_html/encuesta/images boton7.jpg
2016.06.13 17:04 B C:\Users\redkey\Google Drive 2\encuesta_elsa\cuestionario4\images\boton8.jpg --> www.bluewolf.com.mx /public_html/encuesta/images boton8.jpg
2016.06.13 17:04 B C:\Users\redkey\Google Drive 2\encuesta_elsa\cuestionario4\images\boton9.jpg --> www.bluewolf.com.mx /public_html/encuesta/images boton9.jpg
2016.06.13 17:04 B C:\Users\redkey\Google Drive 2\encuesta_elsa\cuestionario4\images\boton_g1.jpg --> www.bluewolf.com.mx /public_html/encuesta/images boton_g1.jpg
2016.06.13 17:04 B C:\Users\redkey\Google Drive 2\encuesta_elsa\cuestionario4\images\boton_g2.jpg --> www.bluewolf.com.mx /public_html/encuesta/images boton_g2.jpg
2016.06.13 17:04 B C:\Users\redkey\Google Drive 2\encuesta_elsa\cuestionario4\images\boton_g3.jpg --> www.bluewolf.com.mx /public_html/encuesta/images boton_g3.jpg
2016.06.13 17:04 B C:\Users\redkey\Google Drive 2\encuesta_elsa\cuestionario4\images\boton_g4.jpg --> www.bluewolf.com.mx /public_html/encuesta/images boton_g4.jpg
2016.06.13 17:04 B C:\Users\redkey\Google Drive 2\encuesta_elsa\cuestionario4\images\boton_g5.jpg --> www.bluewolf.com.mx /public_html/encuesta/images boton_g5.jpg
2016.06.13 17:04 B C:\Users\redkey\Google Drive 2\encuesta_elsa\cuestionario4\images\boton_g6.jpg --> www.bluewolf.com.mx /public_html/encuesta/images boton_g6.jpg
2016.06.13 17:04 B C:\Users\redkey\Google Drive 2\encuesta_elsa\cuestionario4\images\boton_g7.jpg --> www.bluewolf.com.mx /public_html/encuesta/images boton_g7.jpg
2016.06.13 17:04 B C:\Users\redkey\Google Drive 2\encuesta_elsa\cuestionario4\images\boton_g8.jpg --> www.bluewolf.com.mx /public_html/encuesta/images boton_g8.jpg
2016.06.13 17:04 B C:\Users\redkey\Google Drive 2\encuesta_elsa\cuestionario4\images\boton_g9.jpg --> www.bluewolf.com.mx /public_html/encuesta/images boton_g9.jpg
2016.06.13 17:04 B C:\Users\redkey\Google Drive 2\encuesta_elsa\cuestionario4\images\pan.png --> www.bluewolf.com.mx /public_html/encuesta/images pan.png
2016.06.13 17:04 B C:\Users\redkey\Google Drive 2\encuesta_elsa\cuestionario4\images\spacer.gif --> www.bluewolf.com.mx /public_html/encuesta/images spacer.gif
2016.06.13 17:04 B C:\Users\redkey\Google Drive 2\encuesta_elsa\cuestionario4\images\textos.css --> www.bluewolf.com.mx /public_html/encuesta/images textos.css
2016.06.13 17:04 B C:\Users\redkey\Google Drive 2\encuesta_elsa\cuestionario4\images\WS_FTP.LOG --> www.bluewolf.com.mx /public_html/encuesta/images WS_FTP.LOG
2016.07.25 14:05 B C:\Users\redkey\Google Drive 2\newblue\encuesta_alex\cuestionario\images\desktop.ini --> www.bluewolf.com.mx /public_html/encuesta2/images desktop.ini
2016.07.25 14:05 B C:\Users\redkey\Google Drive 2\newblue\encuesta_alex\cuestionario\images\spacer.gif --> www.bluewolf.com.mx /public_html/encuesta2/images spacer.gif
2016.07.25 14:05 B C:\Users\redkey\Google Drive 2\newblue\encuesta_alex\cuestionario\images\textos.css --> www.bluewolf.com.mx /public_html/encuesta2/images textos.css
2016.07.25 14:05 B C:\Users\redkey\Google Drive 2\newblue\encuesta_alex\cuestionario\images\WS_FTP.LOG --> www.bluewolf.com.mx /public_html/encuesta2/images WS_FTP.LOG
2016.07.25 15:10 B C:\Users\redkey\Google Drive 2\newblue\encuesta_alex\cuestionario\images\info.png --> www.bluewolf.com.mx /public_html/encuesta2/images info.png
2018.07.02 10:46 B C:\Users\redkey\Documents\Google Drive L\newblue\encuesta_alex\cuestionario\images\desktop.ini --> www.bluewolf.com.mx /public_html/Internacionalizacion/cuestionario/images desktop.ini
2018.07.02 10:46 B C:\Users\redkey\Documents\Google Drive L\newblue\encuesta_alex\cuestionario\images\info.png --> www.bluewolf.com.mx /public_html/Internacionalizacion/cuestionario/images info.png
2018.07.02 10:46 B C:\Users\redkey\Documents\Google Drive L\newblue\encuesta_alex\cuestionario\images\spacer.gif --> www.bluewolf.com.mx /public_html/Internacionalizacion/cuestionario/images spacer.gif
2018.07.02 10:46 B C:\Users\redkey\Documents\Google Drive L\newblue\encuesta_alex\cuestionario\images\textos.css --> www.bluewolf.com.mx /public_html/Internacionalizacion/cuestionario/images textos.css
2018.08.02 11:58 B C:\Users\redkey\Documents\Google Drive L\Internacionalizacion\inter_respaldo\cuestionario\images\WS_FTP.LOG <-- bluewolf BLUEHOST /public_html/Internacionalizacion/cuestionario/images WS_FTP.LOG
2018.09.11 12:58 B C:\Users\redkey\Documents\Repositorios\Relacion-Empresas\inter_respaldo\cuestionario\images\info.png --> www.bluewolf.com.mx /public_html/admon/Test/inter_respaldo/cuestionario/images info.png
2018.09.11 12:58 B C:\Users\redkey\Documents\Repositorios\Relacion-Empresas\inter_respaldo\cuestionario\images\spacer.gif --> www.bluewolf.com.mx /public_html/admon/Test/inter_respaldo/cuestionario/images spacer.gif
2018.09.11 12:58 B C:\Users\redkey\Documents\Repositorios\Relacion-Empresas\inter_respaldo\cuestionario\images\textos.css --> www.bluewolf.com.mx /public_html/admon/Test/inter_respaldo/cuestionario/images textos.css
2018.09.11 12:58 B C:\Users\redkey\Documents\Repositorios\Relacion-Empresas\inter_respaldo\cuestionario\images\WS_FTP.LOG --> www.bluewolf.com.mx /public_html/admon/Test/inter_respaldo/cuestionario/images WS_FTP.LOG
