2018.09.13 15:51 B C:\Users\redkey\Documents\Repositorios\Relacion-Empresas\PHPExcel\Examples\templates\43mergeBook2.xlsx --> www.bluewolf.com.mx /public_html/Relaciones/PHPExcel/Examples/templates 43mergeBook2.xlsx
2018.09.13 15:51 B C:\Users\redkey\Documents\Repositorios\Relacion-Empresas\PHPExcel\Examples\templates\43mergeBook1.xlsx --> www.bluewolf.com.mx /public_html/Relaciones/PHPExcel/Examples/templates 43mergeBook1.xlsx
2018.09.13 15:51 B C:\Users\redkey\Documents\Repositorios\Relacion-Empresas\PHPExcel\Examples\templates\36writeLineChart1.xlsx --> www.bluewolf.com.mx /public_html/Relaciones/PHPExcel/Examples/templates 36writeLineChart1.xlsx
2018.09.13 15:51 B C:\Users\redkey\Documents\Repositorios\Relacion-Empresas\PHPExcel\Examples\templates\32readwriteSurfaceChart4.xlsx --> www.bluewolf.com.mx /public_html/Relaciones/PHPExcel/Examples/templates 32readwriteSurfaceChart4.xlsx
2018.09.13 15:51 B C:\Users\redkey\Documents\Repositorios\Relacion-Empresas\PHPExcel\Examples\templates\32readwriteSurfaceChart3.xlsx --> www.bluewolf.com.mx /public_html/Relaciones/PHPExcel/Examples/templates 32readwriteSurfaceChart3.xlsx
2018.09.13 15:51 B C:\Users\redkey\Documents\Repositorios\Relacion-Empresas\PHPExcel\Examples\templates\32readwriteSurfaceChart2.xlsx --> www.bluewolf.com.mx /public_html/Relaciones/PHPExcel/Examples/templates 32readwriteSurfaceChart2.xlsx
2018.09.13 15:51 B C:\Users\redkey\Documents\Repositorios\Relacion-Empresas\PHPExcel\Examples\templates\32readwriteSurfaceChart1.xlsx --> www.bluewolf.com.mx /public_html/Relaciones/PHPExcel/Examples/templates 32readwriteSurfaceChart1.xlsx
2018.09.13 15:51 B C:\Users\redkey\Documents\Repositorios\Relacion-Empresas\PHPExcel\Examples\templates\32readwriteStockChart4.xlsx --> www.bluewolf.com.mx /public_html/Relaciones/PHPExcel/Examples/templates 32readwriteStockChart4.xlsx
2018.09.13 15:51 B C:\Users\redkey\Documents\Repositorios\Relacion-Empresas\PHPExcel\Examples\templates\32readwriteStockChart3.xlsx --> www.bluewolf.com.mx /public_html/Relaciones/PHPExcel/Examples/templates 32readwriteStockChart3.xlsx
2018.09.13 15:51 B C:\Users\redkey\Documents\Repositorios\Relacion-Empresas\PHPExcel\Examples\templates\32readwriteStockChart2.xlsx --> www.bluewolf.com.mx /public_html/Relaciones/PHPExcel/Examples/templates 32readwriteStockChart2.xlsx
2018.09.13 15:51 B C:\Users\redkey\Documents\Repositorios\Relacion-Empresas\PHPExcel\Examples\templates\32readwriteStockChart1.xlsx --> www.bluewolf.com.mx /public_html/Relaciones/PHPExcel/Examples/templates 32readwriteStockChart1.xlsx
2018.09.13 15:51 B C:\Users\redkey\Documents\Repositorios\Relacion-Empresas\PHPExcel\Examples\templates\32readwriteScatterChart5.xlsx --> www.bluewolf.com.mx /public_html/Relaciones/PHPExcel/Examples/templates 32readwriteScatterChart5.xlsx
2018.09.13 15:51 B C:\Users\redkey\Documents\Repositorios\Relacion-Empresas\PHPExcel\Examples\templates\32readwriteScatterChart4.xlsx --> www.bluewolf.com.mx /public_html/Relaciones/PHPExcel/Examples/templates 32readwriteScatterChart4.xlsx
2018.09.13 15:51 B C:\Users\redkey\Documents\Repositorios\Relacion-Empresas\PHPExcel\Examples\templates\32readwriteScatterChart3.xlsx --> www.bluewolf.com.mx /public_html/Relaciones/PHPExcel/Examples/templates 32readwriteScatterChart3.xlsx
2018.09.13 15:51 B C:\Users\redkey\Documents\Repositorios\Relacion-Empresas\PHPExcel\Examples\templates\32readwriteScatterChart2.xlsx --> www.bluewolf.com.mx /public_html/Relaciones/PHPExcel/Examples/templates 32readwriteScatterChart2.xlsx
2018.09.13 15:51 B C:\Users\redkey\Documents\Repositorios\Relacion-Empresas\PHPExcel\Examples\templates\32readwriteScatterChart1.xlsx --> www.bluewolf.com.mx /public_html/Relaciones/PHPExcel/Examples/templates 32readwriteScatterChart1.xlsx
2018.09.13 15:51 B C:\Users\redkey\Documents\Repositorios\Relacion-Empresas\PHPExcel\Examples\templates\32readwriteRadarChart3.xlsx --> www.bluewolf.com.mx /public_html/Relaciones/PHPExcel/Examples/templates 32readwriteRadarChart3.xlsx
2018.09.13 15:51 B C:\Users\redkey\Documents\Repositorios\Relacion-Empresas\PHPExcel\Examples\templates\32readwriteRadarChart2.xlsx --> www.bluewolf.com.mx /public_html/Relaciones/PHPExcel/Examples/templates 32readwriteRadarChart2.xlsx
2018.09.13 15:51 B C:\Users\redkey\Documents\Repositorios\Relacion-Empresas\PHPExcel\Examples\templates\32readwriteRadarChart1.xlsx --> www.bluewolf.com.mx /public_html/Relaciones/PHPExcel/Examples/templates 32readwriteRadarChart1.xlsx
2018.09.13 15:51 B C:\Users\redkey\Documents\Repositorios\Relacion-Empresas\PHPExcel\Examples\templates\32readwritePieChartExploded3D1.xlsx --> www.bluewolf.com.mx /public_html/Relaciones/PHPExcel/Examples/templates 32readwritePieChartExploded3D1.xlsx
2018.09.13 15:51 B C:\Users\redkey\Documents\Repositorios\Relacion-Empresas\PHPExcel\Examples\templates\32readwritePieChartExploded1.xlsx --> www.bluewolf.com.mx /public_html/Relaciones/PHPExcel/Examples/templates 32readwritePieChartExploded1.xlsx
2018.09.13 15:51 B C:\Users\redkey\Documents\Repositorios\Relacion-Empresas\PHPExcel\Examples\templates\32readwritePieChart4.xlsx --> www.bluewolf.com.mx /public_html/Relaciones/PHPExcel/Examples/templates 32readwritePieChart4.xlsx
2018.09.13 15:51 B C:\Users\redkey\Documents\Repositorios\Relacion-Empresas\PHPExcel\Examples\templates\32readwritePieChart3D1.xlsx --> www.bluewolf.com.mx /public_html/Relaciones/PHPExcel/Examples/templates 32readwritePieChart3D1.xlsx
2018.09.13 15:51 B C:\Users\redkey\Documents\Repositorios\Relacion-Empresas\PHPExcel\Examples\templates\32readwritePieChart3.xlsx --> www.bluewolf.com.mx /public_html/Relaciones/PHPExcel/Examples/templates 32readwritePieChart3.xlsx
2018.09.13 15:51 B C:\Users\redkey\Documents\Repositorios\Relacion-Empresas\PHPExcel\Examples\templates\32readwritePieChart2.xlsx --> www.bluewolf.com.mx /public_html/Relaciones/PHPExcel/Examples/templates 32readwritePieChart2.xlsx
2018.09.13 15:51 B C:\Users\redkey\Documents\Repositorios\Relacion-Empresas\PHPExcel\Examples\templates\32readwritePieChart1.xlsx --> www.bluewolf.com.mx /public_html/Relaciones/PHPExcel/Examples/templates 32readwritePieChart1.xlsx
2018.09.13 15:51 B C:\Users\redkey\Documents\Repositorios\Relacion-Empresas\PHPExcel\Examples\templates\32readwriteLineStackedChart2.xlsx --> www.bluewolf.com.mx /public_html/Relaciones/PHPExcel/Examples/templates 32readwriteLineStackedChart2.xlsx
2018.09.13 15:51 B C:\Users\redkey\Documents\Repositorios\Relacion-Empresas\PHPExcel\Examples\templates\32readwriteLineStackedChart1.xlsx --> www.bluewolf.com.mx /public_html/Relaciones/PHPExcel/Examples/templates 32readwriteLineStackedChart1.xlsx
2018.09.13 15:51 B C:\Users\redkey\Documents\Repositorios\Relacion-Empresas\PHPExcel\Examples\templates\32readwriteLinePercentageChart2.xlsx --> www.bluewolf.com.mx /public_html/Relaciones/PHPExcel/Examples/templates 32readwriteLinePercentageChart2.xlsx
2018.09.13 15:51 B C:\Users\redkey\Documents\Repositorios\Relacion-Empresas\PHPExcel\Examples\templates\32readwriteLinePercentageChart1.xlsx --> www.bluewolf.com.mx /public_html/Relaciones/PHPExcel/Examples/templates 32readwriteLinePercentageChart1.xlsx
2018.09.13 15:51 B C:\Users\redkey\Documents\Repositorios\Relacion-Empresas\PHPExcel\Examples\templates\32readwriteLineChartNoPointMarkers1.xlsx --> www.bluewolf.com.mx /public_html/Relaciones/PHPExcel/Examples/templates 32readwriteLineChartNoPointMarkers1.xlsx
2018.09.13 15:51 B C:\Users\redkey\Documents\Repositorios\Relacion-Empresas\PHPExcel\Examples\templates\32readwriteLineChart3D1.xlsx --> www.bluewolf.com.mx /public_html/Relaciones/PHPExcel/Examples/templates 32readwriteLineChart3D1.xlsx
2018.09.13 15:51 B C:\Users\redkey\Documents\Repositorios\Relacion-Empresas\PHPExcel\Examples\templates\32readwriteLineChart3.xlsx --> www.bluewolf.com.mx /public_html/Relaciones/PHPExcel/Examples/templates 32readwriteLineChart3.xlsx
2018.09.13 15:51 B C:\Users\redkey\Documents\Repositorios\Relacion-Empresas\PHPExcel\Examples\templates\32readwriteLineChart2.xlsx --> www.bluewolf.com.mx /public_html/Relaciones/PHPExcel/Examples/templates 32readwriteLineChart2.xlsx
2018.09.13 15:51 B C:\Users\redkey\Documents\Repositorios\Relacion-Empresas\PHPExcel\Examples\templates\32readwriteLineChart1.xlsx --> www.bluewolf.com.mx /public_html/Relaciones/PHPExcel/Examples/templates 32readwriteLineChart1.xlsx
2018.09.13 15:51 B C:\Users\redkey\Documents\Repositorios\Relacion-Empresas\PHPExcel\Examples\templates\32readwriteDonutChartMultiseries1.xlsx --> www.bluewolf.com.mx /public_html/Relaciones/PHPExcel/Examples/templates 32readwriteDonutChartMultiseries1.xlsx
2018.09.13 15:51 B C:\Users\redkey\Documents\Repositorios\Relacion-Empresas\PHPExcel\Examples\templates\32readwriteDonutChartExploded1.xlsx --> www.bluewolf.com.mx /public_html/Relaciones/PHPExcel/Examples/templates 32readwriteDonutChartExploded1.xlsx
2018.09.13 15:51 B C:\Users\redkey\Documents\Repositorios\Relacion-Empresas\PHPExcel\Examples\templates\32readwriteDonutChart4.xlsx --> www.bluewolf.com.mx /public_html/Relaciones/PHPExcel/Examples/templates 32readwriteDonutChart4.xlsx
2018.09.13 15:51 B C:\Users\redkey\Documents\Repositorios\Relacion-Empresas\PHPExcel\Examples\templates\32readwriteDonutChart3.xlsx --> www.bluewolf.com.mx /public_html/Relaciones/PHPExcel/Examples/templates 32readwriteDonutChart3.xlsx
2018.09.13 15:51 B C:\Users\redkey\Documents\Repositorios\Relacion-Empresas\PHPExcel\Examples\templates\32readwriteDonutChart2.xlsx --> www.bluewolf.com.mx /public_html/Relaciones/PHPExcel/Examples/templates 32readwriteDonutChart2.xlsx
2018.09.13 15:51 B C:\Users\redkey\Documents\Repositorios\Relacion-Empresas\PHPExcel\Examples\templates\32readwriteDonutChart1.xlsx --> www.bluewolf.com.mx /public_html/Relaciones/PHPExcel/Examples/templates 32readwriteDonutChart1.xlsx
2018.09.13 15:51 B C:\Users\redkey\Documents\Repositorios\Relacion-Empresas\PHPExcel\Examples\templates\32readwriteColumnStackedChart3D1.xlsx --> www.bluewolf.com.mx /public_html/Relaciones/PHPExcel/Examples/templates 32readwriteColumnStackedChart3D1.xlsx
2018.09.13 15:51 B C:\Users\redkey\Documents\Repositorios\Relacion-Empresas\PHPExcel\Examples\templates\32readwriteColumnStackedChart2.xlsx --> www.bluewolf.com.mx /public_html/Relaciones/PHPExcel/Examples/templates 32readwriteColumnStackedChart2.xlsx
2018.09.13 15:51 B C:\Users\redkey\Documents\Repositorios\Relacion-Empresas\PHPExcel\Examples\templates\32readwriteColumnStackedChart1.xlsx --> www.bluewolf.com.mx /public_html/Relaciones/PHPExcel/Examples/templates 32readwriteColumnStackedChart1.xlsx
2018.09.13 15:51 B C:\Users\redkey\Documents\Repositorios\Relacion-Empresas\PHPExcel\Examples\templates\32readwriteColumnPercentageChart3D1.xlsx --> www.bluewolf.com.mx /public_html/Relaciones/PHPExcel/Examples/templates 32readwriteColumnPercentageChart3D1.xlsx
2018.09.13 15:51 B C:\Users\redkey\Documents\Repositorios\Relacion-Empresas\PHPExcel\Examples\templates\32readwriteColumnPercentageChart2.xlsx --> www.bluewolf.com.mx /public_html/Relaciones/PHPExcel/Examples/templates 32readwriteColumnPercentageChart2.xlsx
2018.09.13 15:51 B C:\Users\redkey\Documents\Repositorios\Relacion-Empresas\PHPExcel\Examples\templates\32readwriteColumnPercentageChart1.xlsx --> www.bluewolf.com.mx /public_html/Relaciones/PHPExcel/Examples/templates 32readwriteColumnPercentageChart1.xlsx
2018.09.13 15:51 B C:\Users\redkey\Documents\Repositorios\Relacion-Empresas\PHPExcel\Examples\templates\32readwriteColumnChart4.xlsx --> www.bluewolf.com.mx /public_html/Relaciones/PHPExcel/Examples/templates 32readwriteColumnChart4.xlsx
2018.09.13 15:51 B C:\Users\redkey\Documents\Repositorios\Relacion-Empresas\PHPExcel\Examples\templates\32readwriteColumnChart3D1.xlsx --> www.bluewolf.com.mx /public_html/Relaciones/PHPExcel/Examples/templates 32readwriteColumnChart3D1.xlsx
2018.09.13 15:51 B C:\Users\redkey\Documents\Repositorios\Relacion-Empresas\PHPExcel\Examples\templates\32readwriteColumnChart3.xlsx --> www.bluewolf.com.mx /public_html/Relaciones/PHPExcel/Examples/templates 32readwriteColumnChart3.xlsx
2018.09.13 15:51 B C:\Users\redkey\Documents\Repositorios\Relacion-Empresas\PHPExcel\Examples\templates\32readwriteColumnChart2.xlsx --> www.bluewolf.com.mx /public_html/Relaciones/PHPExcel/Examples/templates 32readwriteColumnChart2.xlsx
2018.09.13 15:51 B C:\Users\redkey\Documents\Repositorios\Relacion-Empresas\PHPExcel\Examples\templates\32readwriteColumnChart1.xlsx --> www.bluewolf.com.mx /public_html/Relaciones/PHPExcel/Examples/templates 32readwriteColumnChart1.xlsx
2018.09.13 15:51 B C:\Users\redkey\Documents\Repositorios\Relacion-Empresas\PHPExcel\Examples\templates\32readwriteChartWithImages1.xlsx --> www.bluewolf.com.mx /public_html/Relaciones/PHPExcel/Examples/templates 32readwriteChartWithImages1.xlsx
2018.09.13 15:51 B C:\Users\redkey\Documents\Repositorios\Relacion-Empresas\PHPExcel\Examples\templates\32readwriteBubbleChart3D1.xlsx --> www.bluewolf.com.mx /public_html/Relaciones/PHPExcel/Examples/templates 32readwriteBubbleChart3D1.xlsx
2018.09.13 15:51 B C:\Users\redkey\Documents\Repositorios\Relacion-Empresas\PHPExcel\Examples\templates\32readwriteBubbleChart1.xlsx --> www.bluewolf.com.mx /public_html/Relaciones/PHPExcel/Examples/templates 32readwriteBubbleChart1.xlsx
2018.09.13 15:51 B C:\Users\redkey\Documents\Repositorios\Relacion-Empresas\PHPExcel\Examples\templates\32readwriteBarStackedChart3D1.xlsx --> www.bluewolf.com.mx /public_html/Relaciones/PHPExcel/Examples/templates 32readwriteBarStackedChart3D1.xlsx
2018.09.13 15:51 B C:\Users\redkey\Documents\Repositorios\Relacion-Empresas\PHPExcel\Examples\templates\32readwriteBarStackedChart2.xlsx --> www.bluewolf.com.mx /public_html/Relaciones/PHPExcel/Examples/templates 32readwriteBarStackedChart2.xlsx
2018.09.13 15:51 B C:\Users\redkey\Documents\Repositorios\Relacion-Empresas\PHPExcel\Examples\templates\32readwriteBarStackedChart1.xlsx --> www.bluewolf.com.mx /public_html/Relaciones/PHPExcel/Examples/templates 32readwriteBarStackedChart1.xlsx
2018.09.13 15:51 B C:\Users\redkey\Documents\Repositorios\Relacion-Empresas\PHPExcel\Examples\templates\32readwriteBarPercentageChart3D1.xlsx --> www.bluewolf.com.mx /public_html/Relaciones/PHPExcel/Examples/templates 32readwriteBarPercentageChart3D1.xlsx
2018.09.13 15:51 B C:\Users\redkey\Documents\Repositorios\Relacion-Empresas\PHPExcel\Examples\templates\32readwriteBarPercentageChart2.xlsx --> www.bluewolf.com.mx /public_html/Relaciones/PHPExcel/Examples/templates 32readwriteBarPercentageChart2.xlsx
2018.09.13 15:51 B C:\Users\redkey\Documents\Repositorios\Relacion-Empresas\PHPExcel\Examples\templates\32readwriteBarPercentageChart1.xlsx --> www.bluewolf.com.mx /public_html/Relaciones/PHPExcel/Examples/templates 32readwriteBarPercentageChart1.xlsx
2018.09.13 15:51 B C:\Users\redkey\Documents\Repositorios\Relacion-Empresas\PHPExcel\Examples\templates\32readwriteBarChart3D1.xlsx --> www.bluewolf.com.mx /public_html/Relaciones/PHPExcel/Examples/templates 32readwriteBarChart3D1.xlsx
2018.09.13 15:51 B C:\Users\redkey\Documents\Repositorios\Relacion-Empresas\PHPExcel\Examples\templates\32readwriteBarChart3.xlsx --> www.bluewolf.com.mx /public_html/Relaciones/PHPExcel/Examples/templates 32readwriteBarChart3.xlsx
2018.09.13 15:51 B C:\Users\redkey\Documents\Repositorios\Relacion-Empresas\PHPExcel\Examples\templates\32readwriteBarChart2.xlsx --> www.bluewolf.com.mx /public_html/Relaciones/PHPExcel/Examples/templates 32readwriteBarChart2.xlsx
2018.09.13 15:51 B C:\Users\redkey\Documents\Repositorios\Relacion-Empresas\PHPExcel\Examples\templates\32readwriteBarChart1.xlsx --> www.bluewolf.com.mx /public_html/Relaciones/PHPExcel/Examples/templates 32readwriteBarChart1.xlsx
2018.09.13 15:51 B C:\Users\redkey\Documents\Repositorios\Relacion-Empresas\PHPExcel\Examples\templates\32readwriteAreaStackedChart3D1.xlsx --> www.bluewolf.com.mx /public_html/Relaciones/PHPExcel/Examples/templates 32readwriteAreaStackedChart3D1.xlsx
2018.09.13 15:51 B C:\Users\redkey\Documents\Repositorios\Relacion-Empresas\PHPExcel\Examples\templates\32readwriteAreaStackedChart2.xlsx --> www.bluewolf.com.mx /public_html/Relaciones/PHPExcel/Examples/templates 32readwriteAreaStackedChart2.xlsx
2018.09.13 15:51 B C:\Users\redkey\Documents\Repositorios\Relacion-Empresas\PHPExcel\Examples\templates\32readwriteAreaStackedChart1.xlsx --> www.bluewolf.com.mx /public_html/Relaciones/PHPExcel/Examples/templates 32readwriteAreaStackedChart1.xlsx
2018.09.13 15:51 B C:\Users\redkey\Documents\Repositorios\Relacion-Empresas\PHPExcel\Examples\templates\32readwriteAreaPercentageChart3D1.xlsx --> www.bluewolf.com.mx /public_html/Relaciones/PHPExcel/Examples/templates 32readwriteAreaPercentageChart3D1.xlsx
2018.09.13 15:51 B C:\Users\redkey\Documents\Repositorios\Relacion-Empresas\PHPExcel\Examples\templates\32readwriteAreaPercentageChart2.xlsx --> www.bluewolf.com.mx /public_html/Relaciones/PHPExcel/Examples/templates 32readwriteAreaPercentageChart2.xlsx
2018.09.13 15:51 B C:\Users\redkey\Documents\Repositorios\Relacion-Empresas\PHPExcel\Examples\templates\32readwriteAreaPercentageChart1.xlsx --> www.bluewolf.com.mx /public_html/Relaciones/PHPExcel/Examples/templates 32readwriteAreaPercentageChart1.xlsx
2018.09.13 15:51 B C:\Users\redkey\Documents\Repositorios\Relacion-Empresas\PHPExcel\Examples\templates\32readwriteAreaChart3D1.xlsx --> www.bluewolf.com.mx /public_html/Relaciones/PHPExcel/Examples/templates 32readwriteAreaChart3D1.xlsx
2018.09.13 15:51 B C:\Users\redkey\Documents\Repositorios\Relacion-Empresas\PHPExcel\Examples\templates\32readwriteAreaChart3.xlsx --> www.bluewolf.com.mx /public_html/Relaciones/PHPExcel/Examples/templates 32readwriteAreaChart3.xlsx
2018.09.13 15:51 B C:\Users\redkey\Documents\Repositorios\Relacion-Empresas\PHPExcel\Examples\templates\32readwriteAreaChart2.xlsx --> www.bluewolf.com.mx /public_html/Relaciones/PHPExcel/Examples/templates 32readwriteAreaChart2.xlsx
2018.09.13 15:51 B C:\Users\redkey\Documents\Repositorios\Relacion-Empresas\PHPExcel\Examples\templates\32readwriteAreaChart1.xlsx --> www.bluewolf.com.mx /public_html/Relaciones/PHPExcel/Examples/templates 32readwriteAreaChart1.xlsx
2018.09.13 15:51 B C:\Users\redkey\Documents\Repositorios\Relacion-Empresas\PHPExcel\Examples\templates\32complexChartreadwrite.xlsx --> www.bluewolf.com.mx /public_html/Relaciones/PHPExcel/Examples/templates 32complexChartreadwrite.xlsx
2018.09.13 15:51 B C:\Users\redkey\Documents\Repositorios\Relacion-Empresas\PHPExcel\Examples\templates\32chartreadwrite.xlsx --> www.bluewolf.com.mx /public_html/Relaciones/PHPExcel/Examples/templates 32chartreadwrite.xlsx
2018.09.13 15:51 B C:\Users\redkey\Documents\Repositorios\Relacion-Empresas\PHPExcel\Examples\templates\31docproperties.xlsx --> www.bluewolf.com.mx /public_html/Relaciones/PHPExcel/Examples/templates 31docproperties.xlsx
2018.09.13 15:51 B C:\Users\redkey\Documents\Repositorios\Relacion-Empresas\PHPExcel\Examples\templates\31docproperties.xls --> www.bluewolf.com.mx /public_html/Relaciones/PHPExcel/Examples/templates 31docproperties.xls
2018.09.13 15:51 B C:\Users\redkey\Documents\Repositorios\Relacion-Empresas\PHPExcel\Examples\templates\30template.xls --> www.bluewolf.com.mx /public_html/Relaciones/PHPExcel/Examples/templates 30template.xls
2018.09.13 15:51 B C:\Users\redkey\Documents\Repositorios\Relacion-Empresas\PHPExcel\Examples\templates\27template.xls --> www.bluewolf.com.mx /public_html/Relaciones/PHPExcel/Examples/templates 27template.xls
2018.09.13 15:51 B C:\Users\redkey\Documents\Repositorios\Relacion-Empresas\PHPExcel\Examples\templates\26template.xlsx --> www.bluewolf.com.mx /public_html/Relaciones/PHPExcel/Examples/templates 26template.xlsx
