2018.07.11 11:22 B C:\Users\redkey\Documents\Google Drive L\admon\new\PHPExcel\Classes\PHPExcel\Worksheet\AutoFilter.php --> www.bluewolf.com.mx /public_html/admon/new/PHPExcel/Classes/PHPExcel/Worksheet AutoFilter.php
2018.07.11 11:22 B C:\Users\redkey\Documents\Google Drive L\admon\new\PHPExcel\Classes\PHPExcel\Worksheet\BaseDrawing.php --> www.bluewolf.com.mx /public_html/admon/new/PHPExcel/Classes/PHPExcel/Worksheet BaseDrawing.php
2018.07.11 11:22 B C:\Users\redkey\Documents\Google Drive L\admon\new\PHPExcel\Classes\PHPExcel\Worksheet\CellIterator.php --> www.bluewolf.com.mx /public_html/admon/new/PHPExcel/Classes/PHPExcel/Worksheet CellIterator.php
2018.09.13 15:54 B C:\Users\redkey\Documents\Repositorios\Relacion-Empresas\PHPExcel\Classes\PHPExcel\Worksheet\WS_FTP.LOG --> www.bluewolf.com.mx /public_html/Relaciones/PHPExcel/Classes/PHPExcel/Worksheet WS_FTP.LOG
2018.09.13 15:54 B C:\Users\redkey\Documents\Repositorios\Relacion-Empresas\PHPExcel\Classes\PHPExcel\Worksheet\SheetView.php --> www.bluewolf.com.mx /public_html/Relaciones/PHPExcel/Classes/PHPExcel/Worksheet SheetView.php
2018.09.13 15:54 B C:\Users\redkey\Documents\Repositorios\Relacion-Empresas\PHPExcel\Classes\PHPExcel\Worksheet\RowIterator.php --> www.bluewolf.com.mx /public_html/Relaciones/PHPExcel/Classes/PHPExcel/Worksheet RowIterator.php
2018.09.13 15:54 B C:\Users\redkey\Documents\Repositorios\Relacion-Empresas\PHPExcel\Classes\PHPExcel\Worksheet\RowDimension.php --> www.bluewolf.com.mx /public_html/Relaciones/PHPExcel/Classes/PHPExcel/Worksheet RowDimension.php
2018.09.13 15:54 B C:\Users\redkey\Documents\Repositorios\Relacion-Empresas\PHPExcel\Classes\PHPExcel\Worksheet\RowCellIterator.php --> www.bluewolf.com.mx /public_html/Relaciones/PHPExcel/Classes/PHPExcel/Worksheet RowCellIterator.php
2018.09.13 15:54 B C:\Users\redkey\Documents\Repositorios\Relacion-Empresas\PHPExcel\Classes\PHPExcel\Worksheet\Row.php --> www.bluewolf.com.mx /public_html/Relaciones/PHPExcel/Classes/PHPExcel/Worksheet Row.php
2018.09.13 15:54 B C:\Users\redkey\Documents\Repositorios\Relacion-Empresas\PHPExcel\Classes\PHPExcel\Worksheet\Protection.php --> www.bluewolf.com.mx /public_html/Relaciones/PHPExcel/Classes/PHPExcel/Worksheet Protection.php
2018.09.13 15:54 B C:\Users\redkey\Documents\Repositorios\Relacion-Empresas\PHPExcel\Classes\PHPExcel\Worksheet\PageSetup.php --> www.bluewolf.com.mx /public_html/Relaciones/PHPExcel/Classes/PHPExcel/Worksheet PageSetup.php
2018.09.13 15:54 B C:\Users\redkey\Documents\Repositorios\Relacion-Empresas\PHPExcel\Classes\PHPExcel\Worksheet\PageMargins.php --> www.bluewolf.com.mx /public_html/Relaciones/PHPExcel/Classes/PHPExcel/Worksheet PageMargins.php
2018.09.13 15:54 B C:\Users\redkey\Documents\Repositorios\Relacion-Empresas\PHPExcel\Classes\PHPExcel\Worksheet\MemoryDrawing.php --> www.bluewolf.com.mx /public_html/Relaciones/PHPExcel/Classes/PHPExcel/Worksheet MemoryDrawing.php
2018.09.13 15:54 B C:\Users\redkey\Documents\Repositorios\Relacion-Empresas\PHPExcel\Classes\PHPExcel\Worksheet\HeaderFooterDrawing.php --> www.bluewolf.com.mx /public_html/Relaciones/PHPExcel/Classes/PHPExcel/Worksheet HeaderFooterDrawing.php
2018.09.13 15:54 B C:\Users\redkey\Documents\Repositorios\Relacion-Empresas\PHPExcel\Classes\PHPExcel\Worksheet\HeaderFooter.php --> www.bluewolf.com.mx /public_html/Relaciones/PHPExcel/Classes/PHPExcel/Worksheet HeaderFooter.php
2018.09.13 15:54 B C:\Users\redkey\Documents\Repositorios\Relacion-Empresas\PHPExcel\Classes\PHPExcel\Worksheet\Drawing.php --> www.bluewolf.com.mx /public_html/Relaciones/PHPExcel/Classes/PHPExcel/Worksheet Drawing.php
2018.09.13 15:54 B C:\Users\redkey\Documents\Repositorios\Relacion-Empresas\PHPExcel\Classes\PHPExcel\Worksheet\Dimension.php --> www.bluewolf.com.mx /public_html/Relaciones/PHPExcel/Classes/PHPExcel/Worksheet Dimension.php
2018.09.13 15:54 B C:\Users\redkey\Documents\Repositorios\Relacion-Empresas\PHPExcel\Classes\PHPExcel\Worksheet\ColumnIterator.php --> www.bluewolf.com.mx /public_html/Relaciones/PHPExcel/Classes/PHPExcel/Worksheet ColumnIterator.php
2018.09.13 15:54 B C:\Users\redkey\Documents\Repositorios\Relacion-Empresas\PHPExcel\Classes\PHPExcel\Worksheet\ColumnDimension.php --> www.bluewolf.com.mx /public_html/Relaciones/PHPExcel/Classes/PHPExcel/Worksheet ColumnDimension.php
2018.09.13 15:54 B C:\Users\redkey\Documents\Repositorios\Relacion-Empresas\PHPExcel\Classes\PHPExcel\Worksheet\ColumnCellIterator.php --> www.bluewolf.com.mx /public_html/Relaciones/PHPExcel/Classes/PHPExcel/Worksheet ColumnCellIterator.php
2018.09.13 15:54 B C:\Users\redkey\Documents\Repositorios\Relacion-Empresas\PHPExcel\Classes\PHPExcel\Worksheet\Column.php --> www.bluewolf.com.mx /public_html/Relaciones/PHPExcel/Classes/PHPExcel/Worksheet Column.php
2018.09.13 15:54 B C:\Users\redkey\Documents\Repositorios\Relacion-Empresas\PHPExcel\Classes\PHPExcel\Worksheet\CellIterator.php --> www.bluewolf.com.mx /public_html/Relaciones/PHPExcel/Classes/PHPExcel/Worksheet CellIterator.php
2018.09.13 15:54 B C:\Users\redkey\Documents\Repositorios\Relacion-Empresas\PHPExcel\Classes\PHPExcel\Worksheet\BaseDrawing.php --> www.bluewolf.com.mx /public_html/Relaciones/PHPExcel/Classes/PHPExcel/Worksheet BaseDrawing.php
2018.09.13 15:54 B C:\Users\redkey\Documents\Repositorios\Relacion-Empresas\PHPExcel\Classes\PHPExcel\Worksheet\AutoFilter.php --> www.bluewolf.com.mx /public_html/Relaciones/PHPExcel/Classes/PHPExcel/Worksheet AutoFilter.php
