2014.11.25 11:30 B C:\Users\redkey\Google Drive 2\textron\timpmp_produccion\Highcharts\js\modules\solid-gauge.src.js --> tim-pmp.com /public_html/js/modules solid-gauge.src.js
2014.11.25 11:30 B C:\Users\redkey\Google Drive 2\textron\timpmp_produccion\Highcharts\js\modules\solid-gauge.js --> tim-pmp.com /public_html/js/modules solid-gauge.js
2014.11.25 11:30 B C:\Users\redkey\Google Drive 2\textron\timpmp_produccion\Highcharts\js\modules\no-data-to-display.src.js --> tim-pmp.com /public_html/js/modules no-data-to-display.src.js
2014.11.25 11:30 B C:\Users\redkey\Google Drive 2\textron\timpmp_produccion\Highcharts\js\modules\no-data-to-display.js --> tim-pmp.com /public_html/js/modules no-data-to-display.js
2014.11.25 11:30 B C:\Users\redkey\Google Drive 2\textron\timpmp_produccion\Highcharts\js\modules\heatmap.src.js --> tim-pmp.com /public_html/js/modules heatmap.src.js
2014.11.25 11:30 B C:\Users\redkey\Google Drive 2\textron\timpmp_produccion\Highcharts\js\modules\heatmap.js --> tim-pmp.com /public_html/js/modules heatmap.js
2014.11.25 11:30 B C:\Users\redkey\Google Drive 2\textron\timpmp_produccion\Highcharts\js\modules\funnel.src.js --> tim-pmp.com /public_html/js/modules funnel.src.js
2014.11.25 11:30 B C:\Users\redkey\Google Drive 2\textron\timpmp_produccion\Highcharts\js\modules\funnel.js --> tim-pmp.com /public_html/js/modules funnel.js
2014.11.25 11:30 B C:\Users\redkey\Google Drive 2\textron\timpmp_produccion\Highcharts\js\modules\exporting.src.js --> tim-pmp.com /public_html/js/modules exporting.src.js
2014.11.25 11:30 B C:\Users\redkey\Google Drive 2\textron\timpmp_produccion\Highcharts\js\modules\exporting.js --> tim-pmp.com /public_html/js/modules exporting.js
2014.11.25 11:30 B C:\Users\redkey\Google Drive 2\textron\timpmp_produccion\Highcharts\js\modules\drilldown.src.js --> tim-pmp.com /public_html/js/modules drilldown.src.js
2014.11.25 11:30 B C:\Users\redkey\Google Drive 2\textron\timpmp_produccion\Highcharts\js\modules\drilldown.js --> tim-pmp.com /public_html/js/modules drilldown.js
2014.11.25 11:30 B C:\Users\redkey\Google Drive 2\textron\timpmp_produccion\Highcharts\js\modules\data.src.js --> tim-pmp.com /public_html/js/modules data.src.js
2014.11.25 11:30 B C:\Users\redkey\Google Drive 2\textron\timpmp_produccion\Highcharts\js\modules\data.js --> tim-pmp.com /public_html/js/modules data.js
2014.11.25 11:30 B C:\Users\redkey\Google Drive 2\textron\timpmp_produccion\Highcharts\js\modules\canvas-tools.src.js --> tim-pmp.com /public_html/js/modules canvas-tools.src.js
2014.11.25 11:30 B C:\Users\redkey\Google Drive 2\textron\timpmp_produccion\Highcharts\js\modules\canvas-tools.js --> tim-pmp.com /public_html/js/modules canvas-tools.js
2015.01.12 13:14 B C:\Users\redkey\Google Drive 2\newblue\bluew_newmenu\js\modules\canvas-tools.js --> bluewolfonline.com /jvm/apache-tomcat-6.0.14/domains/bluewolfonline.com/ROOT/new/js/modules canvas-tools.js
2015.01.12 13:14 B C:\Users\redkey\Google Drive 2\newblue\bluew_newmenu\js\modules\canvas-tools.src.js --> bluewolfonline.com /jvm/apache-tomcat-6.0.14/domains/bluewolfonline.com/ROOT/new/js/modules canvas-tools.src.js
2015.01.12 13:14 B C:\Users\redkey\Google Drive 2\newblue\bluew_newmenu\js\modules\data.js --> bluewolfonline.com /jvm/apache-tomcat-6.0.14/domains/bluewolfonline.com/ROOT/new/js/modules data.js
2015.01.12 13:14 B C:\Users\redkey\Google Drive 2\newblue\bluew_newmenu\js\modules\data.src.js --> bluewolfonline.com /jvm/apache-tomcat-6.0.14/domains/bluewolfonline.com/ROOT/new/js/modules data.src.js
2015.01.12 13:14 B C:\Users\redkey\Google Drive 2\newblue\bluew_newmenu\js\modules\desktop.ini --> bluewolfonline.com /jvm/apache-tomcat-6.0.14/domains/bluewolfonline.com/ROOT/new/js/modules desktop.ini
2015.01.12 13:14 B C:\Users\redkey\Google Drive 2\newblue\bluew_newmenu\js\modules\drilldown.js --> bluewolfonline.com /jvm/apache-tomcat-6.0.14/domains/bluewolfonline.com/ROOT/new/js/modules drilldown.js
2015.01.12 13:14 B C:\Users\redkey\Google Drive 2\newblue\bluew_newmenu\js\modules\drilldown.src.js --> bluewolfonline.com /jvm/apache-tomcat-6.0.14/domains/bluewolfonline.com/ROOT/new/js/modules drilldown.src.js
2015.01.12 13:14 B C:\Users\redkey\Google Drive 2\newblue\bluew_newmenu\js\modules\exporting.js --> bluewolfonline.com /jvm/apache-tomcat-6.0.14/domains/bluewolfonline.com/ROOT/new/js/modules exporting.js
2015.01.12 13:14 B C:\Users\redkey\Google Drive 2\newblue\bluew_newmenu\js\modules\exporting.src.js --> bluewolfonline.com /jvm/apache-tomcat-6.0.14/domains/bluewolfonline.com/ROOT/new/js/modules exporting.src.js
2015.01.12 13:14 B C:\Users\redkey\Google Drive 2\newblue\bluew_newmenu\js\modules\funnel.js --> bluewolfonline.com /jvm/apache-tomcat-6.0.14/domains/bluewolfonline.com/ROOT/new/js/modules funnel.js
2015.01.12 13:14 B C:\Users\redkey\Google Drive 2\newblue\bluew_newmenu\js\modules\funnel.src.js --> bluewolfonline.com /jvm/apache-tomcat-6.0.14/domains/bluewolfonline.com/ROOT/new/js/modules funnel.src.js
2015.01.12 13:14 B C:\Users\redkey\Google Drive 2\newblue\bluew_newmenu\js\modules\heatmap.js --> bluewolfonline.com /jvm/apache-tomcat-6.0.14/domains/bluewolfonline.com/ROOT/new/js/modules heatmap.js
2015.01.12 13:14 B C:\Users\redkey\Google Drive 2\newblue\bluew_newmenu\js\modules\heatmap.src.js --> bluewolfonline.com /jvm/apache-tomcat-6.0.14/domains/bluewolfonline.com/ROOT/new/js/modules heatmap.src.js
2015.01.12 13:14 B C:\Users\redkey\Google Drive 2\newblue\bluew_newmenu\js\modules\no-data-to-display.js --> bluewolfonline.com /jvm/apache-tomcat-6.0.14/domains/bluewolfonline.com/ROOT/new/js/modules no-data-to-display.js
2015.01.12 13:14 B C:\Users\redkey\Google Drive 2\newblue\bluew_newmenu\js\modules\no-data-to-display.src.js --> bluewolfonline.com /jvm/apache-tomcat-6.0.14/domains/bluewolfonline.com/ROOT/new/js/modules no-data-to-display.src.js
2015.01.12 13:14 B C:\Users\redkey\Google Drive 2\newblue\bluew_newmenu\js\modules\solid-gauge.js --> bluewolfonline.com /jvm/apache-tomcat-6.0.14/domains/bluewolfonline.com/ROOT/new/js/modules solid-gauge.js
2015.01.12 13:14 B C:\Users\redkey\Google Drive 2\newblue\bluew_newmenu\js\modules\solid-gauge.src.js --> bluewolfonline.com /jvm/apache-tomcat-6.0.14/domains/bluewolfonline.com/ROOT/new/js/modules solid-gauge.src.js
2015.01.12 13:14 B C:\Users\redkey\Google Drive 2\newblue\bluew_newmenu\js\modules\WS_FTP.LOG --> bluewolfonline.com /jvm/apache-tomcat-6.0.14/domains/bluewolfonline.com/ROOT/new/js/modules WS_FTP.LOG
2015.09.14 09:42 B C:\Users\redkey\Google Drive 2\newblue\bluew_newmenu\js\modules\WS_FTP.LOG --> bluewolfonline.com /jvm/apache-tomcat-6.0.14/domains/bluewolfonline.com/ROOT/new/js/modules WS_FTP.LOG
2015.09.14 09:42 B C:\Users\redkey\Google Drive 2\newblue\bluew_newmenu\js\modules\desktop.ini --> bluewolfonline.com /jvm/apache-tomcat-6.0.14/domains/bluewolfonline.com/ROOT/new/js/modules desktop.ini
2015.09.14 09:42 B C:\Users\redkey\Google Drive 2\newblue\bluew_newmenu\js\modules\WS_FTP.LOG --> bluewolfonline.com /jvm/apache-tomcat-6.0.14/domains/bluewolfonline.com/ROOT/new/sin/js/modules WS_FTP.LOG
2015.09.14 09:42 B C:\Users\redkey\Google Drive 2\newblue\bluew_newmenu\js\modules\desktop.ini --> bluewolfonline.com /jvm/apache-tomcat-6.0.14/domains/bluewolfonline.com/ROOT/new/sin/js/modules desktop.ini
2015.09.14 09:42 B C:\Users\redkey\Google Drive 2\newblue\bluew_newmenu\js\modules\solid-gauge.src.js --> bluewolfonline.com /jvm/apache-tomcat-6.0.14/domains/bluewolfonline.com/ROOT/new/sin/js/modules solid-gauge.src.js
2015.09.14 09:42 B C:\Users\redkey\Google Drive 2\newblue\bluew_newmenu\js\modules\solid-gauge.js --> bluewolfonline.com /jvm/apache-tomcat-6.0.14/domains/bluewolfonline.com/ROOT/new/sin/js/modules solid-gauge.js
2015.09.14 09:42 B C:\Users\redkey\Google Drive 2\newblue\bluew_newmenu\js\modules\no-data-to-display.src.js --> bluewolfonline.com /jvm/apache-tomcat-6.0.14/domains/bluewolfonline.com/ROOT/new/sin/js/modules no-data-to-display.src.js
2015.09.14 09:42 B C:\Users\redkey\Google Drive 2\newblue\bluew_newmenu\js\modules\no-data-to-display.js --> bluewolfonline.com /jvm/apache-tomcat-6.0.14/domains/bluewolfonline.com/ROOT/new/sin/js/modules no-data-to-display.js
2015.09.14 09:42 B C:\Users\redkey\Google Drive 2\newblue\bluew_newmenu\js\modules\heatmap.src.js --> bluewolfonline.com /jvm/apache-tomcat-6.0.14/domains/bluewolfonline.com/ROOT/new/sin/js/modules heatmap.src.js
2015.09.14 09:42 B C:\Users\redkey\Google Drive 2\newblue\bluew_newmenu\js\modules\heatmap.js --> bluewolfonline.com /jvm/apache-tomcat-6.0.14/domains/bluewolfonline.com/ROOT/new/sin/js/modules heatmap.js
2015.09.14 09:42 B C:\Users\redkey\Google Drive 2\newblue\bluew_newmenu\js\modules\funnel.src.js --> bluewolfonline.com /jvm/apache-tomcat-6.0.14/domains/bluewolfonline.com/ROOT/new/sin/js/modules funnel.src.js
2015.09.14 09:42 B C:\Users\redkey\Google Drive 2\newblue\bluew_newmenu\js\modules\funnel.js --> bluewolfonline.com /jvm/apache-tomcat-6.0.14/domains/bluewolfonline.com/ROOT/new/sin/js/modules funnel.js
2015.09.14 09:42 B C:\Users\redkey\Google Drive 2\newblue\bluew_newmenu\js\modules\exporting.src.js --> bluewolfonline.com /jvm/apache-tomcat-6.0.14/domains/bluewolfonline.com/ROOT/new/sin/js/modules exporting.src.js
2015.09.14 09:42 B C:\Users\redkey\Google Drive 2\newblue\bluew_newmenu\js\modules\exporting.js --> bluewolfonline.com /jvm/apache-tomcat-6.0.14/domains/bluewolfonline.com/ROOT/new/sin/js/modules exporting.js
2015.09.14 09:42 B C:\Users\redkey\Google Drive 2\newblue\bluew_newmenu\js\modules\drilldown.src.js --> bluewolfonline.com /jvm/apache-tomcat-6.0.14/domains/bluewolfonline.com/ROOT/new/sin/js/modules drilldown.src.js
2015.09.14 09:42 B C:\Users\redkey\Google Drive 2\newblue\bluew_newmenu\js\modules\drilldown.js --> bluewolfonline.com /jvm/apache-tomcat-6.0.14/domains/bluewolfonline.com/ROOT/new/sin/js/modules drilldown.js
2015.09.14 09:42 B C:\Users\redkey\Google Drive 2\newblue\bluew_newmenu\js\modules\data.src.js --> bluewolfonline.com /jvm/apache-tomcat-6.0.14/domains/bluewolfonline.com/ROOT/new/sin/js/modules data.src.js
2015.09.14 09:42 B C:\Users\redkey\Google Drive 2\newblue\bluew_newmenu\js\modules\data.js --> bluewolfonline.com /jvm/apache-tomcat-6.0.14/domains/bluewolfonline.com/ROOT/new/sin/js/modules data.js
2015.09.14 09:42 B C:\Users\redkey\Google Drive 2\newblue\bluew_newmenu\js\modules\canvas-tools.src.js --> bluewolfonline.com /jvm/apache-tomcat-6.0.14/domains/bluewolfonline.com/ROOT/new/sin/js/modules canvas-tools.src.js
2015.09.14 09:42 B C:\Users\redkey\Google Drive 2\newblue\bluew_newmenu\js\modules\canvas-tools.js --> bluewolfonline.com /jvm/apache-tomcat-6.0.14/domains/bluewolfonline.com/ROOT/new/sin/js/modules canvas-tools.js
2016.04.28 13:37 B C:\Users\redkey\Google Drive 2\et_firmas\cuestionario\js\modules\desktop.ini --> etestrategia.co /encuesta/js/modules desktop.ini
2016.04.28 13:37 B C:\Users\redkey\Google Drive 2\et_firmas\cuestionario\js\modules\WS_FTP.LOG --> etestrategia.co /encuesta/js/modules WS_FTP.LOG
2016.04.28 13:37 B C:\Users\redkey\Google Drive 2\et_firmas\cuestionario\js\modules\solid-gauge.src.js --> etestrategia.co /encuesta/js/modules solid-gauge.src.js
2016.04.28 13:37 B C:\Users\redkey\Google Drive 2\et_firmas\cuestionario\js\modules\solid-gauge.js --> etestrategia.co /encuesta/js/modules solid-gauge.js
2016.04.28 13:37 B C:\Users\redkey\Google Drive 2\et_firmas\cuestionario\js\modules\no-data-to-display.src.js --> etestrategia.co /encuesta/js/modules no-data-to-display.src.js
2016.04.28 13:37 B C:\Users\redkey\Google Drive 2\et_firmas\cuestionario\js\modules\no-data-to-display.js --> etestrategia.co /encuesta/js/modules no-data-to-display.js
2016.04.28 13:37 B C:\Users\redkey\Google Drive 2\et_firmas\cuestionario\js\modules\heatmap.src.js --> etestrategia.co /encuesta/js/modules heatmap.src.js
2016.04.28 13:37 B C:\Users\redkey\Google Drive 2\et_firmas\cuestionario\js\modules\heatmap.js --> etestrategia.co /encuesta/js/modules heatmap.js
2016.04.28 13:37 B C:\Users\redkey\Google Drive 2\et_firmas\cuestionario\js\modules\funnel.src.js --> etestrategia.co /encuesta/js/modules funnel.src.js
2016.04.28 13:37 B C:\Users\redkey\Google Drive 2\et_firmas\cuestionario\js\modules\funnel.js --> etestrategia.co /encuesta/js/modules funnel.js
2016.04.28 13:37 B C:\Users\redkey\Google Drive 2\et_firmas\cuestionario\js\modules\exporting.src.js --> etestrategia.co /encuesta/js/modules exporting.src.js
2016.04.28 13:37 B C:\Users\redkey\Google Drive 2\et_firmas\cuestionario\js\modules\exporting.js --> etestrategia.co /encuesta/js/modules exporting.js
2016.04.28 13:37 B C:\Users\redkey\Google Drive 2\et_firmas\cuestionario\js\modules\drilldown.src.js --> etestrategia.co /encuesta/js/modules drilldown.src.js
2016.04.28 13:37 B C:\Users\redkey\Google Drive 2\et_firmas\cuestionario\js\modules\drilldown.js --> etestrategia.co /encuesta/js/modules drilldown.js
2016.04.28 13:37 B C:\Users\redkey\Google Drive 2\et_firmas\cuestionario\js\modules\data.src.js --> etestrategia.co /encuesta/js/modules data.src.js
2016.04.28 13:37 B C:\Users\redkey\Google Drive 2\et_firmas\cuestionario\js\modules\data.js --> etestrategia.co /encuesta/js/modules data.js
2016.04.28 13:37 B C:\Users\redkey\Google Drive 2\et_firmas\cuestionario\js\modules\canvas-tools.src.js --> etestrategia.co /encuesta/js/modules canvas-tools.src.js
2016.04.28 13:37 B C:\Users\redkey\Google Drive 2\et_firmas\cuestionario\js\modules\canvas-tools.js --> etestrategia.co /encuesta/js/modules canvas-tools.js
2016.05.13 12:01 B C:\Users\redkey\Google Drive 2\et_firmas\cuestionario2\js\modules\desktop.ini --> etestrategia.co /encuesta2/js/modules desktop.ini
2016.05.13 12:01 B C:\Users\redkey\Google Drive 2\et_firmas\cuestionario2\js\modules\WS_FTP.LOG --> etestrategia.co /encuesta2/js/modules WS_FTP.LOG
2016.05.13 12:01 B C:\Users\redkey\Google Drive 2\et_firmas\cuestionario2\js\modules\solid-gauge.src.js --> etestrategia.co /encuesta2/js/modules solid-gauge.src.js
2016.05.13 12:01 B C:\Users\redkey\Google Drive 2\et_firmas\cuestionario2\js\modules\solid-gauge.js --> etestrategia.co /encuesta2/js/modules solid-gauge.js
2016.05.13 12:01 B C:\Users\redkey\Google Drive 2\et_firmas\cuestionario2\js\modules\no-data-to-display.src.js --> etestrategia.co /encuesta2/js/modules no-data-to-display.src.js
2016.05.13 12:01 B C:\Users\redkey\Google Drive 2\et_firmas\cuestionario2\js\modules\no-data-to-display.js --> etestrategia.co /encuesta2/js/modules no-data-to-display.js
2016.05.13 12:01 B C:\Users\redkey\Google Drive 2\et_firmas\cuestionario2\js\modules\heatmap.src.js --> etestrategia.co /encuesta2/js/modules heatmap.src.js
2016.05.13 12:01 B C:\Users\redkey\Google Drive 2\et_firmas\cuestionario2\js\modules\heatmap.js --> etestrategia.co /encuesta2/js/modules heatmap.js
2016.05.13 12:01 B C:\Users\redkey\Google Drive 2\et_firmas\cuestionario2\js\modules\funnel.src.js --> etestrategia.co /encuesta2/js/modules funnel.src.js
2016.05.13 12:01 B C:\Users\redkey\Google Drive 2\et_firmas\cuestionario2\js\modules\funnel.js --> etestrategia.co /encuesta2/js/modules funnel.js
2016.05.13 12:01 B C:\Users\redkey\Google Drive 2\et_firmas\cuestionario2\js\modules\exporting.src.js --> etestrategia.co /encuesta2/js/modules exporting.src.js
2016.05.13 12:01 B C:\Users\redkey\Google Drive 2\et_firmas\cuestionario2\js\modules\exporting.js --> etestrategia.co /encuesta2/js/modules exporting.js
2016.05.13 12:01 B C:\Users\redkey\Google Drive 2\et_firmas\cuestionario2\js\modules\drilldown.src.js --> etestrategia.co /encuesta2/js/modules drilldown.src.js
2016.05.13 12:01 B C:\Users\redkey\Google Drive 2\et_firmas\cuestionario2\js\modules\drilldown.js --> etestrategia.co /encuesta2/js/modules drilldown.js
2016.05.13 12:01 B C:\Users\redkey\Google Drive 2\et_firmas\cuestionario2\js\modules\data.src.js --> etestrategia.co /encuesta2/js/modules data.src.js
2016.05.13 12:01 B C:\Users\redkey\Google Drive 2\et_firmas\cuestionario2\js\modules\data.js --> etestrategia.co /encuesta2/js/modules data.js
2016.05.13 12:01 B C:\Users\redkey\Google Drive 2\et_firmas\cuestionario2\js\modules\canvas-tools.src.js --> etestrategia.co /encuesta2/js/modules canvas-tools.src.js
2016.05.13 12:01 B C:\Users\redkey\Google Drive 2\et_firmas\cuestionario2\js\modules\canvas-tools.js --> etestrategia.co /encuesta2/js/modules canvas-tools.js
2016.05.26 12:00 B C:\Users\redkey\Google Drive 2\et_firmas\cuestionario4\js\modules\canvas-tools.js --> etestrategia.co /survey/js/modules canvas-tools.js
2016.05.26 12:00 B C:\Users\redkey\Google Drive 2\et_firmas\cuestionario4\js\modules\canvas-tools.src.js --> etestrategia.co /survey/js/modules canvas-tools.src.js
2016.05.26 12:00 B C:\Users\redkey\Google Drive 2\et_firmas\cuestionario4\js\modules\data.js --> etestrategia.co /survey/js/modules data.js
2016.05.26 12:00 B C:\Users\redkey\Google Drive 2\et_firmas\cuestionario4\js\modules\data.src.js --> etestrategia.co /survey/js/modules data.src.js
2016.05.26 12:00 B C:\Users\redkey\Google Drive 2\et_firmas\cuestionario4\js\modules\desktop.ini --> etestrategia.co /survey/js/modules desktop.ini
2016.05.26 12:00 B C:\Users\redkey\Google Drive 2\et_firmas\cuestionario4\js\modules\drilldown.js --> etestrategia.co /survey/js/modules drilldown.js
2016.05.26 12:00 B C:\Users\redkey\Google Drive 2\et_firmas\cuestionario4\js\modules\drilldown.src.js --> etestrategia.co /survey/js/modules drilldown.src.js
2016.05.26 12:00 B C:\Users\redkey\Google Drive 2\et_firmas\cuestionario4\js\modules\exporting.js --> etestrategia.co /survey/js/modules exporting.js
2016.05.26 12:00 B C:\Users\redkey\Google Drive 2\et_firmas\cuestionario4\js\modules\exporting.src.js --> etestrategia.co /survey/js/modules exporting.src.js
2016.05.26 12:00 B C:\Users\redkey\Google Drive 2\et_firmas\cuestionario4\js\modules\funnel.js --> etestrategia.co /survey/js/modules funnel.js
2016.05.26 12:00 B C:\Users\redkey\Google Drive 2\et_firmas\cuestionario4\js\modules\funnel.src.js --> etestrategia.co /survey/js/modules funnel.src.js
2016.05.26 12:00 B C:\Users\redkey\Google Drive 2\et_firmas\cuestionario4\js\modules\heatmap.js --> etestrategia.co /survey/js/modules heatmap.js
2016.05.26 12:00 B C:\Users\redkey\Google Drive 2\et_firmas\cuestionario4\js\modules\heatmap.src.js --> etestrategia.co /survey/js/modules heatmap.src.js
2016.05.26 12:00 B C:\Users\redkey\Google Drive 2\et_firmas\cuestionario4\js\modules\no-data-to-display.js --> etestrategia.co /survey/js/modules no-data-to-display.js
2016.05.26 12:00 B C:\Users\redkey\Google Drive 2\et_firmas\cuestionario4\js\modules\no-data-to-display.src.js --> etestrategia.co /survey/js/modules no-data-to-display.src.js
2016.05.26 12:00 B C:\Users\redkey\Google Drive 2\et_firmas\cuestionario4\js\modules\solid-gauge.js --> etestrategia.co /survey/js/modules solid-gauge.js
2016.05.26 12:00 B C:\Users\redkey\Google Drive 2\et_firmas\cuestionario4\js\modules\solid-gauge.src.js --> etestrategia.co /survey/js/modules solid-gauge.src.js
2016.05.26 12:00 B C:\Users\redkey\Google Drive 2\et_firmas\cuestionario4\js\modules\WS_FTP.LOG --> etestrategia.co /survey/js/modules WS_FTP.LOG
2016.06.13 17:04 B C:\Users\redkey\Google Drive 2\encuesta_elsa\cuestionario4\js\modules\canvas-tools.js --> www.bluewolf.com.mx /public_html/encuesta/js/modules canvas-tools.js
2016.06.13 17:04 B C:\Users\redkey\Google Drive 2\encuesta_elsa\cuestionario4\js\modules\canvas-tools.src.js --> www.bluewolf.com.mx /public_html/encuesta/js/modules canvas-tools.src.js
2016.06.13 17:04 B C:\Users\redkey\Google Drive 2\encuesta_elsa\cuestionario4\js\modules\data.js --> www.bluewolf.com.mx /public_html/encuesta/js/modules data.js
2016.06.13 17:04 B C:\Users\redkey\Google Drive 2\encuesta_elsa\cuestionario4\js\modules\data.src.js --> www.bluewolf.com.mx /public_html/encuesta/js/modules data.src.js
2016.06.13 17:04 B C:\Users\redkey\Google Drive 2\encuesta_elsa\cuestionario4\js\modules\drilldown.js --> www.bluewolf.com.mx /public_html/encuesta/js/modules drilldown.js
2016.06.13 17:04 B C:\Users\redkey\Google Drive 2\encuesta_elsa\cuestionario4\js\modules\drilldown.src.js --> www.bluewolf.com.mx /public_html/encuesta/js/modules drilldown.src.js
2016.06.13 17:05 B C:\Users\redkey\Google Drive 2\encuesta_elsa\cuestionario4\js\modules\exporting.js --> www.bluewolf.com.mx /public_html/encuesta/js/modules exporting.js
2016.06.13 17:05 B C:\Users\redkey\Google Drive 2\encuesta_elsa\cuestionario4\js\modules\exporting.src.js --> www.bluewolf.com.mx /public_html/encuesta/js/modules exporting.src.js
2016.06.13 17:05 B C:\Users\redkey\Google Drive 2\encuesta_elsa\cuestionario4\js\modules\funnel.js --> www.bluewolf.com.mx /public_html/encuesta/js/modules funnel.js
2016.06.13 17:05 B C:\Users\redkey\Google Drive 2\encuesta_elsa\cuestionario4\js\modules\funnel.src.js --> www.bluewolf.com.mx /public_html/encuesta/js/modules funnel.src.js
2016.06.13 17:05 B C:\Users\redkey\Google Drive 2\encuesta_elsa\cuestionario4\js\modules\heatmap.js --> www.bluewolf.com.mx /public_html/encuesta/js/modules heatmap.js
2016.06.13 17:05 B C:\Users\redkey\Google Drive 2\encuesta_elsa\cuestionario4\js\modules\heatmap.src.js --> www.bluewolf.com.mx /public_html/encuesta/js/modules heatmap.src.js
2016.06.13 17:05 B C:\Users\redkey\Google Drive 2\encuesta_elsa\cuestionario4\js\modules\no-data-to-display.js --> www.bluewolf.com.mx /public_html/encuesta/js/modules no-data-to-display.js
2016.06.13 17:05 B C:\Users\redkey\Google Drive 2\encuesta_elsa\cuestionario4\js\modules\no-data-to-display.src.js --> www.bluewolf.com.mx /public_html/encuesta/js/modules no-data-to-display.src.js
2016.06.13 17:05 B C:\Users\redkey\Google Drive 2\encuesta_elsa\cuestionario4\js\modules\solid-gauge.js --> www.bluewolf.com.mx /public_html/encuesta/js/modules solid-gauge.js
2016.06.13 17:05 B C:\Users\redkey\Google Drive 2\encuesta_elsa\cuestionario4\js\modules\solid-gauge.src.js --> www.bluewolf.com.mx /public_html/encuesta/js/modules solid-gauge.src.js
2016.06.13 17:05 B C:\Users\redkey\Google Drive 2\encuesta_elsa\cuestionario4\js\modules\WS_FTP.LOG --> www.bluewolf.com.mx /public_html/encuesta/js/modules WS_FTP.LOG
2016.07.25 14:05 B C:\Users\redkey\Google Drive 2\newblue\encuesta_alex\cuestionario\js\modules\canvas-tools.js --> www.bluewolf.com.mx /public_html/encuesta2/js/modules canvas-tools.js
2016.07.25 14:05 B C:\Users\redkey\Google Drive 2\newblue\encuesta_alex\cuestionario\js\modules\canvas-tools.src.js --> www.bluewolf.com.mx /public_html/encuesta2/js/modules canvas-tools.src.js
2016.07.25 14:05 B C:\Users\redkey\Google Drive 2\newblue\encuesta_alex\cuestionario\js\modules\data.js --> www.bluewolf.com.mx /public_html/encuesta2/js/modules data.js
2016.07.25 14:05 B C:\Users\redkey\Google Drive 2\newblue\encuesta_alex\cuestionario\js\modules\data.src.js --> www.bluewolf.com.mx /public_html/encuesta2/js/modules data.src.js
2016.07.25 14:05 B C:\Users\redkey\Google Drive 2\newblue\encuesta_alex\cuestionario\js\modules\desktop.ini --> www.bluewolf.com.mx /public_html/encuesta2/js/modules desktop.ini
2016.07.25 14:05 B C:\Users\redkey\Google Drive 2\newblue\encuesta_alex\cuestionario\js\modules\drilldown.js --> www.bluewolf.com.mx /public_html/encuesta2/js/modules drilldown.js
2016.07.25 14:05 B C:\Users\redkey\Google Drive 2\newblue\encuesta_alex\cuestionario\js\modules\drilldown.src.js --> www.bluewolf.com.mx /public_html/encuesta2/js/modules drilldown.src.js
2016.07.25 14:05 B C:\Users\redkey\Google Drive 2\newblue\encuesta_alex\cuestionario\js\modules\exporting.js --> www.bluewolf.com.mx /public_html/encuesta2/js/modules exporting.js
2016.07.25 14:05 B C:\Users\redkey\Google Drive 2\newblue\encuesta_alex\cuestionario\js\modules\exporting.src.js --> www.bluewolf.com.mx /public_html/encuesta2/js/modules exporting.src.js
2016.07.25 14:05 B C:\Users\redkey\Google Drive 2\newblue\encuesta_alex\cuestionario\js\modules\funnel.js --> www.bluewolf.com.mx /public_html/encuesta2/js/modules funnel.js
2016.07.25 14:05 B C:\Users\redkey\Google Drive 2\newblue\encuesta_alex\cuestionario\js\modules\funnel.src.js --> www.bluewolf.com.mx /public_html/encuesta2/js/modules funnel.src.js
2016.07.25 14:05 B C:\Users\redkey\Google Drive 2\newblue\encuesta_alex\cuestionario\js\modules\heatmap.js --> www.bluewolf.com.mx /public_html/encuesta2/js/modules heatmap.js
2016.07.25 14:05 B C:\Users\redkey\Google Drive 2\newblue\encuesta_alex\cuestionario\js\modules\heatmap.src.js --> www.bluewolf.com.mx /public_html/encuesta2/js/modules heatmap.src.js
2016.07.25 14:05 B C:\Users\redkey\Google Drive 2\newblue\encuesta_alex\cuestionario\js\modules\no-data-to-display.js --> www.bluewolf.com.mx /public_html/encuesta2/js/modules no-data-to-display.js
2016.07.25 14:05 B C:\Users\redkey\Google Drive 2\newblue\encuesta_alex\cuestionario\js\modules\no-data-to-display.src.js --> www.bluewolf.com.mx /public_html/encuesta2/js/modules no-data-to-display.src.js
2016.07.25 14:05 B C:\Users\redkey\Google Drive 2\newblue\encuesta_alex\cuestionario\js\modules\solid-gauge.js --> www.bluewolf.com.mx /public_html/encuesta2/js/modules solid-gauge.js
2016.07.25 14:05 B C:\Users\redkey\Google Drive 2\newblue\encuesta_alex\cuestionario\js\modules\solid-gauge.src.js --> www.bluewolf.com.mx /public_html/encuesta2/js/modules solid-gauge.src.js
2016.07.25 14:05 B C:\Users\redkey\Google Drive 2\newblue\encuesta_alex\cuestionario\js\modules\WS_FTP.LOG --> www.bluewolf.com.mx /public_html/encuesta2/js/modules WS_FTP.LOG
2018.07.02 10:46 B C:\Users\redkey\Documents\Google Drive L\newblue\encuesta_alex\cuestionario\js\modules\canvas-tools.js --> www.bluewolf.com.mx /public_html/Internacionalizacion/cuestionario/js/modules canvas-tools.js
2018.07.02 10:46 B C:\Users\redkey\Documents\Google Drive L\newblue\encuesta_alex\cuestionario\js\modules\canvas-tools.src.js --> www.bluewolf.com.mx /public_html/Internacionalizacion/cuestionario/js/modules canvas-tools.src.js
2018.07.02 10:46 B C:\Users\redkey\Documents\Google Drive L\newblue\encuesta_alex\cuestionario\js\modules\data.js --> www.bluewolf.com.mx /public_html/Internacionalizacion/cuestionario/js/modules data.js
2018.07.02 10:46 B C:\Users\redkey\Documents\Google Drive L\newblue\encuesta_alex\cuestionario\js\modules\data.src.js --> www.bluewolf.com.mx /public_html/Internacionalizacion/cuestionario/js/modules data.src.js
2018.07.02 10:46 B C:\Users\redkey\Documents\Google Drive L\newblue\encuesta_alex\cuestionario\js\modules\desktop.ini --> www.bluewolf.com.mx /public_html/Internacionalizacion/cuestionario/js/modules desktop.ini
2018.07.02 10:46 B C:\Users\redkey\Documents\Google Drive L\newblue\encuesta_alex\cuestionario\js\modules\drilldown.js --> www.bluewolf.com.mx /public_html/Internacionalizacion/cuestionario/js/modules drilldown.js
2018.07.02 10:46 B C:\Users\redkey\Documents\Google Drive L\newblue\encuesta_alex\cuestionario\js\modules\drilldown.src.js --> www.bluewolf.com.mx /public_html/Internacionalizacion/cuestionario/js/modules drilldown.src.js
2018.07.02 10:46 B C:\Users\redkey\Documents\Google Drive L\newblue\encuesta_alex\cuestionario\js\modules\exporting.js --> www.bluewolf.com.mx /public_html/Internacionalizacion/cuestionario/js/modules exporting.js
2018.07.02 10:46 B C:\Users\redkey\Documents\Google Drive L\newblue\encuesta_alex\cuestionario\js\modules\exporting.src.js --> www.bluewolf.com.mx /public_html/Internacionalizacion/cuestionario/js/modules exporting.src.js
2018.07.02 10:46 B C:\Users\redkey\Documents\Google Drive L\newblue\encuesta_alex\cuestionario\js\modules\funnel.js --> www.bluewolf.com.mx /public_html/Internacionalizacion/cuestionario/js/modules funnel.js
2018.07.02 10:46 B C:\Users\redkey\Documents\Google Drive L\newblue\encuesta_alex\cuestionario\js\modules\funnel.src.js --> www.bluewolf.com.mx /public_html/Internacionalizacion/cuestionario/js/modules funnel.src.js
2018.07.02 10:46 B C:\Users\redkey\Documents\Google Drive L\newblue\encuesta_alex\cuestionario\js\modules\heatmap.js --> www.bluewolf.com.mx /public_html/Internacionalizacion/cuestionario/js/modules heatmap.js
2018.07.02 10:46 B C:\Users\redkey\Documents\Google Drive L\newblue\encuesta_alex\cuestionario\js\modules\heatmap.src.js --> www.bluewolf.com.mx /public_html/Internacionalizacion/cuestionario/js/modules heatmap.src.js
2018.07.02 10:46 B C:\Users\redkey\Documents\Google Drive L\newblue\encuesta_alex\cuestionario\js\modules\no-data-to-display.js --> www.bluewolf.com.mx /public_html/Internacionalizacion/cuestionario/js/modules no-data-to-display.js
2018.07.02 10:46 B C:\Users\redkey\Documents\Google Drive L\newblue\encuesta_alex\cuestionario\js\modules\no-data-to-display.src.js --> www.bluewolf.com.mx /public_html/Internacionalizacion/cuestionario/js/modules no-data-to-display.src.js
2018.07.02 10:46 B C:\Users\redkey\Documents\Google Drive L\newblue\encuesta_alex\cuestionario\js\modules\solid-gauge.js --> www.bluewolf.com.mx /public_html/Internacionalizacion/cuestionario/js/modules solid-gauge.js
2018.07.02 10:46 B C:\Users\redkey\Documents\Google Drive L\newblue\encuesta_alex\cuestionario\js\modules\solid-gauge.src.js --> www.bluewolf.com.mx /public_html/Internacionalizacion/cuestionario/js/modules solid-gauge.src.js
2018.08.02 11:58 B C:\Users\redkey\Documents\Google Drive L\Internacionalizacion\inter_respaldo\cuestionario\js\modules\WS_FTP.LOG <-- bluewolf BLUEHOST /public_html/Internacionalizacion/cuestionario/js/modules WS_FTP.LOG
2018.09.11 12:58 B C:\Users\redkey\Documents\Repositorios\Relacion-Empresas\inter_respaldo\cuestionario\js\modules\canvas-tools.js --> www.bluewolf.com.mx /public_html/admon/Test/inter_respaldo/cuestionario/js/modules canvas-tools.js
2018.09.11 12:58 B C:\Users\redkey\Documents\Repositorios\Relacion-Empresas\inter_respaldo\cuestionario\js\modules\canvas-tools.src.js --> www.bluewolf.com.mx /public_html/admon/Test/inter_respaldo/cuestionario/js/modules canvas-tools.src.js
2018.09.11 12:58 B C:\Users\redkey\Documents\Repositorios\Relacion-Empresas\inter_respaldo\cuestionario\js\modules\data.js --> www.bluewolf.com.mx /public_html/admon/Test/inter_respaldo/cuestionario/js/modules data.js
2018.09.11 12:58 B C:\Users\redkey\Documents\Repositorios\Relacion-Empresas\inter_respaldo\cuestionario\js\modules\data.src.js --> www.bluewolf.com.mx /public_html/admon/Test/inter_respaldo/cuestionario/js/modules data.src.js
2018.09.11 12:58 B C:\Users\redkey\Documents\Repositorios\Relacion-Empresas\inter_respaldo\cuestionario\js\modules\drilldown.js --> www.bluewolf.com.mx /public_html/admon/Test/inter_respaldo/cuestionario/js/modules drilldown.js
2018.09.11 12:58 B C:\Users\redkey\Documents\Repositorios\Relacion-Empresas\inter_respaldo\cuestionario\js\modules\drilldown.src.js --> www.bluewolf.com.mx /public_html/admon/Test/inter_respaldo/cuestionario/js/modules drilldown.src.js
2018.09.11 12:58 B C:\Users\redkey\Documents\Repositorios\Relacion-Empresas\inter_respaldo\cuestionario\js\modules\exporting.js --> www.bluewolf.com.mx /public_html/admon/Test/inter_respaldo/cuestionario/js/modules exporting.js
2018.09.11 12:58 B C:\Users\redkey\Documents\Repositorios\Relacion-Empresas\inter_respaldo\cuestionario\js\modules\exporting.src.js --> www.bluewolf.com.mx /public_html/admon/Test/inter_respaldo/cuestionario/js/modules exporting.src.js
2018.09.11 12:58 B C:\Users\redkey\Documents\Repositorios\Relacion-Empresas\inter_respaldo\cuestionario\js\modules\funnel.js --> www.bluewolf.com.mx /public_html/admon/Test/inter_respaldo/cuestionario/js/modules funnel.js
2018.09.11 12:58 B C:\Users\redkey\Documents\Repositorios\Relacion-Empresas\inter_respaldo\cuestionario\js\modules\funnel.src.js --> www.bluewolf.com.mx /public_html/admon/Test/inter_respaldo/cuestionario/js/modules funnel.src.js
2018.09.11 12:58 B C:\Users\redkey\Documents\Repositorios\Relacion-Empresas\inter_respaldo\cuestionario\js\modules\heatmap.js --> www.bluewolf.com.mx /public_html/admon/Test/inter_respaldo/cuestionario/js/modules heatmap.js
2018.09.11 12:58 B C:\Users\redkey\Documents\Repositorios\Relacion-Empresas\inter_respaldo\cuestionario\js\modules\heatmap.src.js --> www.bluewolf.com.mx /public_html/admon/Test/inter_respaldo/cuestionario/js/modules heatmap.src.js
2018.09.11 12:58 B C:\Users\redkey\Documents\Repositorios\Relacion-Empresas\inter_respaldo\cuestionario\js\modules\no-data-to-display.js --> www.bluewolf.com.mx /public_html/admon/Test/inter_respaldo/cuestionario/js/modules no-data-to-display.js
2018.09.11 12:58 B C:\Users\redkey\Documents\Repositorios\Relacion-Empresas\inter_respaldo\cuestionario\js\modules\no-data-to-display.src.js --> www.bluewolf.com.mx /public_html/admon/Test/inter_respaldo/cuestionario/js/modules no-data-to-display.src.js
2018.09.11 12:58 B C:\Users\redkey\Documents\Repositorios\Relacion-Empresas\inter_respaldo\cuestionario\js\modules\solid-gauge.js --> www.bluewolf.com.mx /public_html/admon/Test/inter_respaldo/cuestionario/js/modules solid-gauge.js
2018.09.11 12:58 B C:\Users\redkey\Documents\Repositorios\Relacion-Empresas\inter_respaldo\cuestionario\js\modules\solid-gauge.src.js --> www.bluewolf.com.mx /public_html/admon/Test/inter_respaldo/cuestionario/js/modules solid-gauge.src.js
2018.09.11 12:58 B C:\Users\redkey\Documents\Repositorios\Relacion-Empresas\inter_respaldo\cuestionario\js\modules\WS_FTP.LOG --> www.bluewolf.com.mx /public_html/admon/Test/inter_respaldo/cuestionario/js/modules WS_FTP.LOG
