2018.07.11 11:20 B C:\Users\redkey\Documents\Google Drive L\admon\new\PHPExcel\Classes\PHPExcel\CachedObjectStorage\APC.php --> www.bluewolf.com.mx /public_html/admon/new/PHPExcel/Classes/PHPExcel/CachedObjectStorage APC.php
2018.07.11 11:20 B C:\Users\redkey\Documents\Google Drive L\admon\new\PHPExcel\Classes\PHPExcel\CachedObjectStorage\CacheBase.php --> www.bluewolf.com.mx /public_html/admon/new/PHPExcel/Classes/PHPExcel/CachedObjectStorage CacheBase.php
2018.07.11 11:20 B C:\Users\redkey\Documents\Google Drive L\admon\new\PHPExcel\Classes\PHPExcel\CachedObjectStorage\DiscISAM.php --> www.bluewolf.com.mx /public_html/admon/new/PHPExcel/Classes/PHPExcel/CachedObjectStorage DiscISAM.php
2018.07.11 11:20 B C:\Users\redkey\Documents\Google Drive L\admon\new\PHPExcel\Classes\PHPExcel\CachedObjectStorage\ICache.php --> www.bluewolf.com.mx /public_html/admon/new/PHPExcel/Classes/PHPExcel/CachedObjectStorage ICache.php
2018.07.11 11:20 B C:\Users\redkey\Documents\Google Drive L\admon\new\PHPExcel\Classes\PHPExcel\CachedObjectStorage\Igbinary.php --> www.bluewolf.com.mx /public_html/admon/new/PHPExcel/Classes/PHPExcel/CachedObjectStorage Igbinary.php
2018.07.11 11:20 B C:\Users\redkey\Documents\Google Drive L\admon\new\PHPExcel\Classes\PHPExcel\CachedObjectStorage\Memcache.php --> www.bluewolf.com.mx /public_html/admon/new/PHPExcel/Classes/PHPExcel/CachedObjectStorage Memcache.php
2018.07.11 11:20 B C:\Users\redkey\Documents\Google Drive L\admon\new\PHPExcel\Classes\PHPExcel\CachedObjectStorage\Memory.php --> www.bluewolf.com.mx /public_html/admon/new/PHPExcel/Classes/PHPExcel/CachedObjectStorage Memory.php
2018.07.11 11:20 B C:\Users\redkey\Documents\Google Drive L\admon\new\PHPExcel\Classes\PHPExcel\CachedObjectStorage\MemoryGZip.php --> www.bluewolf.com.mx /public_html/admon/new/PHPExcel/Classes/PHPExcel/CachedObjectStorage MemoryGZip.php
2018.07.11 11:20 B C:\Users\redkey\Documents\Google Drive L\admon\new\PHPExcel\Classes\PHPExcel\CachedObjectStorage\MemorySerialized.php --> www.bluewolf.com.mx /public_html/admon/new/PHPExcel/Classes/PHPExcel/CachedObjectStorage MemorySerialized.php
2018.07.11 11:20 B C:\Users\redkey\Documents\Google Drive L\admon\new\PHPExcel\Classes\PHPExcel\CachedObjectStorage\PHPTemp.php --> www.bluewolf.com.mx /public_html/admon/new/PHPExcel/Classes/PHPExcel/CachedObjectStorage PHPTemp.php
2018.07.11 11:20 B C:\Users\redkey\Documents\Google Drive L\admon\new\PHPExcel\Classes\PHPExcel\CachedObjectStorage\SQLite.php --> www.bluewolf.com.mx /public_html/admon/new/PHPExcel/Classes/PHPExcel/CachedObjectStorage SQLite.php
2018.07.11 11:20 B C:\Users\redkey\Documents\Google Drive L\admon\new\PHPExcel\Classes\PHPExcel\CachedObjectStorage\SQLite3.php --> www.bluewolf.com.mx /public_html/admon/new/PHPExcel/Classes/PHPExcel/CachedObjectStorage SQLite3.php
2018.07.11 11:20 B C:\Users\redkey\Documents\Google Drive L\admon\new\PHPExcel\Classes\PHPExcel\CachedObjectStorage\Wincache.php --> www.bluewolf.com.mx /public_html/admon/new/PHPExcel/Classes/PHPExcel/CachedObjectStorage Wincache.php
2018.09.13 15:56 B C:\Users\redkey\Documents\Repositorios\Relacion-Empresas\PHPExcel\Classes\PHPExcel\CachedObjectStorage\WS_FTP.LOG --> www.bluewolf.com.mx /public_html/Relaciones/PHPExcel/Classes/PHPExcel/CachedObjectStorage WS_FTP.LOG
2018.09.13 15:56 B C:\Users\redkey\Documents\Repositorios\Relacion-Empresas\PHPExcel\Classes\PHPExcel\CachedObjectStorage\Wincache.php --> www.bluewolf.com.mx /public_html/Relaciones/PHPExcel/Classes/PHPExcel/CachedObjectStorage Wincache.php
2018.09.13 15:56 B C:\Users\redkey\Documents\Repositorios\Relacion-Empresas\PHPExcel\Classes\PHPExcel\CachedObjectStorage\SQLite3.php --> www.bluewolf.com.mx /public_html/Relaciones/PHPExcel/Classes/PHPExcel/CachedObjectStorage SQLite3.php
2018.09.13 15:56 B C:\Users\redkey\Documents\Repositorios\Relacion-Empresas\PHPExcel\Classes\PHPExcel\CachedObjectStorage\SQLite.php --> www.bluewolf.com.mx /public_html/Relaciones/PHPExcel/Classes/PHPExcel/CachedObjectStorage SQLite.php
2018.09.13 15:56 B C:\Users\redkey\Documents\Repositorios\Relacion-Empresas\PHPExcel\Classes\PHPExcel\CachedObjectStorage\PHPTemp.php --> www.bluewolf.com.mx /public_html/Relaciones/PHPExcel/Classes/PHPExcel/CachedObjectStorage PHPTemp.php
2018.09.13 15:56 B C:\Users\redkey\Documents\Repositorios\Relacion-Empresas\PHPExcel\Classes\PHPExcel\CachedObjectStorage\MemorySerialized.php --> www.bluewolf.com.mx /public_html/Relaciones/PHPExcel/Classes/PHPExcel/CachedObjectStorage MemorySerialized.php
2018.09.13 15:56 B C:\Users\redkey\Documents\Repositorios\Relacion-Empresas\PHPExcel\Classes\PHPExcel\CachedObjectStorage\MemoryGZip.php --> www.bluewolf.com.mx /public_html/Relaciones/PHPExcel/Classes/PHPExcel/CachedObjectStorage MemoryGZip.php
2018.09.13 15:56 B C:\Users\redkey\Documents\Repositorios\Relacion-Empresas\PHPExcel\Classes\PHPExcel\CachedObjectStorage\Memory.php --> www.bluewolf.com.mx /public_html/Relaciones/PHPExcel/Classes/PHPExcel/CachedObjectStorage Memory.php
2018.09.13 15:56 B C:\Users\redkey\Documents\Repositorios\Relacion-Empresas\PHPExcel\Classes\PHPExcel\CachedObjectStorage\Memcache.php --> www.bluewolf.com.mx /public_html/Relaciones/PHPExcel/Classes/PHPExcel/CachedObjectStorage Memcache.php
2018.09.13 15:56 B C:\Users\redkey\Documents\Repositorios\Relacion-Empresas\PHPExcel\Classes\PHPExcel\CachedObjectStorage\Igbinary.php --> www.bluewolf.com.mx /public_html/Relaciones/PHPExcel/Classes/PHPExcel/CachedObjectStorage Igbinary.php
2018.09.13 15:56 B C:\Users\redkey\Documents\Repositorios\Relacion-Empresas\PHPExcel\Classes\PHPExcel\CachedObjectStorage\ICache.php --> www.bluewolf.com.mx /public_html/Relaciones/PHPExcel/Classes/PHPExcel/CachedObjectStorage ICache.php
2018.09.13 15:56 B C:\Users\redkey\Documents\Repositorios\Relacion-Empresas\PHPExcel\Classes\PHPExcel\CachedObjectStorage\DiscISAM.php --> www.bluewolf.com.mx /public_html/Relaciones/PHPExcel/Classes/PHPExcel/CachedObjectStorage DiscISAM.php
2018.09.13 15:56 B C:\Users\redkey\Documents\Repositorios\Relacion-Empresas\PHPExcel\Classes\PHPExcel\CachedObjectStorage\CacheBase.php --> www.bluewolf.com.mx /public_html/Relaciones/PHPExcel/Classes/PHPExcel/CachedObjectStorage CacheBase.php
2018.09.13 15:56 B C:\Users\redkey\Documents\Repositorios\Relacion-Empresas\PHPExcel\Classes\PHPExcel\CachedObjectStorage\APC.php --> www.bluewolf.com.mx /public_html/Relaciones/PHPExcel/Classes/PHPExcel/CachedObjectStorage APC.php
