2018.07.03 23:12 B C:\Users\redkey\Documents\Google Drive L\Internacionalizacion\images\salle.png --> www.bluewolf.com.mx /public_html/Internacionalizacion/images salle.png
2018.07.03 23:12 B C:\Users\redkey\Documents\Google Drive L\Internacionalizacion\images\municipio.png --> www.bluewolf.com.mx /public_html/Internacionalizacion/images municipio.png
2018.07.03 23:12 B C:\Users\redkey\Documents\Google Drive L\Internacionalizacion\images\estado.jpg --> www.bluewolf.com.mx /public_html/Internacionalizacion/images estado.jpg
2018.07.03 23:12 B C:\Users\redkey\Documents\Google Drive L\Internacionalizacion\images\canacintra.png --> www.bluewolf.com.mx /public_html/Internacionalizacion/images canacintra.png
2018.07.03 23:12 B C:\Users\redkey\Documents\Google Drive L\Internacionalizacion\images\imeanticipa.png --> www.bluewolf.com.mx /public_html/Internacionalizacion/images imeanticipa.png
2018.07.03 23:12 B C:\Users\redkey\Documents\Google Drive L\Internacionalizacion\images\bw.png --> www.bluewolf.com.mx /public_html/Internacionalizacion/images bw.png
2018.07.04 09:57 B C:\Users\redkey\Documents\Google Drive L\Internacionalizacion\images\logodesarrolloeconomico.jpeg --> www.bluewolf.com.mx /public_html/Internacionalizacion logodesarrolloeconomico.jpeg
2018.07.04 10:11 B C:\Users\redkey\Documents\Google Drive L\Internacionalizacion\images\side.jpg --> www.bluewolf.com.mx /public_html/Internacionalizacion/images side.jpg
2018.07.05 11:00 B C:\Users\redkey\Documents\Google Drive L\Internacionalizacion\images\logodesarrolloeconomico.png --> www.bluewolf.com.mx /public_html/Internacionalizacion/images logodesarrolloeconomico.png
2018.07.05 11:07 B C:\Users\redkey\Documents\Google Drive L\Internacionalizacion\images\canacintra.png --> www.bluewolf.com.mx /public_html/Internacionalizacion/images canacintra.png
2018.07.05 11:17 B C:\Users\redkey\Documents\Google Drive L\Internacionalizacion\images\canacintrap.png --> www.bluewolf.com.mx /public_html/Internacionalizacion/images canacintrap.png
2018.07.05 11:19 B C:\Users\redkey\Documents\Google Drive L\Internacionalizacion\images\canacintrap.png --> www.bluewolf.com.mx /public_html/Internacionalizacion/images canacintrap.png
2018.07.05 11:56 B C:\Users\redkey\Documents\Google Drive L\Internacionalizacion\images\side.jpg --> www.bluewolf.com.mx /public_html/Internacionalizacion/images side.jpg
2018.07.05 13:00 B C:\Users\redkey\Documents\Google Drive L\Internacionalizacion\images\valor.jpeg --> www.bluewolf.com.mx /public_html/Internacionalizacion/images valor.jpeg
2018.07.16 11:22 B C:\Users\redkey\Documents\Google Drive L\Internacionalizacion\images\bw.png --> www.bluewolf.com.mx /public_html/testinter/images bw.png
2018.07.16 11:22 B C:\Users\redkey\Documents\Google Drive L\Internacionalizacion\images\canacintra.png --> www.bluewolf.com.mx /public_html/testinter/images canacintra.png
2018.07.16 11:22 B C:\Users\redkey\Documents\Google Drive L\Internacionalizacion\images\canacintrap.png --> www.bluewolf.com.mx /public_html/testinter/images canacintrap.png
2018.07.16 11:22 B C:\Users\redkey\Documents\Google Drive L\Internacionalizacion\images\estado.jpg --> www.bluewolf.com.mx /public_html/testinter/images estado.jpg
2018.07.16 11:22 B C:\Users\redkey\Documents\Google Drive L\Internacionalizacion\images\imeanticipa.png --> www.bluewolf.com.mx /public_html/testinter/images imeanticipa.png
2018.07.16 11:22 B C:\Users\redkey\Documents\Google Drive L\Internacionalizacion\images\logodesarrolloeconomico.jpeg --> www.bluewolf.com.mx /public_html/testinter/images logodesarrolloeconomico.jpeg
2018.07.16 11:22 B C:\Users\redkey\Documents\Google Drive L\Internacionalizacion\images\logodesarrolloeconomico.png --> www.bluewolf.com.mx /public_html/testinter/images logodesarrolloeconomico.png
2018.07.16 11:22 B C:\Users\redkey\Documents\Google Drive L\Internacionalizacion\images\municipio.png --> www.bluewolf.com.mx /public_html/testinter/images municipio.png
2018.07.16 11:22 B C:\Users\redkey\Documents\Google Drive L\Internacionalizacion\images\salle.png --> www.bluewolf.com.mx /public_html/testinter/images salle.png
2018.07.16 11:22 B C:\Users\redkey\Documents\Google Drive L\Internacionalizacion\images\side.jpg --> www.bluewolf.com.mx /public_html/testinter/images side.jpg
2018.07.16 11:22 B C:\Users\redkey\Documents\Google Drive L\Internacionalizacion\images\valor.jpeg --> www.bluewolf.com.mx /public_html/testinter/images valor.jpeg
2018.07.16 11:22 B C:\Users\redkey\Documents\Google Drive L\Internacionalizacion\images\WS_FTP.LOG --> www.bluewolf.com.mx /public_html/testinter/images WS_FTP.LOG
2018.07.16 15:05 B C:\Users\redkey\Documents\Google Drive L\Internacionalizacion\images\piec.jpg --> www.bluewolf.com.mx /public_html/testinter/images piec.jpg
2018.07.18 16:08 B C:\Users\redkey\Documents\Google Drive L\Internacionalizacion\images\piec.jpg --> www.bluewolf.com.mx /public_html/Internacionalizacion/images piec.jpg
2018.08.02 12:03 B C:\Users\redkey\Documents\Google Drive L\Internacionalizacion\images\WS_FTP.LOG --> www.bluewolf.com.mx /public_html/Internacionalizacion/images WS_FTP.LOG
2018.08.02 12:03 B C:\Users\redkey\Documents\Google Drive L\Internacionalizacion\images\valor.jpeg --> www.bluewolf.com.mx /public_html/Internacionalizacion/images valor.jpeg
2018.08.02 12:03 B C:\Users\redkey\Documents\Google Drive L\Internacionalizacion\images\canacintrap.png --> www.bluewolf.com.mx /public_html/Internacionalizacion/images canacintrap.png
2018.08.02 12:04 B C:\Users\redkey\Documents\Google Drive L\Internacionalizacion\images\WS_FTP.LOG --> www.bluewolf.com.mx /public_html/Internacionalizacion/images WS_FTP.LOG
2018.09.04 10:53 B C:\Users\redkey\Documents\Repositorios\Relacion-Empresas\images\bw.png --> www.bluewolf.com.mx /public_html/Relaciones/images bw.png
2018.09.04 10:53 B C:\Users\redkey\Documents\Repositorios\Relacion-Empresas\images\canacintra.png --> www.bluewolf.com.mx /public_html/Relaciones/images canacintra.png
2018.09.04 10:53 B C:\Users\redkey\Documents\Repositorios\Relacion-Empresas\images\canacintrap.png --> www.bluewolf.com.mx /public_html/Relaciones/images canacintrap.png
2018.09.04 10:53 B C:\Users\redkey\Documents\Repositorios\Relacion-Empresas\images\estado.jpg --> www.bluewolf.com.mx /public_html/Relaciones/images estado.jpg
2018.09.04 10:53 B C:\Users\redkey\Documents\Repositorios\Relacion-Empresas\images\imeanticipa.png --> www.bluewolf.com.mx /public_html/Relaciones/images imeanticipa.png
2018.09.04 10:53 B C:\Users\redkey\Documents\Repositorios\Relacion-Empresas\images\logodesarrolloeconomico.jpeg --> www.bluewolf.com.mx /public_html/Relaciones/images logodesarrolloeconomico.jpeg
2018.09.04 10:53 B C:\Users\redkey\Documents\Repositorios\Relacion-Empresas\images\logodesarrolloeconomico.png --> www.bluewolf.com.mx /public_html/Relaciones/images logodesarrolloeconomico.png
2018.09.04 10:53 B C:\Users\redkey\Documents\Repositorios\Relacion-Empresas\images\municipio.png --> www.bluewolf.com.mx /public_html/Relaciones/images municipio.png
2018.09.04 10:53 B C:\Users\redkey\Documents\Repositorios\Relacion-Empresas\images\piec.jpg --> www.bluewolf.com.mx /public_html/Relaciones/images piec.jpg
2018.09.04 10:53 B C:\Users\redkey\Documents\Repositorios\Relacion-Empresas\images\salle.png --> www.bluewolf.com.mx /public_html/Relaciones/images salle.png
2018.09.04 10:53 B C:\Users\redkey\Documents\Repositorios\Relacion-Empresas\images\side.jpg --> www.bluewolf.com.mx /public_html/Relaciones/images side.jpg
2018.09.04 10:53 B C:\Users\redkey\Documents\Repositorios\Relacion-Empresas\images\valor.jpeg --> www.bluewolf.com.mx /public_html/Relaciones/images valor.jpeg
2018.09.04 10:53 B C:\Users\redkey\Documents\Repositorios\Relacion-Empresas\images\WS_FTP.LOG --> www.bluewolf.com.mx /public_html/Relaciones/images WS_FTP.LOG
2018.09.04 12:56 B C:\Users\redkey\Documents\Repositorios\Relacion-Empresas\images\loader.gif --> www.bluewolf.com.mx /public_html/Relaciones/images loader.gif
2018.09.11 12:57 B C:\Users\redkey\Documents\Repositorios\Relacion-Empresas\images\bw.png --> www.bluewolf.com.mx /public_html/admon/Test/images bw.png
2018.09.11 12:58 B C:\Users\redkey\Documents\Repositorios\Relacion-Empresas\images\canacintra.png --> www.bluewolf.com.mx /public_html/admon/Test/images canacintra.png
2018.09.11 12:58 B C:\Users\redkey\Documents\Repositorios\Relacion-Empresas\images\canacintrap.png --> www.bluewolf.com.mx /public_html/admon/Test/images canacintrap.png
2018.09.11 12:58 B C:\Users\redkey\Documents\Repositorios\Relacion-Empresas\images\estado.jpg --> www.bluewolf.com.mx /public_html/admon/Test/images estado.jpg
2018.09.11 12:58 B C:\Users\redkey\Documents\Repositorios\Relacion-Empresas\images\imeanticipa.png --> www.bluewolf.com.mx /public_html/admon/Test/images imeanticipa.png
2018.09.11 12:58 B C:\Users\redkey\Documents\Repositorios\Relacion-Empresas\images\loader.gif --> www.bluewolf.com.mx /public_html/admon/Test/images loader.gif
2018.09.11 12:58 B C:\Users\redkey\Documents\Repositorios\Relacion-Empresas\images\logodesarrolloeconomico.jpeg --> www.bluewolf.com.mx /public_html/admon/Test/images logodesarrolloeconomico.jpeg
2018.09.11 12:58 B C:\Users\redkey\Documents\Repositorios\Relacion-Empresas\images\logodesarrolloeconomico.png --> www.bluewolf.com.mx /public_html/admon/Test/images logodesarrolloeconomico.png
2018.09.11 12:58 B C:\Users\redkey\Documents\Repositorios\Relacion-Empresas\images\municipio.png --> www.bluewolf.com.mx /public_html/admon/Test/images municipio.png
2018.09.11 12:58 B C:\Users\redkey\Documents\Repositorios\Relacion-Empresas\images\piec.jpg --> www.bluewolf.com.mx /public_html/admon/Test/images piec.jpg
2018.09.11 12:58 B C:\Users\redkey\Documents\Repositorios\Relacion-Empresas\images\salle.png --> www.bluewolf.com.mx /public_html/admon/Test/images salle.png
2018.09.11 12:58 B C:\Users\redkey\Documents\Repositorios\Relacion-Empresas\images\side.jpg --> www.bluewolf.com.mx /public_html/admon/Test/images side.jpg
2018.09.11 12:58 B C:\Users\redkey\Documents\Repositorios\Relacion-Empresas\images\valor.jpeg --> www.bluewolf.com.mx /public_html/admon/Test/images valor.jpeg
2018.09.11 12:58 B C:\Users\redkey\Documents\Repositorios\Relacion-Empresas\images\WS_FTP.LOG --> www.bluewolf.com.mx /public_html/admon/Test/images WS_FTP.LOG
2018.09.13 12:13 B C:\Users\redkey\Documents\Repositorios\Relacion-Empresas\images\logodesarrolloeconomico2.jpg --> www.bluewolf.com.mx /public_html/Relaciones/images logodesarrolloeconomico2.jpg
2018.09.13 12:18 B C:\Users\redkey\Documents\Repositorios\Relacion-Empresas\images\logodesarrolloeconomico2.jpg --> www.bluewolf.com.mx /public_html/Relaciones/images logodesarrolloeconomico2.jpg
