2018.09.13 15:51 B C:\Users\redkey\Documents\Repositorios\Relacion-Empresas\PHPExcel\Examples\XMLTest.xml --> www.bluewolf.com.mx /public_html/Relaciones/PHPExcel/Examples XMLTest.xml
2018.09.13 15:51 B C:\Users\redkey\Documents\Repositorios\Relacion-Empresas\PHPExcel\Examples\XMLReader.php --> www.bluewolf.com.mx /public_html/Relaciones/PHPExcel/Examples XMLReader.php
2018.09.13 15:51 B C:\Users\redkey\Documents\Repositorios\Relacion-Empresas\PHPExcel\Examples\SylkTest.slk --> www.bluewolf.com.mx /public_html/Relaciones/PHPExcel/Examples SylkTest.slk
2018.09.13 15:51 B C:\Users\redkey\Documents\Repositorios\Relacion-Empresas\PHPExcel\Examples\SylkReader.php --> www.bluewolf.com.mx /public_html/Relaciones/PHPExcel/Examples SylkReader.php
2018.09.13 15:51 B C:\Users\redkey\Documents\Repositorios\Relacion-Empresas\PHPExcel\Examples\runall.php --> www.bluewolf.com.mx /public_html/Relaciones/PHPExcel/Examples runall.php
2018.09.13 15:51 B C:\Users\redkey\Documents\Repositorios\Relacion-Empresas\PHPExcel\Examples\Quadratic2.php --> www.bluewolf.com.mx /public_html/Relaciones/PHPExcel/Examples Quadratic2.php
2018.09.13 15:51 B C:\Users\redkey\Documents\Repositorios\Relacion-Empresas\PHPExcel\Examples\Quadratic.xlsx --> www.bluewolf.com.mx /public_html/Relaciones/PHPExcel/Examples Quadratic.xlsx
2018.09.13 15:51 B C:\Users\redkey\Documents\Repositorios\Relacion-Empresas\PHPExcel\Examples\Quadratic.php --> www.bluewolf.com.mx /public_html/Relaciones/PHPExcel/Examples Quadratic.php
2018.09.13 15:51 B C:\Users\redkey\Documents\Repositorios\Relacion-Empresas\PHPExcel\Examples\OOCalcTest.ods --> www.bluewolf.com.mx /public_html/Relaciones/PHPExcel/Examples OOCalcTest.ods
2018.09.13 15:51 B C:\Users\redkey\Documents\Repositorios\Relacion-Empresas\PHPExcel\Examples\OOCalcReaderPCLZip.php --> www.bluewolf.com.mx /public_html/Relaciones/PHPExcel/Examples OOCalcReaderPCLZip.php
2018.09.13 15:51 B C:\Users\redkey\Documents\Repositorios\Relacion-Empresas\PHPExcel\Examples\OOCalcReader.php --> www.bluewolf.com.mx /public_html/Relaciones/PHPExcel/Examples OOCalcReader.php
2018.09.13 15:51 B C:\Users\redkey\Documents\Repositorios\Relacion-Empresas\PHPExcel\Examples\GnumericTest.gnumeric --> www.bluewolf.com.mx /public_html/Relaciones/PHPExcel/Examples GnumericTest.gnumeric
2018.09.13 15:51 B C:\Users\redkey\Documents\Repositorios\Relacion-Empresas\PHPExcel\Examples\GnumericReader.php --> www.bluewolf.com.mx /public_html/Relaciones/PHPExcel/Examples GnumericReader.php
2018.09.13 15:52 B C:\Users\redkey\Documents\Repositorios\Relacion-Empresas\PHPExcel\Examples\Excel2003XMLTest.xml --> www.bluewolf.com.mx /public_html/Relaciones/PHPExcel/Examples Excel2003XMLTest.xml
2018.09.13 15:52 B C:\Users\redkey\Documents\Repositorios\Relacion-Empresas\PHPExcel\Examples\Excel2003XMLReader.php --> www.bluewolf.com.mx /public_html/Relaciones/PHPExcel/Examples Excel2003XMLReader.php
2018.09.13 15:52 B C:\Users\redkey\Documents\Repositorios\Relacion-Empresas\PHPExcel\Examples\44worksheetInfo.php --> www.bluewolf.com.mx /public_html/Relaciones/PHPExcel/Examples 44worksheetInfo.php
2018.09.13 15:52 B C:\Users\redkey\Documents\Repositorios\Relacion-Empresas\PHPExcel\Examples\43mergeWorkbooks.php --> www.bluewolf.com.mx /public_html/Relaciones/PHPExcel/Examples 43mergeWorkbooks.php
2018.09.13 15:52 B C:\Users\redkey\Documents\Repositorios\Relacion-Empresas\PHPExcel\Examples\42richText.php --> www.bluewolf.com.mx /public_html/Relaciones/PHPExcel/Examples 42richText.php
2018.09.13 15:52 B C:\Users\redkey\Documents\Repositorios\Relacion-Empresas\PHPExcel\Examples\41password.php --> www.bluewolf.com.mx /public_html/Relaciones/PHPExcel/Examples 41password.php
2018.09.13 15:52 B C:\Users\redkey\Documents\Repositorios\Relacion-Empresas\PHPExcel\Examples\40duplicateStyle.php --> www.bluewolf.com.mx /public_html/Relaciones/PHPExcel/Examples 40duplicateStyle.php
2018.09.13 15:52 B C:\Users\redkey\Documents\Repositorios\Relacion-Empresas\PHPExcel\Examples\39dropdown.php --> www.bluewolf.com.mx /public_html/Relaciones/PHPExcel/Examples 39dropdown.php
2018.09.13 15:52 B C:\Users\redkey\Documents\Repositorios\Relacion-Empresas\PHPExcel\Examples\38cloneWorksheet.php --> www.bluewolf.com.mx /public_html/Relaciones/PHPExcel/Examples 38cloneWorksheet.php
2018.09.13 15:52 B C:\Users\redkey\Documents\Repositorios\Relacion-Empresas\PHPExcel\Examples\37page_layout_view.php --> www.bluewolf.com.mx /public_html/Relaciones/PHPExcel/Examples 37page_layout_view.php
2018.09.13 15:52 B C:\Users\redkey\Documents\Repositorios\Relacion-Empresas\PHPExcel\Examples\36chartreadwritePDF.php --> www.bluewolf.com.mx /public_html/Relaciones/PHPExcel/Examples 36chartreadwritePDF.php
2018.09.13 15:52 B C:\Users\redkey\Documents\Repositorios\Relacion-Empresas\PHPExcel\Examples\36chartreadwriteHTML.php --> www.bluewolf.com.mx /public_html/Relaciones/PHPExcel/Examples 36chartreadwriteHTML.php
2018.09.13 15:52 B C:\Users\redkey\Documents\Repositorios\Relacion-Empresas\PHPExcel\Examples\35chartrender.php --> www.bluewolf.com.mx /public_html/Relaciones/PHPExcel/Examples 35chartrender.php
2018.09.13 15:52 B C:\Users\redkey\Documents\Repositorios\Relacion-Empresas\PHPExcel\Examples\34chartupdate.php --> www.bluewolf.com.mx /public_html/Relaciones/PHPExcel/Examples 34chartupdate.php
2018.09.13 15:52 B C:\Users\redkey\Documents\Repositorios\Relacion-Empresas\PHPExcel\Examples\33chartcreate-stock.php --> www.bluewolf.com.mx /public_html/Relaciones/PHPExcel/Examples 33chartcreate-stock.php
2018.09.13 15:52 B C:\Users\redkey\Documents\Repositorios\Relacion-Empresas\PHPExcel\Examples\33chartcreate-scatter.php --> www.bluewolf.com.mx /public_html/Relaciones/PHPExcel/Examples 33chartcreate-scatter.php
2018.09.13 15:52 B C:\Users\redkey\Documents\Repositorios\Relacion-Empresas\PHPExcel\Examples\33chartcreate-radar.php --> www.bluewolf.com.mx /public_html/Relaciones/PHPExcel/Examples 33chartcreate-radar.php
2018.09.13 15:52 B C:\Users\redkey\Documents\Repositorios\Relacion-Empresas\PHPExcel\Examples\33chartcreate-pie.php --> www.bluewolf.com.mx /public_html/Relaciones/PHPExcel/Examples 33chartcreate-pie.php
2018.09.13 15:52 B C:\Users\redkey\Documents\Repositorios\Relacion-Empresas\PHPExcel\Examples\33chartcreate-multiple-charts.php --> www.bluewolf.com.mx /public_html/Relaciones/PHPExcel/Examples 33chartcreate-multiple-charts.php
2018.09.13 15:52 B C:\Users\redkey\Documents\Repositorios\Relacion-Empresas\PHPExcel\Examples\33chartcreate-line.php --> www.bluewolf.com.mx /public_html/Relaciones/PHPExcel/Examples 33chartcreate-line.php
2018.09.13 15:52 B C:\Users\redkey\Documents\Repositorios\Relacion-Empresas\PHPExcel\Examples\33chartcreate-composite.php --> www.bluewolf.com.mx /public_html/Relaciones/PHPExcel/Examples 33chartcreate-composite.php
2018.09.13 15:52 B C:\Users\redkey\Documents\Repositorios\Relacion-Empresas\PHPExcel\Examples\33chartcreate-column.php --> www.bluewolf.com.mx /public_html/Relaciones/PHPExcel/Examples 33chartcreate-column.php
2018.09.13 15:52 B C:\Users\redkey\Documents\Repositorios\Relacion-Empresas\PHPExcel\Examples\33chartcreate-column-2.php --> www.bluewolf.com.mx /public_html/Relaciones/PHPExcel/Examples 33chartcreate-column-2.php
2018.09.13 15:52 B C:\Users\redkey\Documents\Repositorios\Relacion-Empresas\PHPExcel\Examples\33chartcreate-bar.php --> www.bluewolf.com.mx /public_html/Relaciones/PHPExcel/Examples 33chartcreate-bar.php
2018.09.13 15:52 B C:\Users\redkey\Documents\Repositorios\Relacion-Empresas\PHPExcel\Examples\33chartcreate-bar-stacked.php --> www.bluewolf.com.mx /public_html/Relaciones/PHPExcel/Examples 33chartcreate-bar-stacked.php
2018.09.13 15:52 B C:\Users\redkey\Documents\Repositorios\Relacion-Empresas\PHPExcel\Examples\33chartcreate-area.php --> www.bluewolf.com.mx /public_html/Relaciones/PHPExcel/Examples 33chartcreate-area.php
2018.09.13 15:52 B C:\Users\redkey\Documents\Repositorios\Relacion-Empresas\PHPExcel\Examples\32chartreadwrite.php --> www.bluewolf.com.mx /public_html/Relaciones/PHPExcel/Examples 32chartreadwrite.php
2018.09.13 15:52 B C:\Users\redkey\Documents\Repositorios\Relacion-Empresas\PHPExcel\Examples\31docproperties_write.php --> www.bluewolf.com.mx /public_html/Relaciones/PHPExcel/Examples 31docproperties_write.php
2018.09.13 15:52 B C:\Users\redkey\Documents\Repositorios\Relacion-Empresas\PHPExcel\Examples\31docproperties_write-xls.php --> www.bluewolf.com.mx /public_html/Relaciones/PHPExcel/Examples 31docproperties_write-xls.php
2018.09.13 15:52 B C:\Users\redkey\Documents\Repositorios\Relacion-Empresas\PHPExcel\Examples\30template.php --> www.bluewolf.com.mx /public_html/Relaciones/PHPExcel/Examples 30template.php
2018.09.13 15:52 B C:\Users\redkey\Documents\Repositorios\Relacion-Empresas\PHPExcel\Examples\29advancedvaluebinder.php --> www.bluewolf.com.mx /public_html/Relaciones/PHPExcel/Examples 29advancedvaluebinder.php
2018.09.13 15:52 B C:\Users\redkey\Documents\Repositorios\Relacion-Empresas\PHPExcel\Examples\28iterator.php --> www.bluewolf.com.mx /public_html/Relaciones/PHPExcel/Examples 28iterator.php
2018.09.13 15:52 B C:\Users\redkey\Documents\Repositorios\Relacion-Empresas\PHPExcel\Examples\27imagesexcel5.php --> www.bluewolf.com.mx /public_html/Relaciones/PHPExcel/Examples 27imagesexcel5.php
2018.09.13 15:52 B C:\Users\redkey\Documents\Repositorios\Relacion-Empresas\PHPExcel\Examples\26utf8.php --> www.bluewolf.com.mx /public_html/Relaciones/PHPExcel/Examples 26utf8.php
2018.09.13 15:52 B C:\Users\redkey\Documents\Repositorios\Relacion-Empresas\PHPExcel\Examples\25inmemoryimage.php --> www.bluewolf.com.mx /public_html/Relaciones/PHPExcel/Examples 25inmemoryimage.php
2018.09.13 15:52 B C:\Users\redkey\Documents\Repositorios\Relacion-Empresas\PHPExcel\Examples\24readfilter.php --> www.bluewolf.com.mx /public_html/Relaciones/PHPExcel/Examples 24readfilter.php
2018.09.13 15:52 B C:\Users\redkey\Documents\Repositorios\Relacion-Empresas\PHPExcel\Examples\23sharedstyles.php --> www.bluewolf.com.mx /public_html/Relaciones/PHPExcel/Examples 23sharedstyles.php
2018.09.13 15:52 B C:\Users\redkey\Documents\Repositorios\Relacion-Empresas\PHPExcel\Examples\22heavilyformatted.php --> www.bluewolf.com.mx /public_html/Relaciones/PHPExcel/Examples 22heavilyformatted.php
2018.09.13 15:52 B C:\Users\redkey\Documents\Repositorios\Relacion-Empresas\PHPExcel\Examples\21pdf.php --> www.bluewolf.com.mx /public_html/Relaciones/PHPExcel/Examples 21pdf.php
2018.09.13 15:52 B C:\Users\redkey\Documents\Repositorios\Relacion-Empresas\PHPExcel\Examples\20readexcel5.php --> www.bluewolf.com.mx /public_html/Relaciones/PHPExcel/Examples 20readexcel5.php
2018.09.13 15:52 B C:\Users\redkey\Documents\Repositorios\Relacion-Empresas\PHPExcel\Examples\19namedrange.php --> www.bluewolf.com.mx /public_html/Relaciones/PHPExcel/Examples 19namedrange.php
2018.09.13 15:52 B C:\Users\redkey\Documents\Repositorios\Relacion-Empresas\PHPExcel\Examples\18extendedcalculation.php --> www.bluewolf.com.mx /public_html/Relaciones/PHPExcel/Examples 18extendedcalculation.php
2018.09.13 15:52 B C:\Users\redkey\Documents\Repositorios\Relacion-Empresas\PHPExcel\Examples\17html.php --> www.bluewolf.com.mx /public_html/Relaciones/PHPExcel/Examples 17html.php
2018.09.13 15:52 B C:\Users\redkey\Documents\Repositorios\Relacion-Empresas\PHPExcel\Examples\16csv.php --> www.bluewolf.com.mx /public_html/Relaciones/PHPExcel/Examples 16csv.php
2018.09.13 15:52 B C:\Users\redkey\Documents\Repositorios\Relacion-Empresas\PHPExcel\Examples\15datavalidation.php --> www.bluewolf.com.mx /public_html/Relaciones/PHPExcel/Examples 15datavalidation.php
2018.09.13 15:52 B C:\Users\redkey\Documents\Repositorios\Relacion-Empresas\PHPExcel\Examples\15datavalidation-xls.php --> www.bluewolf.com.mx /public_html/Relaciones/PHPExcel/Examples 15datavalidation-xls.php
2018.09.13 15:52 B C:\Users\redkey\Documents\Repositorios\Relacion-Empresas\PHPExcel\Examples\14excel5.php --> www.bluewolf.com.mx /public_html/Relaciones/PHPExcel/Examples 14excel5.php
2018.09.13 15:52 B C:\Users\redkey\Documents\Repositorios\Relacion-Empresas\PHPExcel\Examples\13calculationCyclicFormulae.php --> www.bluewolf.com.mx /public_html/Relaciones/PHPExcel/Examples 13calculationCyclicFormulae.php
2018.09.13 15:52 B C:\Users\redkey\Documents\Repositorios\Relacion-Empresas\PHPExcel\Examples\13calculation.php --> www.bluewolf.com.mx /public_html/Relaciones/PHPExcel/Examples 13calculation.php
2018.09.13 15:52 B C:\Users\redkey\Documents\Repositorios\Relacion-Empresas\PHPExcel\Examples\12cellProtection.php --> www.bluewolf.com.mx /public_html/Relaciones/PHPExcel/Examples 12cellProtection.php
2018.09.13 15:52 B C:\Users\redkey\Documents\Repositorios\Relacion-Empresas\PHPExcel\Examples\11documentsecurity.php --> www.bluewolf.com.mx /public_html/Relaciones/PHPExcel/Examples 11documentsecurity.php
2018.09.13 15:52 B C:\Users\redkey\Documents\Repositorios\Relacion-Empresas\PHPExcel\Examples\11documentsecurity-xls.php --> www.bluewolf.com.mx /public_html/Relaciones/PHPExcel/Examples 11documentsecurity-xls.php
2018.09.13 15:52 B C:\Users\redkey\Documents\Repositorios\Relacion-Empresas\PHPExcel\Examples\10autofilter.php --> www.bluewolf.com.mx /public_html/Relaciones/PHPExcel/Examples 10autofilter.php
2018.09.13 15:52 B C:\Users\redkey\Documents\Repositorios\Relacion-Empresas\PHPExcel\Examples\10autofilter-selection-display.php --> www.bluewolf.com.mx /public_html/Relaciones/PHPExcel/Examples 10autofilter-selection-display.php
2018.09.13 15:52 B C:\Users\redkey\Documents\Repositorios\Relacion-Empresas\PHPExcel\Examples\10autofilter-selection-2.php --> www.bluewolf.com.mx /public_html/Relaciones/PHPExcel/Examples 10autofilter-selection-2.php
2018.09.13 15:52 B C:\Users\redkey\Documents\Repositorios\Relacion-Empresas\PHPExcel\Examples\10autofilter-selection-1.php --> www.bluewolf.com.mx /public_html/Relaciones/PHPExcel/Examples 10autofilter-selection-1.php
2018.09.13 15:52 B C:\Users\redkey\Documents\Repositorios\Relacion-Empresas\PHPExcel\Examples\09pagebreaks.php --> www.bluewolf.com.mx /public_html/Relaciones/PHPExcel/Examples 09pagebreaks.php
2018.09.13 15:52 B C:\Users\redkey\Documents\Repositorios\Relacion-Empresas\PHPExcel\Examples\08conditionalformatting2.php --> www.bluewolf.com.mx /public_html/Relaciones/PHPExcel/Examples 08conditionalformatting2.php
2018.09.13 15:52 B C:\Users\redkey\Documents\Repositorios\Relacion-Empresas\PHPExcel\Examples\08conditionalformatting.php --> www.bluewolf.com.mx /public_html/Relaciones/PHPExcel/Examples 08conditionalformatting.php
2018.09.13 15:52 B C:\Users\redkey\Documents\Repositorios\Relacion-Empresas\PHPExcel\Examples\07readerPCLZip.php --> www.bluewolf.com.mx /public_html/Relaciones/PHPExcel/Examples 07readerPCLZip.php
2018.09.13 15:52 B C:\Users\redkey\Documents\Repositorios\Relacion-Empresas\PHPExcel\Examples\07reader.php --> www.bluewolf.com.mx /public_html/Relaciones/PHPExcel/Examples 07reader.php
2018.09.13 15:52 B C:\Users\redkey\Documents\Repositorios\Relacion-Empresas\PHPExcel\Examples\06largescale.php --> www.bluewolf.com.mx /public_html/Relaciones/PHPExcel/Examples 06largescale.php
2018.09.13 15:52 B C:\Users\redkey\Documents\Repositorios\Relacion-Empresas\PHPExcel\Examples\06largescale-xls.php --> www.bluewolf.com.mx /public_html/Relaciones/PHPExcel/Examples 06largescale-xls.php
2018.09.13 15:52 B C:\Users\redkey\Documents\Repositorios\Relacion-Empresas\PHPExcel\Examples\06largescale-with-cellcaching.php --> www.bluewolf.com.mx /public_html/Relaciones/PHPExcel/Examples 06largescale-with-cellcaching.php
2018.09.13 15:52 B C:\Users\redkey\Documents\Repositorios\Relacion-Empresas\PHPExcel\Examples\06largescale-with-cellcaching-sqlite3.php --> www.bluewolf.com.mx /public_html/Relaciones/PHPExcel/Examples 06largescale-with-cellcaching-sqlite3.php
2018.09.13 15:52 B C:\Users\redkey\Documents\Repositorios\Relacion-Empresas\PHPExcel\Examples\06largescale-with-cellcaching-sqlite.php --> www.bluewolf.com.mx /public_html/Relaciones/PHPExcel/Examples 06largescale-with-cellcaching-sqlite.php
2018.09.13 15:52 B C:\Users\redkey\Documents\Repositorios\Relacion-Empresas\PHPExcel\Examples\05featuredemo.php --> www.bluewolf.com.mx /public_html/Relaciones/PHPExcel/Examples 05featuredemo.php
2018.09.13 15:52 B C:\Users\redkey\Documents\Repositorios\Relacion-Empresas\PHPExcel\Examples\05featuredemo.inc.php --> www.bluewolf.com.mx /public_html/Relaciones/PHPExcel/Examples 05featuredemo.inc.php
2018.09.13 15:52 B C:\Users\redkey\Documents\Repositorios\Relacion-Empresas\PHPExcel\Examples\04printing.php --> www.bluewolf.com.mx /public_html/Relaciones/PHPExcel/Examples 04printing.php
2018.09.13 15:52 B C:\Users\redkey\Documents\Repositorios\Relacion-Empresas\PHPExcel\Examples\03formulas.php --> www.bluewolf.com.mx /public_html/Relaciones/PHPExcel/Examples 03formulas.php
2018.09.13 15:52 B C:\Users\redkey\Documents\Repositorios\Relacion-Empresas\PHPExcel\Examples\02types.php --> www.bluewolf.com.mx /public_html/Relaciones/PHPExcel/Examples 02types.php
2018.09.13 15:52 B C:\Users\redkey\Documents\Repositorios\Relacion-Empresas\PHPExcel\Examples\02types-xls.php --> www.bluewolf.com.mx /public_html/Relaciones/PHPExcel/Examples 02types-xls.php
2018.09.13 15:52 B C:\Users\redkey\Documents\Repositorios\Relacion-Empresas\PHPExcel\Examples\01simplePCLZip.php --> www.bluewolf.com.mx /public_html/Relaciones/PHPExcel/Examples 01simplePCLZip.php
2018.09.13 15:52 B C:\Users\redkey\Documents\Repositorios\Relacion-Empresas\PHPExcel\Examples\01simple.php --> www.bluewolf.com.mx /public_html/Relaciones/PHPExcel/Examples 01simple.php
2018.09.13 15:52 B C:\Users\redkey\Documents\Repositorios\Relacion-Empresas\PHPExcel\Examples\01simple-download-xlsx.php --> www.bluewolf.com.mx /public_html/Relaciones/PHPExcel/Examples 01simple-download-xlsx.php
2018.09.13 15:52 B C:\Users\redkey\Documents\Repositorios\Relacion-Empresas\PHPExcel\Examples\01simple-download-xls.php --> www.bluewolf.com.mx /public_html/Relaciones/PHPExcel/Examples 01simple-download-xls.php
2018.09.13 15:52 B C:\Users\redkey\Documents\Repositorios\Relacion-Empresas\PHPExcel\Examples\01simple-download-pdf.php --> www.bluewolf.com.mx /public_html/Relaciones/PHPExcel/Examples 01simple-download-pdf.php
2018.09.13 15:52 B C:\Users\redkey\Documents\Repositorios\Relacion-Empresas\PHPExcel\Examples\01simple-download-ods.php --> www.bluewolf.com.mx /public_html/Relaciones/PHPExcel/Examples 01simple-download-ods.php
2018.09.13 15:52 B C:\Users\redkey\Documents\Repositorios\Relacion-Empresas\PHPExcel\Examples\01pharSimple.php --> www.bluewolf.com.mx /public_html/Relaciones/PHPExcel/Examples 01pharSimple.php
2018.09.13 15:52 B C:\Users\redkey\Documents\Repositorios\Relacion-Empresas\PHPExcel\Examples\.gitignore --> www.bluewolf.com.mx /public_html/Relaciones/PHPExcel/Examples .gitignore
