2014.06.25 14:39 B C:\Tomcat\webapps\ROOT\newblue\bluew_newmenu\js\dataDays.js --> bluewolfonline.com /jvm/apache-tomcat-6.0.14/domains/bluewolfonline.com/ROOT/js dataDays.js
2014.06.25 14:39 B C:\Tomcat\webapps\ROOT\newblue\bluew_newmenu\js\dataDaysEnh.js --> bluewolfonline.com /jvm/apache-tomcat-6.0.14/domains/bluewolfonline.com/ROOT/js dataDaysEnh.js
2014.06.25 14:39 B C:\Tomcat\webapps\ROOT\newblue\bluew_newmenu\js\dataHours.js --> bluewolfonline.com /jvm/apache-tomcat-6.0.14/domains/bluewolfonline.com/ROOT/js dataHours.js
2014.06.25 14:39 B C:\Tomcat\webapps\ROOT\newblue\bluew_newmenu\js\jquery.cookie.js --> bluewolfonline.com /jvm/apache-tomcat-6.0.14/domains/bluewolfonline.com/ROOT/js jquery.cookie.js
2014.06.25 14:39 B C:\Tomcat\webapps\ROOT\newblue\bluew_newmenu\js\jquery.fn.gantt.js --> bluewolfonline.com /jvm/apache-tomcat-6.0.14/domains/bluewolfonline.com/ROOT/js jquery.fn.gantt.js
2014.06.25 14:39 B C:\Tomcat\webapps\ROOT\newblue\bluew_newmenu\js\jquery.fn.gantt.min.js --> bluewolfonline.com /jvm/apache-tomcat-6.0.14/domains/bluewolfonline.com/ROOT/js jquery.fn.gantt.min.js
2014.06.25 14:39 B C:\Tomcat\webapps\ROOT\newblue\bluew_newmenu\js\jquery.min.js --> bluewolfonline.com /jvm/apache-tomcat-6.0.14/domains/bluewolfonline.com/ROOT/js jquery.min.js
2014.07.15 08:53 B C:\Tomcat\webapps\ROOT\newblue\bluew_newmenu\js\jquery.min.js --> bluewolfonline.com /jvm/apache-tomcat-6.0.14/domains/bluewolfonline.com/ROOT/new/js jquery.min.js
2014.07.15 08:53 B C:\Tomcat\webapps\ROOT\newblue\bluew_newmenu\js\jquery.fn.gantt.min.js --> bluewolfonline.com /jvm/apache-tomcat-6.0.14/domains/bluewolfonline.com/ROOT/new/js jquery.fn.gantt.min.js
2014.07.15 08:53 B C:\Tomcat\webapps\ROOT\newblue\bluew_newmenu\js\jquery.fn.gantt.js --> bluewolfonline.com /jvm/apache-tomcat-6.0.14/domains/bluewolfonline.com/ROOT/new/js jquery.fn.gantt.js
2014.07.15 08:53 B C:\Tomcat\webapps\ROOT\newblue\bluew_newmenu\js\jquery.cookie.js --> bluewolfonline.com /jvm/apache-tomcat-6.0.14/domains/bluewolfonline.com/ROOT/new/js jquery.cookie.js
2014.07.15 08:53 B C:\Tomcat\webapps\ROOT\newblue\bluew_newmenu\js\dataHours.js --> bluewolfonline.com /jvm/apache-tomcat-6.0.14/domains/bluewolfonline.com/ROOT/new/js dataHours.js
2014.07.15 08:53 B C:\Tomcat\webapps\ROOT\newblue\bluew_newmenu\js\dataDaysEnh.js --> bluewolfonline.com /jvm/apache-tomcat-6.0.14/domains/bluewolfonline.com/ROOT/new/js dataDaysEnh.js
2014.07.15 08:53 B C:\Tomcat\webapps\ROOT\newblue\bluew_newmenu\js\dataDays.js --> bluewolfonline.com /jvm/apache-tomcat-6.0.14/domains/bluewolfonline.com/ROOT/new/js dataDays.js
2015.01.12 13:14 B C:\Users\redkey\Google Drive 2\newblue\bluew_newmenu\js\highcharts-3d.js --> bluewolfonline.com /jvm/apache-tomcat-6.0.14/domains/bluewolfonline.com/ROOT/new/js highcharts-3d.js
2015.01.12 13:14 B C:\Users\redkey\Google Drive 2\newblue\bluew_newmenu\js\highcharts-3d.src.js --> bluewolfonline.com /jvm/apache-tomcat-6.0.14/domains/bluewolfonline.com/ROOT/new/js highcharts-3d.src.js
2015.01.12 13:14 B C:\Users\redkey\Google Drive 2\newblue\bluew_newmenu\js\highcharts-all.js --> bluewolfonline.com /jvm/apache-tomcat-6.0.14/domains/bluewolfonline.com/ROOT/new/js highcharts-all.js
2015.01.12 13:14 B C:\Users\redkey\Google Drive 2\newblue\bluew_newmenu\js\highcharts-more.js --> bluewolfonline.com /jvm/apache-tomcat-6.0.14/domains/bluewolfonline.com/ROOT/new/js highcharts-more.js
2015.01.12 13:14 B C:\Users\redkey\Google Drive 2\newblue\bluew_newmenu\js\highcharts-more.src.js --> bluewolfonline.com /jvm/apache-tomcat-6.0.14/domains/bluewolfonline.com/ROOT/new/js highcharts-more.src.js
2015.01.12 13:14 B C:\Users\redkey\Google Drive 2\newblue\bluew_newmenu\js\highcharts.js --> bluewolfonline.com /jvm/apache-tomcat-6.0.14/domains/bluewolfonline.com/ROOT/new/js highcharts.js
2015.01.12 13:14 B C:\Users\redkey\Google Drive 2\newblue\bluew_newmenu\js\highcharts.src.js --> bluewolfonline.com /jvm/apache-tomcat-6.0.14/domains/bluewolfonline.com/ROOT/new/js highcharts.src.js
2015.09.14 09:42 B C:\Users\redkey\Google Drive 2\newblue\bluew_newmenu\js\WS_FTP.LOG --> bluewolfonline.com /jvm/apache-tomcat-6.0.14/domains/bluewolfonline.com/ROOT/new/js WS_FTP.LOG
2015.09.14 09:42 B C:\Users\redkey\Google Drive 2\newblue\bluew_newmenu\js\desktop.ini --> bluewolfonline.com /jvm/apache-tomcat-6.0.14/domains/bluewolfonline.com/ROOT/new/js desktop.ini
2015.09.14 09:42 B C:\Users\redkey\Google Drive 2\newblue\bluew_newmenu\js\WS_FTP.LOG --> bluewolfonline.com /jvm/apache-tomcat-6.0.14/domains/bluewolfonline.com/ROOT/new/sin/js WS_FTP.LOG
2015.09.14 09:42 B C:\Users\redkey\Google Drive 2\newblue\bluew_newmenu\js\desktop.ini --> bluewolfonline.com /jvm/apache-tomcat-6.0.14/domains/bluewolfonline.com/ROOT/new/sin/js desktop.ini
2015.09.14 09:42 B C:\Users\redkey\Google Drive 2\newblue\bluew_newmenu\js\highcharts.src.js --> bluewolfonline.com /jvm/apache-tomcat-6.0.14/domains/bluewolfonline.com/ROOT/new/sin/js highcharts.src.js
2015.09.14 09:42 B C:\Users\redkey\Google Drive 2\newblue\bluew_newmenu\js\highcharts-more.src.js --> bluewolfonline.com /jvm/apache-tomcat-6.0.14/domains/bluewolfonline.com/ROOT/new/sin/js highcharts-more.src.js
2015.09.14 09:42 B C:\Users\redkey\Google Drive 2\newblue\bluew_newmenu\js\highcharts-all.js --> bluewolfonline.com /jvm/apache-tomcat-6.0.14/domains/bluewolfonline.com/ROOT/new/sin/js highcharts-all.js
2015.09.14 09:42 B C:\Users\redkey\Google Drive 2\newblue\bluew_newmenu\js\highcharts-3d.src.js --> bluewolfonline.com /jvm/apache-tomcat-6.0.14/domains/bluewolfonline.com/ROOT/new/sin/js highcharts-3d.src.js
2015.09.14 09:42 B C:\Users\redkey\Google Drive 2\newblue\bluew_newmenu\js\highcharts-more.js --> bluewolfonline.com /jvm/apache-tomcat-6.0.14/domains/bluewolfonline.com/ROOT/new/sin/js highcharts-more.js
2015.09.14 09:42 B C:\Users\redkey\Google Drive 2\newblue\bluew_newmenu\js\highcharts-3d.js --> bluewolfonline.com /jvm/apache-tomcat-6.0.14/domains/bluewolfonline.com/ROOT/new/sin/js highcharts-3d.js
2015.09.14 09:42 B C:\Users\redkey\Google Drive 2\newblue\bluew_newmenu\js\highcharts.js --> bluewolfonline.com /jvm/apache-tomcat-6.0.14/domains/bluewolfonline.com/ROOT/new/sin/js highcharts.js
2015.09.14 09:42 B C:\Users\redkey\Google Drive 2\newblue\bluew_newmenu\js\jquery.min.js --> bluewolfonline.com /jvm/apache-tomcat-6.0.14/domains/bluewolfonline.com/ROOT/new/sin/js jquery.min.js
2015.09.14 09:42 B C:\Users\redkey\Google Drive 2\newblue\bluew_newmenu\js\jquery.fn.gantt.min.js --> bluewolfonline.com /jvm/apache-tomcat-6.0.14/domains/bluewolfonline.com/ROOT/new/sin/js jquery.fn.gantt.min.js
2015.09.14 09:42 B C:\Users\redkey\Google Drive 2\newblue\bluew_newmenu\js\jquery.fn.gantt.js --> bluewolfonline.com /jvm/apache-tomcat-6.0.14/domains/bluewolfonline.com/ROOT/new/sin/js jquery.fn.gantt.js
2015.09.14 09:42 B C:\Users\redkey\Google Drive 2\newblue\bluew_newmenu\js\jquery.cookie.js --> bluewolfonline.com /jvm/apache-tomcat-6.0.14/domains/bluewolfonline.com/ROOT/new/sin/js jquery.cookie.js
2015.09.14 09:42 B C:\Users\redkey\Google Drive 2\newblue\bluew_newmenu\js\dataHours.js --> bluewolfonline.com /jvm/apache-tomcat-6.0.14/domains/bluewolfonline.com/ROOT/new/sin/js dataHours.js
2015.09.14 09:42 B C:\Users\redkey\Google Drive 2\newblue\bluew_newmenu\js\dataDaysEnh.js --> bluewolfonline.com /jvm/apache-tomcat-6.0.14/domains/bluewolfonline.com/ROOT/new/sin/js dataDaysEnh.js
2015.09.14 09:42 B C:\Users\redkey\Google Drive 2\newblue\bluew_newmenu\js\dataDays.js --> bluewolfonline.com /jvm/apache-tomcat-6.0.14/domains/bluewolfonline.com/ROOT/new/sin/js dataDays.js
2016.04.28 13:37 B C:\Users\redkey\Google Drive 2\et_firmas\cuestionario\js\desktop.ini --> etestrategia.co /encuesta/js desktop.ini
2016.04.28 13:37 B C:\Users\redkey\Google Drive 2\et_firmas\cuestionario\js\WS_FTP.LOG --> etestrategia.co /encuesta/js WS_FTP.LOG
2016.04.28 13:37 B C:\Users\redkey\Google Drive 2\et_firmas\cuestionario\js\highcharts.src.js --> etestrategia.co /encuesta/js highcharts.src.js
2016.04.28 13:37 B C:\Users\redkey\Google Drive 2\et_firmas\cuestionario\js\highcharts-more.src.js --> etestrategia.co /encuesta/js highcharts-more.src.js
2016.04.28 13:37 B C:\Users\redkey\Google Drive 2\et_firmas\cuestionario\js\highcharts-all.js --> etestrategia.co /encuesta/js highcharts-all.js
2016.04.28 13:37 B C:\Users\redkey\Google Drive 2\et_firmas\cuestionario\js\highcharts-3d.src.js --> etestrategia.co /encuesta/js highcharts-3d.src.js
2016.04.28 13:37 B C:\Users\redkey\Google Drive 2\et_firmas\cuestionario\js\highcharts-more.js --> etestrategia.co /encuesta/js highcharts-more.js
2016.04.28 13:37 B C:\Users\redkey\Google Drive 2\et_firmas\cuestionario\js\highcharts-3d.js --> etestrategia.co /encuesta/js highcharts-3d.js
2016.04.28 13:37 B C:\Users\redkey\Google Drive 2\et_firmas\cuestionario\js\highcharts.js --> etestrategia.co /encuesta/js highcharts.js
2016.04.28 13:37 B C:\Users\redkey\Google Drive 2\et_firmas\cuestionario\js\jquery.min.js --> etestrategia.co /encuesta/js jquery.min.js
2016.04.28 13:37 B C:\Users\redkey\Google Drive 2\et_firmas\cuestionario\js\jquery.fn.gantt.min.js --> etestrategia.co /encuesta/js jquery.fn.gantt.min.js
2016.04.28 13:37 B C:\Users\redkey\Google Drive 2\et_firmas\cuestionario\js\jquery.fn.gantt.js --> etestrategia.co /encuesta/js jquery.fn.gantt.js
2016.04.28 13:37 B C:\Users\redkey\Google Drive 2\et_firmas\cuestionario\js\jquery.cookie.js --> etestrategia.co /encuesta/js jquery.cookie.js
2016.04.28 13:37 B C:\Users\redkey\Google Drive 2\et_firmas\cuestionario\js\dataHours.js --> etestrategia.co /encuesta/js dataHours.js
2016.04.28 13:37 B C:\Users\redkey\Google Drive 2\et_firmas\cuestionario\js\dataDaysEnh.js --> etestrategia.co /encuesta/js dataDaysEnh.js
2016.04.28 13:37 B C:\Users\redkey\Google Drive 2\et_firmas\cuestionario\js\dataDays.js --> etestrategia.co /encuesta/js dataDays.js
2016.04.28 16:50 B C:\Users\redkey\Google Drive 2\et_firmas\cuestionario\js\highcharts.js --> etestrategia.co /encuesta/js highcharts.js
2016.05.13 12:01 B C:\Users\redkey\Google Drive 2\et_firmas\cuestionario2\js\desktop.ini --> etestrategia.co /encuesta2/js desktop.ini
2016.05.13 12:01 B C:\Users\redkey\Google Drive 2\et_firmas\cuestionario2\js\WS_FTP.LOG --> etestrategia.co /encuesta2/js WS_FTP.LOG
2016.05.13 12:01 B C:\Users\redkey\Google Drive 2\et_firmas\cuestionario2\js\highcharts.js --> etestrategia.co /encuesta2/js highcharts.js
2016.05.13 12:02 B C:\Users\redkey\Google Drive 2\et_firmas\cuestionario2\js\highcharts.src.js --> etestrategia.co /encuesta2/js highcharts.src.js
2016.05.13 12:02 B C:\Users\redkey\Google Drive 2\et_firmas\cuestionario2\js\highcharts-more.src.js --> etestrategia.co /encuesta2/js highcharts-more.src.js
2016.05.13 12:02 B C:\Users\redkey\Google Drive 2\et_firmas\cuestionario2\js\highcharts-all.js --> etestrategia.co /encuesta2/js highcharts-all.js
2016.05.13 12:02 B C:\Users\redkey\Google Drive 2\et_firmas\cuestionario2\js\highcharts-3d.src.js --> etestrategia.co /encuesta2/js highcharts-3d.src.js
2016.05.13 12:02 B C:\Users\redkey\Google Drive 2\et_firmas\cuestionario2\js\highcharts-more.js --> etestrategia.co /encuesta2/js highcharts-more.js
2016.05.13 12:02 B C:\Users\redkey\Google Drive 2\et_firmas\cuestionario2\js\highcharts-3d.js --> etestrategia.co /encuesta2/js highcharts-3d.js
2016.05.13 12:02 B C:\Users\redkey\Google Drive 2\et_firmas\cuestionario2\js\jquery.min.js --> etestrategia.co /encuesta2/js jquery.min.js
2016.05.13 12:02 B C:\Users\redkey\Google Drive 2\et_firmas\cuestionario2\js\jquery.fn.gantt.min.js --> etestrategia.co /encuesta2/js jquery.fn.gantt.min.js
2016.05.13 12:02 B C:\Users\redkey\Google Drive 2\et_firmas\cuestionario2\js\jquery.fn.gantt.js --> etestrategia.co /encuesta2/js jquery.fn.gantt.js
2016.05.13 12:02 B C:\Users\redkey\Google Drive 2\et_firmas\cuestionario2\js\jquery.cookie.js --> etestrategia.co /encuesta2/js jquery.cookie.js
2016.05.13 12:02 B C:\Users\redkey\Google Drive 2\et_firmas\cuestionario2\js\dataHours.js --> etestrategia.co /encuesta2/js dataHours.js
2016.05.13 12:02 B C:\Users\redkey\Google Drive 2\et_firmas\cuestionario2\js\dataDaysEnh.js --> etestrategia.co /encuesta2/js dataDaysEnh.js
2016.05.13 12:02 B C:\Users\redkey\Google Drive 2\et_firmas\cuestionario2\js\dataDays.js --> etestrategia.co /encuesta2/js dataDays.js
2016.05.26 12:00 B C:\Users\redkey\Google Drive 2\et_firmas\cuestionario4\js\dataDays.js --> etestrategia.co /survey/js dataDays.js
2016.05.26 12:00 B C:\Users\redkey\Google Drive 2\et_firmas\cuestionario4\js\dataDaysEnh.js --> etestrategia.co /survey/js dataDaysEnh.js
2016.05.26 12:00 B C:\Users\redkey\Google Drive 2\et_firmas\cuestionario4\js\dataHours.js --> etestrategia.co /survey/js dataHours.js
2016.05.26 12:00 B C:\Users\redkey\Google Drive 2\et_firmas\cuestionario4\js\desktop.ini --> etestrategia.co /survey/js desktop.ini
2016.05.26 12:00 B C:\Users\redkey\Google Drive 2\et_firmas\cuestionario4\js\highcharts-3d.js --> etestrategia.co /survey/js highcharts-3d.js
2016.05.26 12:00 B C:\Users\redkey\Google Drive 2\et_firmas\cuestionario4\js\highcharts-3d.src.js --> etestrategia.co /survey/js highcharts-3d.src.js
2016.05.26 12:00 B C:\Users\redkey\Google Drive 2\et_firmas\cuestionario4\js\highcharts-all.js --> etestrategia.co /survey/js highcharts-all.js
2016.05.26 12:00 B C:\Users\redkey\Google Drive 2\et_firmas\cuestionario4\js\highcharts-more.js --> etestrategia.co /survey/js highcharts-more.js
2016.05.26 12:00 B C:\Users\redkey\Google Drive 2\et_firmas\cuestionario4\js\highcharts-more.src.js --> etestrategia.co /survey/js highcharts-more.src.js
2016.05.26 12:00 B C:\Users\redkey\Google Drive 2\et_firmas\cuestionario4\js\highcharts.js --> etestrategia.co /survey/js highcharts.js
2016.05.26 12:00 B C:\Users\redkey\Google Drive 2\et_firmas\cuestionario4\js\highcharts.src.js --> etestrategia.co /survey/js highcharts.src.js
2016.05.26 12:00 B C:\Users\redkey\Google Drive 2\et_firmas\cuestionario4\js\jquery.cookie.js --> etestrategia.co /survey/js jquery.cookie.js
2016.05.26 12:00 B C:\Users\redkey\Google Drive 2\et_firmas\cuestionario4\js\jquery.fn.gantt.js --> etestrategia.co /survey/js jquery.fn.gantt.js
2016.05.26 12:00 B C:\Users\redkey\Google Drive 2\et_firmas\cuestionario4\js\jquery.fn.gantt.min.js --> etestrategia.co /survey/js jquery.fn.gantt.min.js
2016.05.26 12:00 B C:\Users\redkey\Google Drive 2\et_firmas\cuestionario4\js\jquery.min.js --> etestrategia.co /survey/js jquery.min.js
2016.05.26 12:00 B C:\Users\redkey\Google Drive 2\et_firmas\cuestionario4\js\WS_FTP.LOG --> etestrategia.co /survey/js WS_FTP.LOG
2016.06.13 17:05 B C:\Users\redkey\Google Drive 2\encuesta_elsa\cuestionario4\js\dataDays.js --> www.bluewolf.com.mx /public_html/encuesta/js dataDays.js
2016.06.13 17:05 B C:\Users\redkey\Google Drive 2\encuesta_elsa\cuestionario4\js\dataDaysEnh.js --> www.bluewolf.com.mx /public_html/encuesta/js dataDaysEnh.js
2016.06.13 17:05 B C:\Users\redkey\Google Drive 2\encuesta_elsa\cuestionario4\js\dataHours.js --> www.bluewolf.com.mx /public_html/encuesta/js dataHours.js
2016.06.13 17:05 B C:\Users\redkey\Google Drive 2\encuesta_elsa\cuestionario4\js\highcharts-3d.js --> www.bluewolf.com.mx /public_html/encuesta/js highcharts-3d.js
2016.06.13 17:05 B C:\Users\redkey\Google Drive 2\encuesta_elsa\cuestionario4\js\highcharts-3d.src.js --> www.bluewolf.com.mx /public_html/encuesta/js highcharts-3d.src.js
2016.06.13 17:05 B C:\Users\redkey\Google Drive 2\encuesta_elsa\cuestionario4\js\highcharts-all.js --> www.bluewolf.com.mx /public_html/encuesta/js highcharts-all.js
2016.06.13 17:05 B C:\Users\redkey\Google Drive 2\encuesta_elsa\cuestionario4\js\highcharts-more.js --> www.bluewolf.com.mx /public_html/encuesta/js highcharts-more.js
2016.06.13 17:05 B C:\Users\redkey\Google Drive 2\encuesta_elsa\cuestionario4\js\highcharts-more.src.js --> www.bluewolf.com.mx /public_html/encuesta/js highcharts-more.src.js
2016.06.13 17:05 B C:\Users\redkey\Google Drive 2\encuesta_elsa\cuestionario4\js\highcharts.js --> www.bluewolf.com.mx /public_html/encuesta/js highcharts.js
2016.06.13 17:05 B C:\Users\redkey\Google Drive 2\encuesta_elsa\cuestionario4\js\highcharts.src.js --> www.bluewolf.com.mx /public_html/encuesta/js highcharts.src.js
2016.06.13 17:05 B C:\Users\redkey\Google Drive 2\encuesta_elsa\cuestionario4\js\jquery.cookie.js --> www.bluewolf.com.mx /public_html/encuesta/js jquery.cookie.js
2016.06.13 17:06 B C:\Users\redkey\Google Drive 2\encuesta_elsa\cuestionario4\js\jquery.fn.gantt.js --> www.bluewolf.com.mx /public_html/encuesta/js jquery.fn.gantt.js
2016.06.13 17:06 B C:\Users\redkey\Google Drive 2\encuesta_elsa\cuestionario4\js\jquery.fn.gantt.min.js --> www.bluewolf.com.mx /public_html/encuesta/js jquery.fn.gantt.min.js
2016.06.13 17:06 B C:\Users\redkey\Google Drive 2\encuesta_elsa\cuestionario4\js\jquery.min.js --> www.bluewolf.com.mx /public_html/encuesta/js jquery.min.js
2016.06.13 17:06 B C:\Users\redkey\Google Drive 2\encuesta_elsa\cuestionario4\js\WS_FTP.LOG --> www.bluewolf.com.mx /public_html/encuesta/js WS_FTP.LOG
2016.07.25 14:06 B C:\Users\redkey\Google Drive 2\newblue\encuesta_alex\cuestionario\js\dataDays.js --> www.bluewolf.com.mx /public_html/encuesta2/js dataDays.js
2016.07.25 14:06 B C:\Users\redkey\Google Drive 2\newblue\encuesta_alex\cuestionario\js\dataDaysEnh.js --> www.bluewolf.com.mx /public_html/encuesta2/js dataDaysEnh.js
2016.07.25 14:06 B C:\Users\redkey\Google Drive 2\newblue\encuesta_alex\cuestionario\js\dataHours.js --> www.bluewolf.com.mx /public_html/encuesta2/js dataHours.js
2016.07.25 14:06 B C:\Users\redkey\Google Drive 2\newblue\encuesta_alex\cuestionario\js\desktop.ini --> www.bluewolf.com.mx /public_html/encuesta2/js desktop.ini
2016.07.25 14:06 B C:\Users\redkey\Google Drive 2\newblue\encuesta_alex\cuestionario\js\highcharts-3d.js --> www.bluewolf.com.mx /public_html/encuesta2/js highcharts-3d.js
2016.07.25 14:06 B C:\Users\redkey\Google Drive 2\newblue\encuesta_alex\cuestionario\js\highcharts-3d.src.js --> www.bluewolf.com.mx /public_html/encuesta2/js highcharts-3d.src.js
2016.07.25 14:06 B C:\Users\redkey\Google Drive 2\newblue\encuesta_alex\cuestionario\js\highcharts-all.js --> www.bluewolf.com.mx /public_html/encuesta2/js highcharts-all.js
2016.07.25 14:06 B C:\Users\redkey\Google Drive 2\newblue\encuesta_alex\cuestionario\js\highcharts-more.js --> www.bluewolf.com.mx /public_html/encuesta2/js highcharts-more.js
2016.07.25 14:06 B C:\Users\redkey\Google Drive 2\newblue\encuesta_alex\cuestionario\js\highcharts-more.src.js --> www.bluewolf.com.mx /public_html/encuesta2/js highcharts-more.src.js
2016.07.25 14:06 B C:\Users\redkey\Google Drive 2\newblue\encuesta_alex\cuestionario\js\highcharts.js --> www.bluewolf.com.mx /public_html/encuesta2/js highcharts.js
2016.07.25 14:06 B C:\Users\redkey\Google Drive 2\newblue\encuesta_alex\cuestionario\js\highcharts.src.js --> www.bluewolf.com.mx /public_html/encuesta2/js highcharts.src.js
2016.07.25 14:06 B C:\Users\redkey\Google Drive 2\newblue\encuesta_alex\cuestionario\js\jquery.cookie.js --> www.bluewolf.com.mx /public_html/encuesta2/js jquery.cookie.js
2016.07.25 14:06 B C:\Users\redkey\Google Drive 2\newblue\encuesta_alex\cuestionario\js\jquery.fn.gantt.js --> www.bluewolf.com.mx /public_html/encuesta2/js jquery.fn.gantt.js
2016.07.25 14:06 B C:\Users\redkey\Google Drive 2\newblue\encuesta_alex\cuestionario\js\jquery.fn.gantt.min.js --> www.bluewolf.com.mx /public_html/encuesta2/js jquery.fn.gantt.min.js
2016.07.25 14:06 B C:\Users\redkey\Google Drive 2\newblue\encuesta_alex\cuestionario\js\jquery.min.js --> www.bluewolf.com.mx /public_html/encuesta2/js jquery.min.js
2016.07.25 14:06 B C:\Users\redkey\Google Drive 2\newblue\encuesta_alex\cuestionario\js\WS_FTP.LOG --> www.bluewolf.com.mx /public_html/encuesta2/js WS_FTP.LOG
2018.07.02 10:46 B C:\Users\redkey\Documents\Google Drive L\newblue\encuesta_alex\cuestionario\js\dataDays.js --> www.bluewolf.com.mx /public_html/Internacionalizacion/cuestionario/js dataDays.js
2018.07.02 10:46 B C:\Users\redkey\Documents\Google Drive L\newblue\encuesta_alex\cuestionario\js\dataDaysEnh.js --> www.bluewolf.com.mx /public_html/Internacionalizacion/cuestionario/js dataDaysEnh.js
2018.07.02 10:46 B C:\Users\redkey\Documents\Google Drive L\newblue\encuesta_alex\cuestionario\js\dataHours.js --> www.bluewolf.com.mx /public_html/Internacionalizacion/cuestionario/js dataHours.js
2018.07.02 10:46 B C:\Users\redkey\Documents\Google Drive L\newblue\encuesta_alex\cuestionario\js\desktop.ini --> www.bluewolf.com.mx /public_html/Internacionalizacion/cuestionario/js desktop.ini
2018.07.02 10:46 B C:\Users\redkey\Documents\Google Drive L\newblue\encuesta_alex\cuestionario\js\highcharts-3d.js --> www.bluewolf.com.mx /public_html/Internacionalizacion/cuestionario/js highcharts-3d.js
2018.07.02 10:46 B C:\Users\redkey\Documents\Google Drive L\newblue\encuesta_alex\cuestionario\js\highcharts-3d.src.js --> www.bluewolf.com.mx /public_html/Internacionalizacion/cuestionario/js highcharts-3d.src.js
2018.07.02 10:46 B C:\Users\redkey\Documents\Google Drive L\newblue\encuesta_alex\cuestionario\js\highcharts-all.js --> www.bluewolf.com.mx /public_html/Internacionalizacion/cuestionario/js highcharts-all.js
2018.07.02 10:46 B C:\Users\redkey\Documents\Google Drive L\newblue\encuesta_alex\cuestionario\js\highcharts-more.js --> www.bluewolf.com.mx /public_html/Internacionalizacion/cuestionario/js highcharts-more.js
2018.07.02 10:46 B C:\Users\redkey\Documents\Google Drive L\newblue\encuesta_alex\cuestionario\js\highcharts-more.src.js --> www.bluewolf.com.mx /public_html/Internacionalizacion/cuestionario/js highcharts-more.src.js
2018.07.02 10:46 B C:\Users\redkey\Documents\Google Drive L\newblue\encuesta_alex\cuestionario\js\highcharts.js --> www.bluewolf.com.mx /public_html/Internacionalizacion/cuestionario/js highcharts.js
2018.07.02 10:46 B C:\Users\redkey\Documents\Google Drive L\newblue\encuesta_alex\cuestionario\js\highcharts.src.js --> www.bluewolf.com.mx /public_html/Internacionalizacion/cuestionario/js highcharts.src.js
2018.07.02 10:46 B C:\Users\redkey\Documents\Google Drive L\newblue\encuesta_alex\cuestionario\js\jquery.cookie.js --> www.bluewolf.com.mx /public_html/Internacionalizacion/cuestionario/js jquery.cookie.js
2018.07.02 10:46 B C:\Users\redkey\Documents\Google Drive L\newblue\encuesta_alex\cuestionario\js\jquery.fn.gantt.js --> www.bluewolf.com.mx /public_html/Internacionalizacion/cuestionario/js jquery.fn.gantt.js
2018.07.02 10:46 B C:\Users\redkey\Documents\Google Drive L\newblue\encuesta_alex\cuestionario\js\jquery.fn.gantt.min.js --> www.bluewolf.com.mx /public_html/Internacionalizacion/cuestionario/js jquery.fn.gantt.min.js
2018.07.02 10:46 B C:\Users\redkey\Documents\Google Drive L\newblue\encuesta_alex\cuestionario\js\jquery.min.js --> www.bluewolf.com.mx /public_html/Internacionalizacion/cuestionario/js jquery.min.js
2018.07.02 10:46 B C:\Users\redkey\Documents\Google Drive L\newblue\encuesta_alex\cuestionario\js\WS_FTP.LOG --> www.bluewolf.com.mx /public_html/Internacionalizacion/cuestionario/js WS_FTP.LOG
2018.07.16 11:21 B C:\Users\redkey\Documents\Google Drive L\Internacionalizacion\cuestionario\js\dataDays.js --> www.bluewolf.com.mx /public_html/testinter/cuestionario/js dataDays.js
2018.07.16 11:21 B C:\Users\redkey\Documents\Google Drive L\Internacionalizacion\cuestionario\js\dataDaysEnh.js --> www.bluewolf.com.mx /public_html/testinter/cuestionario/js dataDaysEnh.js
2018.07.16 11:22 B C:\Users\redkey\Documents\Google Drive L\Internacionalizacion\cuestionario\js\dataHours.js --> www.bluewolf.com.mx /public_html/testinter/cuestionario/js dataHours.js
2018.07.16 11:22 B C:\Users\redkey\Documents\Google Drive L\Internacionalizacion\cuestionario\js\highcharts-3d.js --> www.bluewolf.com.mx /public_html/testinter/cuestionario/js highcharts-3d.js
2018.07.16 11:22 B C:\Users\redkey\Documents\Google Drive L\Internacionalizacion\cuestionario\js\highcharts-3d.src.js --> www.bluewolf.com.mx /public_html/testinter/cuestionario/js highcharts-3d.src.js
2018.07.16 11:22 B C:\Users\redkey\Documents\Google Drive L\Internacionalizacion\cuestionario\js\highcharts-all.js --> www.bluewolf.com.mx /public_html/testinter/cuestionario/js highcharts-all.js
2018.07.16 11:22 B C:\Users\redkey\Documents\Google Drive L\Internacionalizacion\cuestionario\js\highcharts-more.js --> www.bluewolf.com.mx /public_html/testinter/cuestionario/js highcharts-more.js
2018.07.16 11:22 B C:\Users\redkey\Documents\Google Drive L\Internacionalizacion\cuestionario\js\highcharts-more.src.js --> www.bluewolf.com.mx /public_html/testinter/cuestionario/js highcharts-more.src.js
2018.07.16 11:22 B C:\Users\redkey\Documents\Google Drive L\Internacionalizacion\cuestionario\js\highcharts.js --> www.bluewolf.com.mx /public_html/testinter/cuestionario/js highcharts.js
2018.07.16 11:22 B C:\Users\redkey\Documents\Google Drive L\Internacionalizacion\cuestionario\js\highcharts.src.js --> www.bluewolf.com.mx /public_html/testinter/cuestionario/js highcharts.src.js
2018.07.16 11:22 B C:\Users\redkey\Documents\Google Drive L\Internacionalizacion\cuestionario\js\jquery.cookie.js --> www.bluewolf.com.mx /public_html/testinter/cuestionario/js jquery.cookie.js
2018.07.16 11:22 B C:\Users\redkey\Documents\Google Drive L\Internacionalizacion\cuestionario\js\jquery.fn.gantt.js --> www.bluewolf.com.mx /public_html/testinter/cuestionario/js jquery.fn.gantt.js
2018.07.16 11:22 B C:\Users\redkey\Documents\Google Drive L\Internacionalizacion\cuestionario\js\jquery.fn.gantt.min.js --> www.bluewolf.com.mx /public_html/testinter/cuestionario/js jquery.fn.gantt.min.js
2018.07.16 11:22 B C:\Users\redkey\Documents\Google Drive L\Internacionalizacion\cuestionario\js\jquery.min.js --> www.bluewolf.com.mx /public_html/testinter/cuestionario/js jquery.min.js
2018.07.16 11:22 B C:\Users\redkey\Documents\Google Drive L\Internacionalizacion\cuestionario\js\WS_FTP.LOG --> www.bluewolf.com.mx /public_html/testinter/cuestionario/js WS_FTP.LOG
2018.08.02 12:03 B C:\Users\redkey\Documents\Google Drive L\Internacionalizacion\cuestionario\js\WS_FTP.LOG --> www.bluewolf.com.mx /public_html/Internacionalizacion/cuestionario/js WS_FTP.LOG
2018.08.02 12:04 B C:\Users\redkey\Documents\Google Drive L\Internacionalizacion\cuestionario\js\WS_FTP.LOG --> www.bluewolf.com.mx /public_html/Internacionalizacion/cuestionario/js WS_FTP.LOG
2018.09.11 12:57 B C:\Users\redkey\Documents\Repositorios\Relacion-Empresas\cuestionario\js\dataDays.js --> www.bluewolf.com.mx /public_html/admon/Test/cuestionario/js dataDays.js
2018.09.11 12:57 B C:\Users\redkey\Documents\Repositorios\Relacion-Empresas\cuestionario\js\dataDaysEnh.js --> www.bluewolf.com.mx /public_html/admon/Test/cuestionario/js dataDaysEnh.js
2018.09.11 12:57 B C:\Users\redkey\Documents\Repositorios\Relacion-Empresas\cuestionario\js\dataHours.js --> www.bluewolf.com.mx /public_html/admon/Test/cuestionario/js dataHours.js
2018.09.11 12:57 B C:\Users\redkey\Documents\Repositorios\Relacion-Empresas\cuestionario\js\highcharts-3d.js --> www.bluewolf.com.mx /public_html/admon/Test/cuestionario/js highcharts-3d.js
2018.09.11 12:57 B C:\Users\redkey\Documents\Repositorios\Relacion-Empresas\cuestionario\js\highcharts-3d.src.js --> www.bluewolf.com.mx /public_html/admon/Test/cuestionario/js highcharts-3d.src.js
2018.09.11 12:57 B C:\Users\redkey\Documents\Repositorios\Relacion-Empresas\cuestionario\js\highcharts-all.js --> www.bluewolf.com.mx /public_html/admon/Test/cuestionario/js highcharts-all.js
2018.09.11 12:57 B C:\Users\redkey\Documents\Repositorios\Relacion-Empresas\cuestionario\js\highcharts-more.js --> www.bluewolf.com.mx /public_html/admon/Test/cuestionario/js highcharts-more.js
2018.09.11 12:57 B C:\Users\redkey\Documents\Repositorios\Relacion-Empresas\cuestionario\js\highcharts-more.src.js --> www.bluewolf.com.mx /public_html/admon/Test/cuestionario/js highcharts-more.src.js
2018.09.11 12:57 B C:\Users\redkey\Documents\Repositorios\Relacion-Empresas\cuestionario\js\highcharts.js --> www.bluewolf.com.mx /public_html/admon/Test/cuestionario/js highcharts.js
2018.09.11 12:57 B C:\Users\redkey\Documents\Repositorios\Relacion-Empresas\cuestionario\js\highcharts.src.js --> www.bluewolf.com.mx /public_html/admon/Test/cuestionario/js highcharts.src.js
2018.09.11 12:57 B C:\Users\redkey\Documents\Repositorios\Relacion-Empresas\cuestionario\js\jquery.cookie.js --> www.bluewolf.com.mx /public_html/admon/Test/cuestionario/js jquery.cookie.js
2018.09.11 12:57 B C:\Users\redkey\Documents\Repositorios\Relacion-Empresas\cuestionario\js\jquery.fn.gantt.js --> www.bluewolf.com.mx /public_html/admon/Test/cuestionario/js jquery.fn.gantt.js
2018.09.11 12:57 B C:\Users\redkey\Documents\Repositorios\Relacion-Empresas\cuestionario\js\jquery.fn.gantt.min.js --> www.bluewolf.com.mx /public_html/admon/Test/cuestionario/js jquery.fn.gantt.min.js
2018.09.11 12:57 B C:\Users\redkey\Documents\Repositorios\Relacion-Empresas\cuestionario\js\jquery.min.js --> www.bluewolf.com.mx /public_html/admon/Test/cuestionario/js jquery.min.js
2018.09.11 12:57 B C:\Users\redkey\Documents\Repositorios\Relacion-Empresas\cuestionario\js\WS_FTP.LOG --> www.bluewolf.com.mx /public_html/admon/Test/cuestionario/js WS_FTP.LOG
