2018.07.11 11:21 B C:\Users\redkey\Documents\Google Drive L\admon\new\PHPExcel\Classes\PHPExcel\Chart\Axis.php --> www.bluewolf.com.mx /public_html/admon/new/PHPExcel/Classes/PHPExcel/Chart Axis.php
2018.07.11 11:21 B C:\Users\redkey\Documents\Google Drive L\admon\new\PHPExcel\Classes\PHPExcel\Chart\DataSeries.php --> www.bluewolf.com.mx /public_html/admon/new/PHPExcel/Classes/PHPExcel/Chart DataSeries.php
2018.07.11 11:21 B C:\Users\redkey\Documents\Google Drive L\admon\new\PHPExcel\Classes\PHPExcel\Chart\DataSeriesValues.php --> www.bluewolf.com.mx /public_html/admon/new/PHPExcel/Classes/PHPExcel/Chart DataSeriesValues.php
2018.07.11 11:21 B C:\Users\redkey\Documents\Google Drive L\admon\new\PHPExcel\Classes\PHPExcel\Chart\Exception.php --> www.bluewolf.com.mx /public_html/admon/new/PHPExcel/Classes/PHPExcel/Chart Exception.php
2018.07.11 11:21 B C:\Users\redkey\Documents\Google Drive L\admon\new\PHPExcel\Classes\PHPExcel\Chart\GridLines.php --> www.bluewolf.com.mx /public_html/admon/new/PHPExcel/Classes/PHPExcel/Chart GridLines.php
2018.07.11 11:21 B C:\Users\redkey\Documents\Google Drive L\admon\new\PHPExcel\Classes\PHPExcel\Chart\Layout.php --> www.bluewolf.com.mx /public_html/admon/new/PHPExcel/Classes/PHPExcel/Chart Layout.php
2018.07.11 11:21 B C:\Users\redkey\Documents\Google Drive L\admon\new\PHPExcel\Classes\PHPExcel\Chart\Legend.php --> www.bluewolf.com.mx /public_html/admon/new/PHPExcel/Classes/PHPExcel/Chart Legend.php
2018.07.11 11:21 B C:\Users\redkey\Documents\Google Drive L\admon\new\PHPExcel\Classes\PHPExcel\Chart\PlotArea.php --> www.bluewolf.com.mx /public_html/admon/new/PHPExcel/Classes/PHPExcel/Chart PlotArea.php
2018.07.11 11:21 B C:\Users\redkey\Documents\Google Drive L\admon\new\PHPExcel\Classes\PHPExcel\Chart\Properties.php --> www.bluewolf.com.mx /public_html/admon/new/PHPExcel/Classes/PHPExcel/Chart Properties.php
2018.07.11 11:21 B C:\Users\redkey\Documents\Google Drive L\admon\new\PHPExcel\Classes\PHPExcel\Chart\Title.php --> www.bluewolf.com.mx /public_html/admon/new/PHPExcel/Classes/PHPExcel/Chart Title.php
2018.09.13 15:56 B C:\Users\redkey\Documents\Repositorios\Relacion-Empresas\PHPExcel\Classes\PHPExcel\Chart\WS_FTP.LOG --> www.bluewolf.com.mx /public_html/Relaciones/PHPExcel/Classes/PHPExcel/Chart WS_FTP.LOG
2018.09.13 15:56 B C:\Users\redkey\Documents\Repositorios\Relacion-Empresas\PHPExcel\Classes\PHPExcel\Chart\Title.php --> www.bluewolf.com.mx /public_html/Relaciones/PHPExcel/Classes/PHPExcel/Chart Title.php
2018.09.13 15:56 B C:\Users\redkey\Documents\Repositorios\Relacion-Empresas\PHPExcel\Classes\PHPExcel\Chart\Properties.php --> www.bluewolf.com.mx /public_html/Relaciones/PHPExcel/Classes/PHPExcel/Chart Properties.php
2018.09.13 15:56 B C:\Users\redkey\Documents\Repositorios\Relacion-Empresas\PHPExcel\Classes\PHPExcel\Chart\PlotArea.php --> www.bluewolf.com.mx /public_html/Relaciones/PHPExcel/Classes/PHPExcel/Chart PlotArea.php
2018.09.13 15:56 B C:\Users\redkey\Documents\Repositorios\Relacion-Empresas\PHPExcel\Classes\PHPExcel\Chart\Legend.php --> www.bluewolf.com.mx /public_html/Relaciones/PHPExcel/Classes/PHPExcel/Chart Legend.php
2018.09.13 15:56 B C:\Users\redkey\Documents\Repositorios\Relacion-Empresas\PHPExcel\Classes\PHPExcel\Chart\Layout.php --> www.bluewolf.com.mx /public_html/Relaciones/PHPExcel/Classes/PHPExcel/Chart Layout.php
2018.09.13 15:56 B C:\Users\redkey\Documents\Repositorios\Relacion-Empresas\PHPExcel\Classes\PHPExcel\Chart\GridLines.php --> www.bluewolf.com.mx /public_html/Relaciones/PHPExcel/Classes/PHPExcel/Chart GridLines.php
2018.09.13 15:56 B C:\Users\redkey\Documents\Repositorios\Relacion-Empresas\PHPExcel\Classes\PHPExcel\Chart\Exception.php --> www.bluewolf.com.mx /public_html/Relaciones/PHPExcel/Classes/PHPExcel/Chart Exception.php
2018.09.13 15:56 B C:\Users\redkey\Documents\Repositorios\Relacion-Empresas\PHPExcel\Classes\PHPExcel\Chart\DataSeriesValues.php --> www.bluewolf.com.mx /public_html/Relaciones/PHPExcel/Classes/PHPExcel/Chart DataSeriesValues.php
2018.09.13 15:56 B C:\Users\redkey\Documents\Repositorios\Relacion-Empresas\PHPExcel\Classes\PHPExcel\Chart\DataSeries.php --> www.bluewolf.com.mx /public_html/Relaciones/PHPExcel/Classes/PHPExcel/Chart DataSeries.php
2018.09.13 15:56 B C:\Users\redkey\Documents\Repositorios\Relacion-Empresas\PHPExcel\Classes\PHPExcel\Chart\Axis.php --> www.bluewolf.com.mx /public_html/Relaciones/PHPExcel/Classes/PHPExcel/Chart Axis.php
