2014.11.25 11:30 B C:\Users\redkey\Google Drive 2\textron\timpmp_produccion\Highcharts\js\themes\skies.js --> tim-pmp.com /public_html/js/themes skies.js
2014.11.25 11:30 B C:\Users\redkey\Google Drive 2\textron\timpmp_produccion\Highcharts\js\themes\sand-signika.js --> tim-pmp.com /public_html/js/themes sand-signika.js
2014.11.25 11:30 B C:\Users\redkey\Google Drive 2\textron\timpmp_produccion\Highcharts\js\themes\grid.js --> tim-pmp.com /public_html/js/themes grid.js
2014.11.25 11:30 B C:\Users\redkey\Google Drive 2\textron\timpmp_produccion\Highcharts\js\themes\grid-light.js --> tim-pmp.com /public_html/js/themes grid-light.js
2014.11.25 11:30 B C:\Users\redkey\Google Drive 2\textron\timpmp_produccion\Highcharts\js\themes\gray.js --> tim-pmp.com /public_html/js/themes gray.js
2014.11.25 11:30 B C:\Users\redkey\Google Drive 2\textron\timpmp_produccion\Highcharts\js\themes\dark-unica.js --> tim-pmp.com /public_html/js/themes dark-unica.js
2014.11.25 11:30 B C:\Users\redkey\Google Drive 2\textron\timpmp_produccion\Highcharts\js\themes\dark-green.js --> tim-pmp.com /public_html/js/themes dark-green.js
2014.11.25 11:30 B C:\Users\redkey\Google Drive 2\textron\timpmp_produccion\Highcharts\js\themes\dark-blue.js --> tim-pmp.com /public_html/js/themes dark-blue.js
2015.01.12 13:14 B C:\Users\redkey\Google Drive 2\newblue\bluew_newmenu\js\themes\dark-blue.js --> bluewolfonline.com /jvm/apache-tomcat-6.0.14/domains/bluewolfonline.com/ROOT/new/js/themes dark-blue.js
2015.01.12 13:14 B C:\Users\redkey\Google Drive 2\newblue\bluew_newmenu\js\themes\dark-green.js --> bluewolfonline.com /jvm/apache-tomcat-6.0.14/domains/bluewolfonline.com/ROOT/new/js/themes dark-green.js
2015.01.12 13:14 B C:\Users\redkey\Google Drive 2\newblue\bluew_newmenu\js\themes\dark-unica.js --> bluewolfonline.com /jvm/apache-tomcat-6.0.14/domains/bluewolfonline.com/ROOT/new/js/themes dark-unica.js
2015.01.12 13:14 B C:\Users\redkey\Google Drive 2\newblue\bluew_newmenu\js\themes\desktop.ini --> bluewolfonline.com /jvm/apache-tomcat-6.0.14/domains/bluewolfonline.com/ROOT/new/js/themes desktop.ini
2015.01.12 13:14 B C:\Users\redkey\Google Drive 2\newblue\bluew_newmenu\js\themes\gray.js --> bluewolfonline.com /jvm/apache-tomcat-6.0.14/domains/bluewolfonline.com/ROOT/new/js/themes gray.js
2015.01.12 13:14 B C:\Users\redkey\Google Drive 2\newblue\bluew_newmenu\js\themes\grid-light.js --> bluewolfonline.com /jvm/apache-tomcat-6.0.14/domains/bluewolfonline.com/ROOT/new/js/themes grid-light.js
2015.01.12 13:14 B C:\Users\redkey\Google Drive 2\newblue\bluew_newmenu\js\themes\grid.js --> bluewolfonline.com /jvm/apache-tomcat-6.0.14/domains/bluewolfonline.com/ROOT/new/js/themes grid.js
2015.01.12 13:14 B C:\Users\redkey\Google Drive 2\newblue\bluew_newmenu\js\themes\sand-signika.js --> bluewolfonline.com /jvm/apache-tomcat-6.0.14/domains/bluewolfonline.com/ROOT/new/js/themes sand-signika.js
2015.01.12 13:14 B C:\Users\redkey\Google Drive 2\newblue\bluew_newmenu\js\themes\skies.js --> bluewolfonline.com /jvm/apache-tomcat-6.0.14/domains/bluewolfonline.com/ROOT/new/js/themes skies.js
2015.01.12 13:14 B C:\Users\redkey\Google Drive 2\newblue\bluew_newmenu\js\themes\WS_FTP.LOG --> bluewolfonline.com /jvm/apache-tomcat-6.0.14/domains/bluewolfonline.com/ROOT/new/js/themes WS_FTP.LOG
2015.09.14 09:42 B C:\Users\redkey\Google Drive 2\newblue\bluew_newmenu\js\themes\WS_FTP.LOG --> bluewolfonline.com /jvm/apache-tomcat-6.0.14/domains/bluewolfonline.com/ROOT/new/js/themes WS_FTP.LOG
2015.09.14 09:42 B C:\Users\redkey\Google Drive 2\newblue\bluew_newmenu\js\themes\desktop.ini --> bluewolfonline.com /jvm/apache-tomcat-6.0.14/domains/bluewolfonline.com/ROOT/new/js/themes desktop.ini
2015.09.14 09:42 B C:\Users\redkey\Google Drive 2\newblue\bluew_newmenu\js\themes\WS_FTP.LOG --> bluewolfonline.com /jvm/apache-tomcat-6.0.14/domains/bluewolfonline.com/ROOT/new/sin/js/themes WS_FTP.LOG
2015.09.14 09:42 B C:\Users\redkey\Google Drive 2\newblue\bluew_newmenu\js\themes\desktop.ini --> bluewolfonline.com /jvm/apache-tomcat-6.0.14/domains/bluewolfonline.com/ROOT/new/sin/js/themes desktop.ini
2015.09.14 09:42 B C:\Users\redkey\Google Drive 2\newblue\bluew_newmenu\js\themes\skies.js --> bluewolfonline.com /jvm/apache-tomcat-6.0.14/domains/bluewolfonline.com/ROOT/new/sin/js/themes skies.js
2015.09.14 09:42 B C:\Users\redkey\Google Drive 2\newblue\bluew_newmenu\js\themes\sand-signika.js --> bluewolfonline.com /jvm/apache-tomcat-6.0.14/domains/bluewolfonline.com/ROOT/new/sin/js/themes sand-signika.js
2015.09.14 09:42 B C:\Users\redkey\Google Drive 2\newblue\bluew_newmenu\js\themes\grid.js --> bluewolfonline.com /jvm/apache-tomcat-6.0.14/domains/bluewolfonline.com/ROOT/new/sin/js/themes grid.js
2015.09.14 09:42 B C:\Users\redkey\Google Drive 2\newblue\bluew_newmenu\js\themes\grid-light.js --> bluewolfonline.com /jvm/apache-tomcat-6.0.14/domains/bluewolfonline.com/ROOT/new/sin/js/themes grid-light.js
2015.09.14 09:42 B C:\Users\redkey\Google Drive 2\newblue\bluew_newmenu\js\themes\gray.js --> bluewolfonline.com /jvm/apache-tomcat-6.0.14/domains/bluewolfonline.com/ROOT/new/sin/js/themes gray.js
2015.09.14 09:42 B C:\Users\redkey\Google Drive 2\newblue\bluew_newmenu\js\themes\dark-unica.js --> bluewolfonline.com /jvm/apache-tomcat-6.0.14/domains/bluewolfonline.com/ROOT/new/sin/js/themes dark-unica.js
2015.09.14 09:42 B C:\Users\redkey\Google Drive 2\newblue\bluew_newmenu\js\themes\dark-green.js --> bluewolfonline.com /jvm/apache-tomcat-6.0.14/domains/bluewolfonline.com/ROOT/new/sin/js/themes dark-green.js
2015.09.14 09:42 B C:\Users\redkey\Google Drive 2\newblue\bluew_newmenu\js\themes\dark-blue.js --> bluewolfonline.com /jvm/apache-tomcat-6.0.14/domains/bluewolfonline.com/ROOT/new/sin/js/themes dark-blue.js
2016.04.28 13:37 B C:\Users\redkey\Google Drive 2\et_firmas\cuestionario\js\themes\desktop.ini --> etestrategia.co /encuesta/js/themes desktop.ini
2016.04.28 13:37 B C:\Users\redkey\Google Drive 2\et_firmas\cuestionario\js\themes\WS_FTP.LOG --> etestrategia.co /encuesta/js/themes WS_FTP.LOG
2016.04.28 13:37 B C:\Users\redkey\Google Drive 2\et_firmas\cuestionario\js\themes\skies.js --> etestrategia.co /encuesta/js/themes skies.js
2016.04.28 13:37 B C:\Users\redkey\Google Drive 2\et_firmas\cuestionario\js\themes\sand-signika.js --> etestrategia.co /encuesta/js/themes sand-signika.js
2016.04.28 13:37 B C:\Users\redkey\Google Drive 2\et_firmas\cuestionario\js\themes\grid.js --> etestrategia.co /encuesta/js/themes grid.js
2016.04.28 13:37 B C:\Users\redkey\Google Drive 2\et_firmas\cuestionario\js\themes\grid-light.js --> etestrategia.co /encuesta/js/themes grid-light.js
2016.04.28 13:37 B C:\Users\redkey\Google Drive 2\et_firmas\cuestionario\js\themes\gray.js --> etestrategia.co /encuesta/js/themes gray.js
2016.04.28 13:37 B C:\Users\redkey\Google Drive 2\et_firmas\cuestionario\js\themes\dark-unica.js --> etestrategia.co /encuesta/js/themes dark-unica.js
2016.04.28 13:37 B C:\Users\redkey\Google Drive 2\et_firmas\cuestionario\js\themes\dark-green.js --> etestrategia.co /encuesta/js/themes dark-green.js
2016.04.28 13:37 B C:\Users\redkey\Google Drive 2\et_firmas\cuestionario\js\themes\dark-blue.js --> etestrategia.co /encuesta/js/themes dark-blue.js
2016.04.28 13:37 B C:\Users\redkey\Google Drive 2\et_firmas\cuestionario\js\themes\WS_FTP.LOG --> etestrategia.co /encuesta/js/themes WS_FTP.LOG
2016.05.13 12:01 B C:\Users\redkey\Google Drive 2\et_firmas\cuestionario2\js\themes\desktop.ini --> etestrategia.co /encuesta2/js/themes desktop.ini
2016.05.13 12:01 B C:\Users\redkey\Google Drive 2\et_firmas\cuestionario2\js\themes\WS_FTP.LOG --> etestrategia.co /encuesta2/js/themes WS_FTP.LOG
2016.05.13 12:01 B C:\Users\redkey\Google Drive 2\et_firmas\cuestionario2\js\themes\skies.js --> etestrategia.co /encuesta2/js/themes skies.js
2016.05.13 12:01 B C:\Users\redkey\Google Drive 2\et_firmas\cuestionario2\js\themes\sand-signika.js --> etestrategia.co /encuesta2/js/themes sand-signika.js
2016.05.13 12:01 B C:\Users\redkey\Google Drive 2\et_firmas\cuestionario2\js\themes\grid.js --> etestrategia.co /encuesta2/js/themes grid.js
2016.05.13 12:01 B C:\Users\redkey\Google Drive 2\et_firmas\cuestionario2\js\themes\grid-light.js --> etestrategia.co /encuesta2/js/themes grid-light.js
2016.05.13 12:01 B C:\Users\redkey\Google Drive 2\et_firmas\cuestionario2\js\themes\gray.js --> etestrategia.co /encuesta2/js/themes gray.js
2016.05.13 12:01 B C:\Users\redkey\Google Drive 2\et_firmas\cuestionario2\js\themes\dark-unica.js --> etestrategia.co /encuesta2/js/themes dark-unica.js
2016.05.13 12:01 B C:\Users\redkey\Google Drive 2\et_firmas\cuestionario2\js\themes\dark-green.js --> etestrategia.co /encuesta2/js/themes dark-green.js
2016.05.13 12:01 B C:\Users\redkey\Google Drive 2\et_firmas\cuestionario2\js\themes\dark-blue.js --> etestrategia.co /encuesta2/js/themes dark-blue.js
2016.05.26 12:00 B C:\Users\redkey\Google Drive 2\et_firmas\cuestionario4\js\themes\dark-blue.js --> etestrategia.co /survey/js/themes dark-blue.js
2016.05.26 12:00 B C:\Users\redkey\Google Drive 2\et_firmas\cuestionario4\js\themes\dark-green.js --> etestrategia.co /survey/js/themes dark-green.js
2016.05.26 12:00 B C:\Users\redkey\Google Drive 2\et_firmas\cuestionario4\js\themes\dark-unica.js --> etestrategia.co /survey/js/themes dark-unica.js
2016.05.26 12:00 B C:\Users\redkey\Google Drive 2\et_firmas\cuestionario4\js\themes\desktop.ini --> etestrategia.co /survey/js/themes desktop.ini
2016.05.26 12:00 B C:\Users\redkey\Google Drive 2\et_firmas\cuestionario4\js\themes\gray.js --> etestrategia.co /survey/js/themes gray.js
2016.05.26 12:00 B C:\Users\redkey\Google Drive 2\et_firmas\cuestionario4\js\themes\grid-light.js --> etestrategia.co /survey/js/themes grid-light.js
2016.05.26 12:00 B C:\Users\redkey\Google Drive 2\et_firmas\cuestionario4\js\themes\grid.js --> etestrategia.co /survey/js/themes grid.js
2016.05.26 12:00 B C:\Users\redkey\Google Drive 2\et_firmas\cuestionario4\js\themes\sand-signika.js --> etestrategia.co /survey/js/themes sand-signika.js
2016.05.26 12:00 B C:\Users\redkey\Google Drive 2\et_firmas\cuestionario4\js\themes\skies.js --> etestrategia.co /survey/js/themes skies.js
2016.05.26 12:00 B C:\Users\redkey\Google Drive 2\et_firmas\cuestionario4\js\themes\WS_FTP.LOG --> etestrategia.co /survey/js/themes WS_FTP.LOG
2016.06.13 17:05 B C:\Users\redkey\Google Drive 2\encuesta_elsa\cuestionario4\js\themes\dark-blue.js --> www.bluewolf.com.mx /public_html/encuesta/js/themes dark-blue.js
2016.06.13 17:05 B C:\Users\redkey\Google Drive 2\encuesta_elsa\cuestionario4\js\themes\dark-green.js --> www.bluewolf.com.mx /public_html/encuesta/js/themes dark-green.js
2016.06.13 17:05 B C:\Users\redkey\Google Drive 2\encuesta_elsa\cuestionario4\js\themes\dark-unica.js --> www.bluewolf.com.mx /public_html/encuesta/js/themes dark-unica.js
2016.06.13 17:05 B C:\Users\redkey\Google Drive 2\encuesta_elsa\cuestionario4\js\themes\gray.js --> www.bluewolf.com.mx /public_html/encuesta/js/themes gray.js
2016.06.13 17:05 B C:\Users\redkey\Google Drive 2\encuesta_elsa\cuestionario4\js\themes\grid-light.js --> www.bluewolf.com.mx /public_html/encuesta/js/themes grid-light.js
2016.06.13 17:05 B C:\Users\redkey\Google Drive 2\encuesta_elsa\cuestionario4\js\themes\grid.js --> www.bluewolf.com.mx /public_html/encuesta/js/themes grid.js
2016.06.13 17:05 B C:\Users\redkey\Google Drive 2\encuesta_elsa\cuestionario4\js\themes\sand-signika.js --> www.bluewolf.com.mx /public_html/encuesta/js/themes sand-signika.js
2016.06.13 17:05 B C:\Users\redkey\Google Drive 2\encuesta_elsa\cuestionario4\js\themes\skies.js --> www.bluewolf.com.mx /public_html/encuesta/js/themes skies.js
2016.06.13 17:05 B C:\Users\redkey\Google Drive 2\encuesta_elsa\cuestionario4\js\themes\WS_FTP.LOG --> www.bluewolf.com.mx /public_html/encuesta/js/themes WS_FTP.LOG
2016.07.25 14:06 B C:\Users\redkey\Google Drive 2\newblue\encuesta_alex\cuestionario\js\themes\dark-blue.js --> www.bluewolf.com.mx /public_html/encuesta2/js/themes dark-blue.js
2016.07.25 14:06 B C:\Users\redkey\Google Drive 2\newblue\encuesta_alex\cuestionario\js\themes\dark-green.js --> www.bluewolf.com.mx /public_html/encuesta2/js/themes dark-green.js
2016.07.25 14:06 B C:\Users\redkey\Google Drive 2\newblue\encuesta_alex\cuestionario\js\themes\dark-unica.js --> www.bluewolf.com.mx /public_html/encuesta2/js/themes dark-unica.js
2016.07.25 14:06 B C:\Users\redkey\Google Drive 2\newblue\encuesta_alex\cuestionario\js\themes\desktop.ini --> www.bluewolf.com.mx /public_html/encuesta2/js/themes desktop.ini
2016.07.25 14:06 B C:\Users\redkey\Google Drive 2\newblue\encuesta_alex\cuestionario\js\themes\gray.js --> www.bluewolf.com.mx /public_html/encuesta2/js/themes gray.js
2016.07.25 14:06 B C:\Users\redkey\Google Drive 2\newblue\encuesta_alex\cuestionario\js\themes\grid-light.js --> www.bluewolf.com.mx /public_html/encuesta2/js/themes grid-light.js
2016.07.25 14:06 B C:\Users\redkey\Google Drive 2\newblue\encuesta_alex\cuestionario\js\themes\grid.js --> www.bluewolf.com.mx /public_html/encuesta2/js/themes grid.js
2016.07.25 14:06 B C:\Users\redkey\Google Drive 2\newblue\encuesta_alex\cuestionario\js\themes\sand-signika.js --> www.bluewolf.com.mx /public_html/encuesta2/js/themes sand-signika.js
2016.07.25 14:06 B C:\Users\redkey\Google Drive 2\newblue\encuesta_alex\cuestionario\js\themes\skies.js --> www.bluewolf.com.mx /public_html/encuesta2/js/themes skies.js
2016.07.25 14:06 B C:\Users\redkey\Google Drive 2\newblue\encuesta_alex\cuestionario\js\themes\WS_FTP.LOG --> www.bluewolf.com.mx /public_html/encuesta2/js/themes WS_FTP.LOG
2018.07.02 10:46 B C:\Users\redkey\Documents\Google Drive L\newblue\encuesta_alex\cuestionario\js\themes\dark-blue.js --> www.bluewolf.com.mx /public_html/Internacionalizacion/cuestionario/js/themes dark-blue.js
2018.07.02 10:46 B C:\Users\redkey\Documents\Google Drive L\newblue\encuesta_alex\cuestionario\js\themes\dark-green.js --> www.bluewolf.com.mx /public_html/Internacionalizacion/cuestionario/js/themes dark-green.js
2018.07.02 10:46 B C:\Users\redkey\Documents\Google Drive L\newblue\encuesta_alex\cuestionario\js\themes\dark-unica.js --> www.bluewolf.com.mx /public_html/Internacionalizacion/cuestionario/js/themes dark-unica.js
2018.07.02 10:46 B C:\Users\redkey\Documents\Google Drive L\newblue\encuesta_alex\cuestionario\js\themes\desktop.ini --> www.bluewolf.com.mx /public_html/Internacionalizacion/cuestionario/js/themes desktop.ini
2018.07.02 10:46 B C:\Users\redkey\Documents\Google Drive L\newblue\encuesta_alex\cuestionario\js\themes\gray.js --> www.bluewolf.com.mx /public_html/Internacionalizacion/cuestionario/js/themes gray.js
2018.07.02 10:46 B C:\Users\redkey\Documents\Google Drive L\newblue\encuesta_alex\cuestionario\js\themes\grid-light.js --> www.bluewolf.com.mx /public_html/Internacionalizacion/cuestionario/js/themes grid-light.js
2018.07.02 10:46 B C:\Users\redkey\Documents\Google Drive L\newblue\encuesta_alex\cuestionario\js\themes\grid.js --> www.bluewolf.com.mx /public_html/Internacionalizacion/cuestionario/js/themes grid.js
2018.07.02 10:46 B C:\Users\redkey\Documents\Google Drive L\newblue\encuesta_alex\cuestionario\js\themes\sand-signika.js --> www.bluewolf.com.mx /public_html/Internacionalizacion/cuestionario/js/themes sand-signika.js
2018.07.02 10:46 B C:\Users\redkey\Documents\Google Drive L\newblue\encuesta_alex\cuestionario\js\themes\skies.js --> www.bluewolf.com.mx /public_html/Internacionalizacion/cuestionario/js/themes skies.js
2018.07.02 10:46 B C:\Users\redkey\Documents\Google Drive L\newblue\encuesta_alex\cuestionario\js\themes\WS_FTP.LOG --> www.bluewolf.com.mx /public_html/Internacionalizacion/cuestionario/js/themes WS_FTP.LOG
2018.07.16 11:21 B C:\Users\redkey\Documents\Google Drive L\Internacionalizacion\cuestionario\js\themes\dark-blue.js --> www.bluewolf.com.mx /public_html/testinter/cuestionario/js/themes dark-blue.js
2018.07.16 11:21 B C:\Users\redkey\Documents\Google Drive L\Internacionalizacion\cuestionario\js\themes\dark-green.js --> www.bluewolf.com.mx /public_html/testinter/cuestionario/js/themes dark-green.js
2018.07.16 11:21 B C:\Users\redkey\Documents\Google Drive L\Internacionalizacion\cuestionario\js\themes\dark-unica.js --> www.bluewolf.com.mx /public_html/testinter/cuestionario/js/themes dark-unica.js
2018.07.16 11:21 B C:\Users\redkey\Documents\Google Drive L\Internacionalizacion\cuestionario\js\themes\gray.js --> www.bluewolf.com.mx /public_html/testinter/cuestionario/js/themes gray.js
2018.07.16 11:21 B C:\Users\redkey\Documents\Google Drive L\Internacionalizacion\cuestionario\js\themes\grid-light.js --> www.bluewolf.com.mx /public_html/testinter/cuestionario/js/themes grid-light.js
2018.07.16 11:21 B C:\Users\redkey\Documents\Google Drive L\Internacionalizacion\cuestionario\js\themes\grid.js --> www.bluewolf.com.mx /public_html/testinter/cuestionario/js/themes grid.js
2018.07.16 11:21 B C:\Users\redkey\Documents\Google Drive L\Internacionalizacion\cuestionario\js\themes\sand-signika.js --> www.bluewolf.com.mx /public_html/testinter/cuestionario/js/themes sand-signika.js
2018.07.16 11:21 B C:\Users\redkey\Documents\Google Drive L\Internacionalizacion\cuestionario\js\themes\skies.js --> www.bluewolf.com.mx /public_html/testinter/cuestionario/js/themes skies.js
2018.07.16 11:21 B C:\Users\redkey\Documents\Google Drive L\Internacionalizacion\cuestionario\js\themes\WS_FTP.LOG --> www.bluewolf.com.mx /public_html/testinter/cuestionario/js/themes WS_FTP.LOG
2018.08.02 12:03 B C:\Users\redkey\Documents\Google Drive L\Internacionalizacion\cuestionario\js\themes\WS_FTP.LOG --> www.bluewolf.com.mx /public_html/Internacionalizacion/cuestionario/js/themes WS_FTP.LOG
2018.08.02 12:04 B C:\Users\redkey\Documents\Google Drive L\Internacionalizacion\cuestionario\js\themes\WS_FTP.LOG --> www.bluewolf.com.mx /public_html/Internacionalizacion/cuestionario/js/themes WS_FTP.LOG
2018.09.11 12:57 B C:\Users\redkey\Documents\Repositorios\Relacion-Empresas\cuestionario\js\themes\dark-blue.js --> www.bluewolf.com.mx /public_html/admon/Test/cuestionario/js/themes dark-blue.js
2018.09.11 12:57 B C:\Users\redkey\Documents\Repositorios\Relacion-Empresas\cuestionario\js\themes\dark-green.js --> www.bluewolf.com.mx /public_html/admon/Test/cuestionario/js/themes dark-green.js
2018.09.11 12:57 B C:\Users\redkey\Documents\Repositorios\Relacion-Empresas\cuestionario\js\themes\dark-unica.js --> www.bluewolf.com.mx /public_html/admon/Test/cuestionario/js/themes dark-unica.js
2018.09.11 12:57 B C:\Users\redkey\Documents\Repositorios\Relacion-Empresas\cuestionario\js\themes\gray.js --> www.bluewolf.com.mx /public_html/admon/Test/cuestionario/js/themes gray.js
2018.09.11 12:57 B C:\Users\redkey\Documents\Repositorios\Relacion-Empresas\cuestionario\js\themes\grid-light.js --> www.bluewolf.com.mx /public_html/admon/Test/cuestionario/js/themes grid-light.js
2018.09.11 12:57 B C:\Users\redkey\Documents\Repositorios\Relacion-Empresas\cuestionario\js\themes\grid.js --> www.bluewolf.com.mx /public_html/admon/Test/cuestionario/js/themes grid.js
2018.09.11 12:57 B C:\Users\redkey\Documents\Repositorios\Relacion-Empresas\cuestionario\js\themes\sand-signika.js --> www.bluewolf.com.mx /public_html/admon/Test/cuestionario/js/themes sand-signika.js
2018.09.11 12:57 B C:\Users\redkey\Documents\Repositorios\Relacion-Empresas\cuestionario\js\themes\skies.js --> www.bluewolf.com.mx /public_html/admon/Test/cuestionario/js/themes skies.js
2018.09.11 12:57 B C:\Users\redkey\Documents\Repositorios\Relacion-Empresas\cuestionario\js\themes\WS_FTP.LOG --> www.bluewolf.com.mx /public_html/admon/Test/cuestionario/js/themes WS_FTP.LOG
